TN:
SF:source/lambda/custom-authorizer/rest-authorizer.ts
FN:40,(anonymous_0)
FNF:1
FNH:1
FNDA:3,(anonymous_0)
DA:15,1
DA:16,1
DA:22,1
DA:40,1
DA:41,3
DA:42,3
DA:43,3
DA:44,1
DA:47,2
DA:51,2
DA:53,1
DA:55,1
LF:12
LH:12
BRDA:42,0,0,1
BRDA:42,0,1,2
BRDA:42,1,0,3
BRDA:42,1,1,3
BRDA:43,2,0,1
BRF:5
BRH:5
end_of_record
TN:
SF:source/lambda/custom-authorizer/websocket-authorizer.ts
FN:40,(anonymous_0)
FNF:1
FNH:1
FNDA:3,(anonymous_0)
DA:15,1
DA:16,1
DA:22,1
DA:40,1
DA:41,3
DA:42,3
DA:43,3
DA:44,1
DA:47,2
DA:51,2
DA:53,1
DA:55,1
LF:12
LH:12
BRDA:42,0,0,1
BRDA:42,0,1,2
BRDA:42,1,0,3
BRDA:42,1,1,3
BRDA:43,2,0,1
BRF:5
BRH:5
end_of_record
TN:
SF:source/lambda/custom-authorizer/dist/rest-authorizer.d.ts
FNF:0
FNH:0
LF:0
LH:0
BRF:0
BRH:0
end_of_record
TN:
SF:source/lambda/custom-authorizer/dist/websocket-authorizer.d.ts
FNF:0
FNH:0
LF:0
LH:0
BRF:0
BRH:0
end_of_record
TN:
SF:source/lambda/custom-authorizer/dist/utils/get-policy.d.ts
FNF:0
FNH:0
LF:0
LH:0
BRF:0
BRH:0
end_of_record
TN:
SF:source/lambda/custom-authorizer/utils/get-policy.ts
FN:25,(anonymous_0)
FN:48,(anonymous_1)
FN:84,(anonymous_2)
FN:92,(anonymous_3)
FNF:4
FNH:4
FNDA:3,(anonymous_0)
FNDA:7,(anonymous_1)
FNDA:7,(anonymous_2)
FNDA:11,(anonymous_3)
DA:14,2
DA:15,2
DA:18,2
DA:25,2
DA:26,3
DA:48,2
DA:49,7
DA:50,7
DA:51,7
DA:52,7
DA:54,7
DA:55,6
DA:56,6
DA:57,8
DA:58,8
DA:60,1
DA:63,6
DA:74,1
DA:84,2
DA:85,7
DA:86,7
DA:88,7
DA:93,11
DA:100,7
LF:24
LH:24
BRDA:54,0,0,6
BRDA:54,1,0,7
BRDA:54,1,1,6
BRDA:54,1,2,6
BRF:4
BRH:4
end_of_record
