{"/codebuild/output/src2291302061/src/source/ui-deployment/src/components/commons/breadcrumbs.js": {"path":"/codebuild/output/src2291302061/src/source/ui-deployment/src/components/commons/breadcrumbs.js","statementMap":{"0":{"start":{"line":14,"column":36},"end":{"line":19,"column":1}}},"fnMap":{},"branchMap":{},"s":{"0":2},"f":{},"b":{},"_coverageSchema":"1a1c01bbd47fc00a2c39e90264f33305004495a9","hash":"3d2c94a05fb5f888977f4df8e7d99a6aac232994"}
,"/codebuild/output/src2291302061/src/source/ui-deployment/src/components/commons/columnDefinitionsHelper.js": {"path":"/codebuild/output/src2291302061/src/source/ui-deployment/src/components/commons/columnDefinitionsHelper.js","statementMap":{"0":{"start":{"line":14,"column":38},"end":{"line":21,"column":6}},"1":{"start":{"line":15,"column":4},"end":{"line":21,"column":6}},"2":{"start":{"line":16,"column":23},"end":{"line":16,"column":74}},"3":{"start":{"line":16,"column":53},"end":{"line":16,"column":73}},"4":{"start":{"line":17,"column":8},"end":{"line":20,"column":10}},"5":{"start":{"line":23,"column":42},"end":{"line":27,"column":7}},"6":{"start":{"line":24,"column":4},"end":{"line":27,"column":7}},"7":{"start":{"line":24,"column":42},"end":{"line":27,"column":5}}},"fnMap":{"0":{"name":"(anonymous_0)","decl":{"start":{"line":14,"column":38},"end":{"line":14,"column":39}},"loc":{"start":{"line":15,"column":4},"end":{"line":21,"column":6}},"line":15},"1":{"name":"(anonymous_1)","decl":{"start":{"line":15,"column":26},"end":{"line":15,"column":27}},"loc":{"start":{"line":15,"column":38},"end":{"line":21,"column":5}},"line":15},"2":{"name":"(anonymous_2)","decl":{"start":{"line":16,"column":44},"end":{"line":16,"column":45}},"loc":{"start":{"line":16,"column":53},"end":{"line":16,"column":73}},"line":16},"3":{"name":"(anonymous_3)","decl":{"start":{"line":23,"column":42},"end":{"line":23,"column":43}},"loc":{"start":{"line":24,"column":4},"end":{"line":27,"column":7}},"line":24},"4":{"name":"(anonymous_4)","decl":{"start":{"line":24,"column":26},"end":{"line":24,"column":27}},"loc":{"start":{"line":24,"column":42},"end":{"line":27,"column":5}},"line":24}},"branchMap":{"0":{"loc":{"start":{"line":16,"column":24},"end":{"line":16,"column":37}},"type":"binary-expr","locations":[{"start":{"line":16,"column":24},"end":{"line":16,"column":31}},{"start":{"line":16,"column":35},"end":{"line":16,"column":37}}],"line":16},"1":{"loc":{"start":{"line":19,"column":28},"end":{"line":19,"column":84}},"type":"binary-expr","locations":[{"start":{"line":19,"column":29},"end":{"line":19,"column":35}},{"start":{"line":19,"column":39},"end":{"line":19,"column":59}},{"start":{"line":19,"column":64},"end":{"line":19,"column":84}}],"line":19}},"s":{"0":2,"1":8,"2":48,"3":0,"4":48,"5":2,"6":0,"7":0},"f":{"0":8,"1":48,"2":0,"3":0,"4":0},"b":{"0":[48,48],"1":[48,0,48]},"_coverageSchema":"1a1c01bbd47fc00a2c39e90264f33305004495a9","hash":"3c4e0971290994fff2e276ac1442282938f6ff60"}
,"/codebuild/output/src2291302061/src/source/ui-deployment/src/components/commons/common-components.jsx": {"path":"/codebuild/output/src2291302061/src/source/ui-deployment/src/components/commons/common-components.jsx","statementMap":{"0":{"start":{"line":21,"column":31},"end":{"line":23,"column":2}},"1":{"start":{"line":22,"column":4},"end":{"line":22,"column":79}},"2":{"start":{"line":25,"column":31},"end":{"line":37,"column":1}},"3":{"start":{"line":26,"column":4},"end":{"line":36,"column":10}},"4":{"start":{"line":39,"column":33},"end":{"line":51,"column":1}},"5":{"start":{"line":40,"column":4},"end":{"line":50,"column":10}}},"fnMap":{"0":{"name":"(anonymous_0)","decl":{"start":{"line":21,"column":42},"end":{"line":21,"column":43}},"loc":{"start":{"line":21,"column":58},"end":{"line":23,"column":1}},"line":21},"1":{"name":"(anonymous_1)","decl":{"start":{"line":25,"column":31},"end":{"line":25,"column":32}},"loc":{"start":{"line":26,"column":4},"end":{"line":36,"column":10}},"line":26},"2":{"name":"(anonymous_2)","decl":{"start":{"line":39,"column":33},"end":{"line":39,"column":34}},"loc":{"start":{"line":40,"column":4},"end":{"line":50,"column":10}},"line":40}},"branchMap":{},"s":{"0":8,"1":9,"2":8,"3":0,"4":8,"5":7},"f":{"0":9,"1":0,"2":7},"b":{},"_coverageSchema":"1a1c01bbd47fc00a2c39e90264f33305004495a9","hash":"d6b62cf22065e0782e34392311510aeddfc26a48"}
,"/codebuild/output/src2291302061/src/source/ui-deployment/src/components/commons/delete-modal.jsx": {"path":"/codebuild/output/src2291302061/src/source/ui-deployment/src/components/commons/delete-modal.jsx","statementMap":{"0":{"start":{"line":23,"column":31},"end":{"line":31,"column":1}},"1":{"start":{"line":24,"column":4},"end":{"line":30,"column":5}},"2":{"start":{"line":25,"column":8},"end":{"line":25,"column":71}},"3":{"start":{"line":26,"column":8},"end":{"line":26,"column":70}},"4":{"start":{"line":27,"column":8},"end":{"line":27,"column":71}},"5":{"start":{"line":29,"column":8},"end":{"line":29,"column":71}},"6":{"start":{"line":34,"column":52},"end":{"line":34,"column":67}},"7":{"start":{"line":35,"column":58},"end":{"line":35,"column":70}},"8":{"start":{"line":36,"column":39},"end":{"line":36,"column":62}},"9":{"start":{"line":37,"column":21},"end":{"line":37,"column":34}},"10":{"start":{"line":39,"column":36},"end":{"line":43,"column":5}},"11":{"start":{"line":40,"column":8},"end":{"line":40,"column":35}},"12":{"start":{"line":41,"column":8},"end":{"line":41,"column":36}},"13":{"start":{"line":42,"column":8},"end":{"line":42,"column":20}},"14":{"start":{"line":45,"column":4},"end":{"line":56,"column":7}},"15":{"start":{"line":46,"column":8},"end":{"line":55,"column":9}},"16":{"start":{"line":47,"column":12},"end":{"line":54,"column":38}},"17":{"start":{"line":48,"column":16},"end":{"line":48,"column":42}},"18":{"start":{"line":49,"column":16},"end":{"line":52,"column":19}},"19":{"start":{"line":53,"column":16},"end":{"line":53,"column":30}},"20":{"start":{"line":59,"column":8},"end":{"line":60,"column":70}},"21":{"start":{"line":62,"column":4},"end":{"line":130,"column":6}},"22":{"start":{"line":79,"column":40},"end":{"line":79,"column":102}},"23":{"start":{"line":107,"column":58},"end":{"line":107,"column":94}}},"fnMap":{"0":{"name":"(anonymous_0)","decl":{"start":{"line":23,"column":31},"end":{"line":23,"column":32}},"loc":{"start":{"line":23,"column":94},"end":{"line":31,"column":1}},"line":23},"1":{"name":"DeleteDeploymentModal","decl":{"start":{"line":33,"column":16},"end":{"line":33,"column":37}},"loc":{"start":{"line":33,"column":84},"end":{"line":131,"column":1}},"line":33},"2":{"name":"(anonymous_2)","decl":{"start":{"line":39,"column":36},"end":{"line":39,"column":37}},"loc":{"start":{"line":39,"column":42},"end":{"line":43,"column":5}},"line":39},"3":{"name":"(anonymous_3)","decl":{"start":{"line":45,"column":14},"end":{"line":45,"column":15}},"loc":{"start":{"line":45,"column":20},"end":{"line":56,"column":5}},"line":45},"4":{"name":"(anonymous_4)","decl":{"start":{"line":47,"column":23},"end":{"line":47,"column":24}},"loc":{"start":{"line":47,"column":29},"end":{"line":54,"column":13}},"line":47},"5":{"name":"(anonymous_5)","decl":{"start":{"line":78,"column":45},"end":{"line":78,"column":46}},"loc":{"start":{"line":78,"column":51},"end":{"line":80,"column":37}},"line":78},"6":{"name":"(anonymous_6)","decl":{"start":{"line":107,"column":42},"end":{"line":107,"column":43}},"loc":{"start":{"line":107,"column":58},"end":{"line":107,"column":94}},"line":107}},"branchMap":{"0":{"loc":{"start":{"line":46,"column":8},"end":{"line":55,"column":9}},"type":"if","locations":[{"start":{"line":46,"column":8},"end":{"line":55,"column":9}},{"start":{},"end":{}}],"line":46},"1":{"loc":{"start":{"line":59,"column":8},"end":{"line":60,"column":70}},"type":"binary-expr","locations":[{"start":{"line":59,"column":8},"end":{"line":59,"column":70}},{"start":{"line":60,"column":8},"end":{"line":60,"column":70}}],"line":59},"2":{"loc":{"start":{"line":63,"column":8},"end":{"line":129,"column":9}},"type":"binary-expr","locations":[{"start":{"line":63,"column":8},"end":{"line":63,"column":18}},{"start":{"line":64,"column":12},"end":{"line":128,"column":18}}],"line":63},"3":{"loc":{"start":{"line":91,"column":21},"end":{"line":126,"column":21}},"type":"binary-expr","locations":[{"start":{"line":91,"column":21},"end":{"line":91,"column":39}},{"start":{"line":92,"column":24},"end":{"line":125,"column":39}}],"line":91}},"s":{"0":4,"1":1,"2":1,"3":1,"4":1,"5":0,"6":28,"7":28,"8":28,"9":28,"10":28,"11":0,"12":0,"13":0,"14":28,"15":28,"16":1,"17":0,"18":0,"19":0,"20":28,"21":28,"22":1,"23":0},"f":{"0":1,"1":28,"2":0,"3":28,"4":0,"5":1,"6":0},"b":{"0":[1,27],"1":[28,27],"2":[28,13],"3":[13,13]},"_coverageSchema":"1a1c01bbd47fc00a2c39e90264f33305004495a9","hash":"af68568869389ba7b4ee4a38bdfc451f3c220ed3"}
,"/codebuild/output/src2291302061/src/source/ui-deployment/src/components/commons/delete-notifications.tsx": {"path":"/codebuild/output/src2291302061/src/source/ui-deployment/src/components/commons/delete-notifications.tsx","statementMap":{"0":{"start":{"line":19,"column":40},"end":{"line":19,"column":55}},"1":{"start":{"line":21,"column":66},"end":{"line":21,"column":68}},"2":{"start":{"line":22,"column":27},"end":{"line":22,"column":34}},"3":{"start":{"line":24,"column":4},"end":{"line":54,"column":5}},"4":{"start":{"line":25,"column":8},"end":{"line":33,"column":11}},"5":{"start":{"line":31,"column":29},"end":{"line":31,"column":47}},"6":{"start":{"line":34,"column":11},"end":{"line":54,"column":5}},"7":{"start":{"line":35,"column":8},"end":{"line":43,"column":11}},"8":{"start":{"line":44,"column":11},"end":{"line":54,"column":5}},"9":{"start":{"line":45,"column":8},"end":{"line":53,"column":11}},"10":{"start":{"line":56,"column":4},"end":{"line":56,"column":25}},"11":{"start":{"line":64,"column":26},"end":{"line":64,"column":50}},"12":{"start":{"line":65,"column":4},"end":{"line":65,"column":46}}},"fnMap":{"0":{"name":"useNotifications","decl":{"start":{"line":18,"column":9},"end":{"line":18,"column":25}},"loc":{"start":{"line":18,"column":39},"end":{"line":57,"column":1}},"line":18},"1":{"name":"(anonymous_1)","decl":{"start":{"line":31,"column":23},"end":{"line":31,"column":24}},"loc":{"start":{"line":31,"column":29},"end":{"line":31,"column":47}},"line":31},"2":{"name":"DeleteNotifications","decl":{"start":{"line":63,"column":16},"end":{"line":63,"column":35}},"loc":{"start":{"line":63,"column":74},"end":{"line":66,"column":1}},"line":63}},"branchMap":{"0":{"loc":{"start":{"line":18,"column":26},"end":{"line":18,"column":37}},"type":"default-arg","locations":[{"start":{"line":18,"column":35},"end":{"line":18,"column":37}}],"line":18},"1":{"loc":{"start":{"line":24,"column":4},"end":{"line":54,"column":5}},"type":"if","locations":[{"start":{"line":24,"column":4},"end":{"line":54,"column":5}},{"start":{"line":34,"column":11},"end":{"line":54,"column":5}}],"line":24},"2":{"loc":{"start":{"line":24,"column":8},"end":{"line":24,"column":73}},"type":"binary-expr","locations":[{"start":{"line":24,"column":8},"end":{"line":24,"column":57}},{"start":{"line":24,"column":61},"end":{"line":24,"column":73}}],"line":24},"3":{"loc":{"start":{"line":34,"column":11},"end":{"line":54,"column":5}},"type":"if","locations":[{"start":{"line":34,"column":11},"end":{"line":54,"column":5}},{"start":{"line":44,"column":11},"end":{"line":54,"column":5}}],"line":34},"4":{"loc":{"start":{"line":34,"column":15},"end":{"line":34,"column":80}},"type":"binary-expr","locations":[{"start":{"line":34,"column":15},"end":{"line":34,"column":64}},{"start":{"line":34,"column":68},"end":{"line":34,"column":80}}],"line":34},"5":{"loc":{"start":{"line":44,"column":11},"end":{"line":54,"column":5}},"type":"if","locations":[{"start":{"line":44,"column":11},"end":{"line":54,"column":5}},{"start":{},"end":{}}],"line":44},"6":{"loc":{"start":{"line":44,"column":15},"end":{"line":44,"column":80}},"type":"binary-expr","locations":[{"start":{"line":44,"column":15},"end":{"line":44,"column":64}},{"start":{"line":44,"column":68},"end":{"line":44,"column":80}}],"line":44}},"s":{"0":13,"1":13,"2":13,"3":13,"4":1,"5":0,"6":12,"7":0,"8":12,"9":1,"10":13,"11":13,"12":13},"f":{"0":13,"1":0,"2":13},"b":{"0":[0],"1":[1,12],"2":[13,1],"3":[0,12],"4":[12,0],"5":[1,11],"6":[12,1]},"_coverageSchema":"1a1c01bbd47fc00a2c39e90264f33305004495a9","hash":"665ebab23b2851076f0817331bd00e659cee8bb1"}
,"/codebuild/output/src2291302061/src/source/ui-deployment/src/components/commons/deploy-confirmation-modal.jsx": {"path":"/codebuild/output/src2291302061/src/source/ui-deployment/src/components/commons/deploy-confirmation-modal.jsx","statementMap":{"0":{"start":{"line":23,"column":8},"end":{"line":23,"column":31}},"1":{"start":{"line":25,"column":30},"end":{"line":28,"column":5}},"2":{"start":{"line":26,"column":8},"end":{"line":26,"column":20}},"3":{"start":{"line":27,"column":8},"end":{"line":27,"column":20}},"4":{"start":{"line":30,"column":37},"end":{"line":30,"column":91}},"5":{"start":{"line":32,"column":4},"end":{"line":94,"column":6}}},"fnMap":{"0":{"name":"ConfirmDeployModal","decl":{"start":{"line":20,"column":16},"end":{"line":20,"column":34}},"loc":{"start":{"line":20,"column":110},"end":{"line":95,"column":1}},"line":20},"1":{"name":"(anonymous_1)","decl":{"start":{"line":25,"column":30},"end":{"line":25,"column":31}},"loc":{"start":{"line":25,"column":36},"end":{"line":28,"column":5}},"line":25}},"branchMap":{"0":{"loc":{"start":{"line":30,"column":37},"end":{"line":30,"column":91}},"type":"cond-expr","locations":[{"start":{"line":30,"column":79},"end":{"line":30,"column":83}},{"start":{"line":30,"column":86},"end":{"line":30,"column":91}}],"line":30},"1":{"loc":{"start":{"line":33,"column":8},"end":{"line":93,"column":9}},"type":"binary-expr","locations":[{"start":{"line":33,"column":8},"end":{"line":33,"column":15}},{"start":{"line":34,"column":12},"end":{"line":92,"column":20}}],"line":33},"2":{"loc":{"start":{"line":59,"column":25},"end":{"line":80,"column":25}},"type":"binary-expr","locations":[{"start":{"line":59,"column":25},"end":{"line":59,"column":49}},{"start":{"line":60,"column":28},"end":{"line":79,"column":36}}],"line":59},"3":{"loc":{"start":{"line":81,"column":25},"end":{"line":85,"column":25}},"type":"binary-expr","locations":[{"start":{"line":81,"column":25},"end":{"line":81,"column":45}},{"start":{"line":82,"column":28},"end":{"line":84,"column":36}}],"line":81},"4":{"loc":{"start":{"line":87,"column":25},"end":{"line":89,"column":25}},"type":"binary-expr","locations":[{"start":{"line":87,"column":25},"end":{"line":87,"column":50}},{"start":{"line":87,"column":54},"end":{"line":87,"column":75}},{"start":{"line":88,"column":28},"end":{"line":88,"column":88}}],"line":87}},"s":{"0":133,"1":133,"2":1,"3":1,"4":133,"5":133},"f":{"0":133,"1":1},"b":{"0":[133,0],"1":[133,1],"2":[1,1],"3":[1,1],"4":[1,0,0]},"_coverageSchema":"1a1c01bbd47fc00a2c39e90264f33305004495a9","hash":"aebba70d0245b4b1820de53d7562358c858244b5"}
,"/codebuild/output/src2291302061/src/source/ui-deployment/src/components/commons/external-link-group.tsx": {"path":"/codebuild/output/src2291302061/src/source/ui-deployment/src/components/commons/external-link-group.tsx","statementMap":{"0":{"start":{"line":34,"column":20},"end":{"line":34,"column":40}},"1":{"start":{"line":37,"column":4},"end":{"line":41,"column":6}},"2":{"start":{"line":51,"column":8},"end":{"line":53,"column":15}},"3":{"start":{"line":56,"column":24},"end":{"line":56,"column":40}},"4":{"start":{"line":58,"column":4},"end":{"line":75,"column":5}},"5":{"start":{"line":59,"column":8},"end":{"line":74,"column":10}},"6":{"start":{"line":70,"column":24},"end":{"line":70,"column":110}},"7":{"start":{"line":77,"column":4},"end":{"line":90,"column":6}},"8":{"start":{"line":86,"column":24},"end":{"line":86,"column":119}}},"fnMap":{"0":{"name":"ExternalLinkItem","decl":{"start":{"line":36,"column":9},"end":{"line":36,"column":25}},"loc":{"start":{"line":36,"column":65},"end":{"line":42,"column":1}},"line":36},"1":{"name":"ExternalLinkGroup","decl":{"start":{"line":44,"column":16},"end":{"line":44,"column":33}},"loc":{"start":{"line":49,"column":27},"end":{"line":91,"column":1}},"line":49},"2":{"name":"(anonymous_2)","decl":{"start":{"line":69,"column":37},"end":{"line":69,"column":38}},"loc":{"start":{"line":70,"column":24},"end":{"line":70,"column":110}},"line":70},"3":{"name":"(anonymous_3)","decl":{"start":{"line":84,"column":20},"end":{"line":84,"column":21}},"loc":{"start":{"line":86,"column":24},"end":{"line":86,"column":119}},"line":86}},"branchMap":{"0":{"loc":{"start":{"line":45,"column":4},"end":{"line":45,"column":25}},"type":"default-arg","locations":[{"start":{"line":45,"column":13},"end":{"line":45,"column":25}}],"line":45},"1":{"loc":{"start":{"line":48,"column":4},"end":{"line":48,"column":23}},"type":"default-arg","locations":[{"start":{"line":48,"column":14},"end":{"line":48,"column":23}}],"line":48},"2":{"loc":{"start":{"line":58,"column":4},"end":{"line":75,"column":5}},"type":"if","locations":[{"start":{"line":58,"column":4},"end":{"line":75,"column":5}},{"start":{},"end":{}}],"line":58}},"s":{"0":8,"1":25,"2":24,"3":24,"4":24,"5":0,"6":0,"7":24,"8":25},"f":{"0":25,"1":24,"2":0,"3":25},"b":{"0":[24],"1":[24],"2":[0,24]},"_coverageSchema":"1a1c01bbd47fc00a2c39e90264f33305004495a9","hash":"10e6ef9c2c1c68bfc4bccb6d94d1209f47b813f4"}
,"/codebuild/output/src2291302061/src/source/ui-deployment/src/components/commons/external-link-warning-modal.jsx": {"path":"/codebuild/output/src2291302061/src/source/ui-deployment/src/components/commons/external-link-warning-modal.jsx","statementMap":{"0":{"start":{"line":17,"column":4},"end":{"line":51,"column":6}}},"fnMap":{"0":{"name":"ExternalLinkWarningModal","decl":{"start":{"line":16,"column":16},"end":{"line":16,"column":40}},"loc":{"start":{"line":16,"column":93},"end":{"line":52,"column":1}},"line":16}},"branchMap":{"0":{"loc":{"start":{"line":18,"column":8},"end":{"line":50,"column":9}},"type":"binary-expr","locations":[{"start":{"line":18,"column":8},"end":{"line":18,"column":15}},{"start":{"line":19,"column":12},"end":{"line":49,"column":20}}],"line":18}},"s":{"0":12},"f":{"0":12},"b":{"0":[12,1]},"_coverageSchema":"1a1c01bbd47fc00a2c39e90264f33305004495a9","hash":"e7adb7fc33590e5d816eda581b472d3bab531fb1"}
,"/codebuild/output/src2291302061/src/source/ui-deployment/src/components/commons/external-link.tsx": {"path":"/codebuild/output/src2291302061/src/source/ui-deployment/src/components/commons/external-link.tsx","statementMap":{"0":{"start":{"line":18,"column":4},"end":{"line":18,"column":115}}},"fnMap":{"0":{"name":"ExternalLink","decl":{"start":{"line":17,"column":16},"end":{"line":17,"column":28}},"loc":{"start":{"line":17,"column":47},"end":{"line":19,"column":1}},"line":17}},"branchMap":{},"s":{"0":0},"f":{"0":0},"b":{},"_coverageSchema":"1a1c01bbd47fc00a2c39e90264f33305004495a9","hash":"7461c2236593b195ffceb18e1f226c11f05aefbb"}
,"/codebuild/output/src2291302061/src/source/ui-deployment/src/components/commons/full-page-header.tsx": {"path":"/codebuild/output/src2291302061/src/source/ui-deployment/src/components/commons/full-page-header.tsx","statementMap":{"0":{"start":{"line":44,"column":21},"end":{"line":44,"column":34}},"1":{"start":{"line":49,"column":8},"end":{"line":49,"column":31}},"2":{"start":{"line":52,"column":8},"end":{"line":55,"column":11}},"3":{"start":{"line":56,"column":8},"end":{"line":56,"column":40}},"4":{"start":{"line":60,"column":8},"end":{"line":63,"column":11}},"5":{"start":{"line":64,"column":8},"end":{"line":67,"column":11}},"6":{"start":{"line":68,"column":8},"end":{"line":68,"column":32}},"7":{"start":{"line":72,"column":8},"end":{"line":75,"column":11}},"8":{"start":{"line":76,"column":8},"end":{"line":79,"column":11}},"9":{"start":{"line":80,"column":8},"end":{"line":80,"column":32}},"10":{"start":{"line":84,"column":8},"end":{"line":87,"column":11}},"11":{"start":{"line":88,"column":8},"end":{"line":91,"column":11}},"12":{"start":{"line":92,"column":8},"end":{"line":92,"column":32}},"13":{"start":{"line":95,"column":36},"end":{"line":95,"column":90}},"14":{"start":{"line":98,"column":8},"end":{"line":99,"column":70}},"15":{"start":{"line":101,"column":26},"end":{"line":111,"column":5}},"16":{"start":{"line":102,"column":8},"end":{"line":105,"column":11}},"17":{"start":{"line":106,"column":8},"end":{"line":106,"column":29}},"18":{"start":{"line":107,"column":8},"end":{"line":110,"column":11}},"19":{"start":{"line":113,"column":4},"end":{"line":121,"column":11}},"20":{"start":{"line":114,"column":8},"end":{"line":114,"column":63}},"21":{"start":{"line":115,"column":8},"end":{"line":120,"column":10}},"22":{"start":{"line":116,"column":12},"end":{"line":119,"column":15}},"23":{"start":{"line":123,"column":4},"end":{"line":168,"column":6}},"24":{"start":{"line":132,"column":39},"end":{"line":132,"column":66}},"25":{"start":{"line":139,"column":39},"end":{"line":139,"column":66}},"26":{"start":{"line":146,"column":39},"end":{"line":146,"column":67}},"27":{"start":{"line":156,"column":39},"end":{"line":156,"column":68}}},"fnMap":{"0":{"name":"FullPageHeader","decl":{"start":{"line":33,"column":16},"end":{"line":33,"column":30}},"loc":{"start":{"line":43,"column":24},"end":{"line":169,"column":1}},"line":43},"1":{"name":"handleOnDeploymentIdClick","decl":{"start":{"line":51,"column":13},"end":{"line":51,"column":38}},"loc":{"start":{"line":51,"column":41},"end":{"line":57,"column":5}},"line":51},"2":{"name":"handleEditDeploymentClick","decl":{"start":{"line":59,"column":13},"end":{"line":59,"column":38}},"loc":{"start":{"line":59,"column":41},"end":{"line":69,"column":5}},"line":59},"3":{"name":"handleCloneDeploymentClick","decl":{"start":{"line":71,"column":13},"end":{"line":71,"column":39}},"loc":{"start":{"line":71,"column":42},"end":{"line":81,"column":5}},"line":71},"4":{"name":"handleCreateDeploymentClick","decl":{"start":{"line":83,"column":13},"end":{"line":83,"column":40}},"loc":{"start":{"line":83,"column":43},"end":{"line":93,"column":5}},"line":83},"5":{"name":"(anonymous_5)","decl":{"start":{"line":101,"column":26},"end":{"line":101,"column":27}},"loc":{"start":{"line":101,"column":32},"end":{"line":111,"column":5}},"line":101},"6":{"name":"(anonymous_6)","decl":{"start":{"line":113,"column":14},"end":{"line":113,"column":15}},"loc":{"start":{"line":113,"column":20},"end":{"line":121,"column":5}},"line":113},"7":{"name":"(anonymous_7)","decl":{"start":{"line":115,"column":15},"end":{"line":115,"column":16}},"loc":{"start":{"line":115,"column":21},"end":{"line":120,"column":9}},"line":115},"8":{"name":"(anonymous_8)","decl":{"start":{"line":132,"column":33},"end":{"line":132,"column":34}},"loc":{"start":{"line":132,"column":39},"end":{"line":132,"column":66}},"line":132},"9":{"name":"(anonymous_9)","decl":{"start":{"line":139,"column":33},"end":{"line":139,"column":34}},"loc":{"start":{"line":139,"column":39},"end":{"line":139,"column":66}},"line":139},"10":{"name":"(anonymous_10)","decl":{"start":{"line":146,"column":33},"end":{"line":146,"column":34}},"loc":{"start":{"line":146,"column":39},"end":{"line":146,"column":67}},"line":146},"11":{"name":"(anonymous_11)","decl":{"start":{"line":156,"column":33},"end":{"line":156,"column":34}},"loc":{"start":{"line":156,"column":39},"end":{"line":156,"column":68}},"line":156}},"branchMap":{"0":{"loc":{"start":{"line":34,"column":4},"end":{"line":34,"column":25}},"type":"default-arg","locations":[{"start":{"line":34,"column":12},"end":{"line":34,"column":25}}],"line":34},"1":{"loc":{"start":{"line":35,"column":4},"end":{"line":35,"column":44}},"type":"default-arg","locations":[{"start":{"line":35,"column":23},"end":{"line":35,"column":44}}],"line":35},"2":{"loc":{"start":{"line":36,"column":4},"end":{"line":36,"column":23}},"type":"default-arg","locations":[{"start":{"line":36,"column":19},"end":{"line":36,"column":23}}],"line":36},"3":{"loc":{"start":{"line":98,"column":8},"end":{"line":99,"column":70}},"type":"binary-expr","locations":[{"start":{"line":98,"column":8},"end":{"line":98,"column":70}},{"start":{"line":99,"column":8},"end":{"line":99,"column":70}}],"line":98},"4":{"loc":{"start":{"line":126,"column":18},"end":{"line":126,"column":118}},"type":"binary-expr","locations":[{"start":{"line":126,"column":18},"end":{"line":126,"column":33}},{"start":{"line":126,"column":37},"end":{"line":126,"column":118}}],"line":126},"5":{"loc":{"start":{"line":141,"column":34},"end":{"line":141,"column":78}},"type":"binary-expr","locations":[{"start":{"line":141,"column":34},"end":{"line":141,"column":48}},{"start":{"line":141,"column":52},"end":{"line":141,"column":78}}],"line":141}},"s":{"0":21,"1":21,"2":1,"3":1,"4":1,"5":1,"6":1,"7":1,"8":1,"9":1,"10":1,"11":1,"12":1,"13":21,"14":21,"15":21,"16":0,"17":0,"18":0,"19":21,"20":7,"21":7,"22":7,"23":21,"24":1,"25":1,"26":1,"27":1},"f":{"0":21,"1":1,"2":1,"3":1,"4":1,"5":0,"6":7,"7":7,"8":1,"9":1,"10":1,"11":1},"b":{"0":[21],"1":[21],"2":[21],"3":[21,3],"4":[21,21],"5":[21,18]},"_coverageSchema":"1a1c01bbd47fc00a2c39e90264f33305004495a9","hash":"a02b93ecf62bd81c93ec43ae094fe12ef7eb0c82"}
,"/codebuild/output/src2291302061/src/source/ui-deployment/src/components/commons/index.ts": {"path":"/codebuild/output/src2291302061/src/source/ui-deployment/src/components/commons/index.ts","statementMap":{},"fnMap":{},"branchMap":{},"s":{},"f":{},"b":{},"_coverageSchema":"1a1c01bbd47fc00a2c39e90264f33305004495a9","hash":"9e15e6a6097edca166d6d9b93fe5dc47d5cb6820"}
,"/codebuild/output/src2291302061/src/source/ui-deployment/src/components/commons/info-link.tsx": {"path":"/codebuild/output/src2291302061/src/source/ui-deployment/src/components/commons/info-link.tsx","statementMap":{"0":{"start":{"line":22,"column":24},"end":{"line":26,"column":1}},"1":{"start":{"line":23,"column":4},"end":{"line":25,"column":11}}},"fnMap":{"0":{"name":"(anonymous_0)","decl":{"start":{"line":22,"column":24},"end":{"line":22,"column":25}},"loc":{"start":{"line":23,"column":4},"end":{"line":25,"column":11}},"line":23}},"branchMap":{},"s":{"0":8,"1":623},"f":{"0":623},"b":{},"_coverageSchema":"1a1c01bbd47fc00a2c39e90264f33305004495a9","hash":"c90646dae869a5e1f3e771c70f728a2c32595005"}
,"/codebuild/output/src2291302061/src/source/ui-deployment/src/components/commons/localStorage.ts": {"path":"/codebuild/output/src2291302061/src/source/ui-deployment/src/components/commons/localStorage.ts","statementMap":{"0":{"start":{"line":14,"column":20},"end":{"line":14,"column":97}},"1":{"start":{"line":14,"column":49},"end":{"line":14,"column":97}},"2":{"start":{"line":16,"column":22},"end":{"line":16,"column":67}},"3":{"start":{"line":16,"column":39},"end":{"line":16,"column":67}},"4":{"start":{"line":18,"column":20},"end":{"line":28,"column":1}},"5":{"start":{"line":19,"column":18},"end":{"line":19,"column":43}},"6":{"start":{"line":20,"column":4},"end":{"line":27,"column":5}},"7":{"start":{"line":21,"column":8},"end":{"line":21,"column":42}},"8":{"start":{"line":23,"column":8},"end":{"line":25,"column":10}},"9":{"start":{"line":26,"column":8},"end":{"line":26,"column":25}}},"fnMap":{"0":{"name":"(anonymous_0)","decl":{"start":{"line":14,"column":20},"end":{"line":14,"column":21}},"loc":{"start":{"line":14,"column":49},"end":{"line":14,"column":97}},"line":14},"1":{"name":"(anonymous_1)","decl":{"start":{"line":16,"column":22},"end":{"line":16,"column":23}},"loc":{"start":{"line":16,"column":39},"end":{"line":16,"column":67}},"line":16},"2":{"name":"(anonymous_2)","decl":{"start":{"line":18,"column":20},"end":{"line":18,"column":21}},"loc":{"start":{"line":18,"column":37},"end":{"line":28,"column":1}},"line":18}},"branchMap":{"0":{"loc":{"start":{"line":21,"column":15},"end":{"line":21,"column":41}},"type":"binary-expr","locations":[{"start":{"line":21,"column":15},"end":{"line":21,"column":20}},{"start":{"line":21,"column":24},"end":{"line":21,"column":41}}],"line":21}},"s":{"0":2,"1":0,"2":2,"3":0,"4":2,"5":15,"6":15,"7":15,"8":0,"9":0},"f":{"0":0,"1":0,"2":15},"b":{"0":[15,0]},"_coverageSchema":"1a1c01bbd47fc00a2c39e90264f33305004495a9","hash":"784f9bc225b739aa7c63c5ddc0e98fdfa5b60001"}
,"/codebuild/output/src2291302061/src/source/ui-deployment/src/components/commons/navigation.tsx": {"path":"/codebuild/output/src2291302061/src/source/ui-deployment/src/components/commons/navigation.tsx","statementMap":{"0":{"start":{"line":16,"column":18},"end":{"line":16,"column":75}},"1":{"start":{"line":17,"column":54},"end":{"line":23,"column":1}},"2":{"start":{"line":25,"column":64},"end":{"line":28,"column":1}},"3":{"start":{"line":27,"column":4},"end":{"line":27,"column":27}},"4":{"start":{"line":43,"column":4},"end":{"line":43,"column":111}}},"fnMap":{"0":{"name":"(anonymous_0)","decl":{"start":{"line":25,"column":64},"end":{"line":25,"column":65}},"loc":{"start":{"line":25,"column":75},"end":{"line":28,"column":1}},"line":25},"1":{"name":"Navigation","decl":{"start":{"line":37,"column":16},"end":{"line":37,"column":26}},"loc":{"start":{"line":42,"column":20},"end":{"line":44,"column":1}},"line":42}},"branchMap":{"0":{"loc":{"start":{"line":39,"column":4},"end":{"line":39,"column":22}},"type":"default-arg","locations":[{"start":{"line":39,"column":13},"end":{"line":39,"column":22}}],"line":39},"1":{"loc":{"start":{"line":40,"column":4},"end":{"line":40,"column":20}},"type":"default-arg","locations":[{"start":{"line":40,"column":12},"end":{"line":40,"column":20}}],"line":40},"2":{"loc":{"start":{"line":41,"column":4},"end":{"line":41,"column":44}},"type":"default-arg","locations":[{"start":{"line":41,"column":22},"end":{"line":41,"column":44}}],"line":41}},"s":{"0":8,"1":8,"2":8,"3":0,"4":145},"f":{"0":0,"1":145},"b":{"0":[145],"1":[145],"2":[133]},"_coverageSchema":"1a1c01bbd47fc00a2c39e90264f33305004495a9","hash":"d7928470ead76d5b164ece187d59b0480237cde2"}
,"/codebuild/output/src2291302061/src/source/ui-deployment/src/components/commons/notifications.tsx": {"path":"/codebuild/output/src2291302061/src/source/ui-deployment/src/components/commons/notifications.tsx","statementMap":{"0":{"start":{"line":20,"column":40},"end":{"line":20,"column":55}},"1":{"start":{"line":22,"column":66},"end":{"line":22,"column":68}},"2":{"start":{"line":23,"column":27},"end":{"line":23,"column":34}},"3":{"start":{"line":25,"column":4},"end":{"line":58,"column":5}},"4":{"start":{"line":26,"column":8},"end":{"line":36,"column":11}},"5":{"start":{"line":34,"column":29},"end":{"line":34,"column":47}},"6":{"start":{"line":37,"column":11},"end":{"line":58,"column":5}},"7":{"start":{"line":38,"column":8},"end":{"line":47,"column":11}},"8":{"start":{"line":45,"column":29},"end":{"line":45,"column":47}},"9":{"start":{"line":48,"column":11},"end":{"line":58,"column":5}},"10":{"start":{"line":49,"column":8},"end":{"line":57,"column":11}},"11":{"start":{"line":60,"column":4},"end":{"line":60,"column":25}},"12":{"start":{"line":69,"column":26},"end":{"line":69,"column":73}},"13":{"start":{"line":70,"column":4},"end":{"line":70,"column":46}}},"fnMap":{"0":{"name":"useNotifications","decl":{"start":{"line":19,"column":9},"end":{"line":19,"column":25}},"loc":{"start":{"line":19,"column":67},"end":{"line":61,"column":1}},"line":19},"1":{"name":"(anonymous_1)","decl":{"start":{"line":34,"column":23},"end":{"line":34,"column":24}},"loc":{"start":{"line":34,"column":29},"end":{"line":34,"column":47}},"line":34},"2":{"name":"(anonymous_2)","decl":{"start":{"line":45,"column":23},"end":{"line":45,"column":24}},"loc":{"start":{"line":45,"column":29},"end":{"line":45,"column":47}},"line":45},"3":{"name":"Notifications","decl":{"start":{"line":68,"column":16},"end":{"line":68,"column":29}},"loc":{"start":{"line":68,"column":85},"end":{"line":71,"column":1}},"line":68}},"branchMap":{"0":{"loc":{"start":{"line":19,"column":54},"end":{"line":19,"column":65}},"type":"default-arg","locations":[{"start":{"line":19,"column":63},"end":{"line":19,"column":65}}],"line":19},"1":{"loc":{"start":{"line":25,"column":4},"end":{"line":58,"column":5}},"type":"if","locations":[{"start":{"line":25,"column":4},"end":{"line":58,"column":5}},{"start":{"line":37,"column":11},"end":{"line":58,"column":5}}],"line":25},"2":{"loc":{"start":{"line":25,"column":8},"end":{"line":25,"column":73}},"type":"binary-expr","locations":[{"start":{"line":25,"column":8},"end":{"line":25,"column":57}},{"start":{"line":25,"column":61},"end":{"line":25,"column":73}}],"line":25},"3":{"loc":{"start":{"line":37,"column":11},"end":{"line":58,"column":5}},"type":"if","locations":[{"start":{"line":37,"column":11},"end":{"line":58,"column":5}},{"start":{"line":48,"column":11},"end":{"line":58,"column":5}}],"line":37},"4":{"loc":{"start":{"line":37,"column":15},"end":{"line":37,"column":80}},"type":"binary-expr","locations":[{"start":{"line":37,"column":15},"end":{"line":37,"column":64}},{"start":{"line":37,"column":68},"end":{"line":37,"column":80}}],"line":37},"5":{"loc":{"start":{"line":48,"column":11},"end":{"line":58,"column":5}},"type":"if","locations":[{"start":{"line":48,"column":11},"end":{"line":58,"column":5}},{"start":{},"end":{}}],"line":48},"6":{"loc":{"start":{"line":48,"column":15},"end":{"line":48,"column":80}},"type":"binary-expr","locations":[{"start":{"line":48,"column":15},"end":{"line":48,"column":64}},{"start":{"line":48,"column":68},"end":{"line":48,"column":80}}],"line":48}},"s":{"0":145,"1":145,"2":145,"3":145,"4":1,"5":0,"6":144,"7":0,"8":0,"9":144,"10":1,"11":145,"12":145,"13":145},"f":{"0":145,"1":0,"2":0,"3":145},"b":{"0":[12],"1":[1,144],"2":[145,1],"3":[0,144],"4":[144,0],"5":[1,143],"6":[144,1]},"_coverageSchema":"1a1c01bbd47fc00a2c39e90264f33305004495a9","hash":"359b035751dde9359c9e9343148a667a0d6fe7d5"}
,"/codebuild/output/src2291302061/src/source/ui-deployment/src/components/commons/separated-list.tsx": {"path":"/codebuild/output/src2291302061/src/source/ui-deployment/src/components/commons/separated-list.tsx","statementMap":{"0":{"start":{"line":23,"column":24},"end":{"line":23,"column":40}},"1":{"start":{"line":24,"column":4},"end":{"line":30,"column":6}},"2":{"start":{"line":27,"column":16},"end":{"line":27,"column":63}}},"fnMap":{"0":{"name":"SeparatedList","decl":{"start":{"line":22,"column":16},"end":{"line":22,"column":29}},"loc":{"start":{"line":22,"column":72},"end":{"line":31,"column":1}},"line":22},"1":{"name":"(anonymous_1)","decl":{"start":{"line":26,"column":23},"end":{"line":26,"column":24}},"loc":{"start":{"line":27,"column":16},"end":{"line":27,"column":63}},"line":27}},"branchMap":{},"s":{"0":0,"1":0,"2":0},"f":{"0":0,"1":0},"b":{},"_coverageSchema":"1a1c01bbd47fc00a2c39e90264f33305004495a9","hash":"315d8276c665fba6f5a788d1fcba3abd7f11881f"}
,"/codebuild/output/src2291302061/src/source/ui-deployment/src/components/commons/table-config.jsx": {"path":"/codebuild/output/src2291302061/src/source/ui-deployment/src/components/commons/table-config.jsx","statementMap":{"0":{"start":{"line":16,"column":29},"end":{"line":19,"column":1}},"1":{"start":{"line":17,"column":19},"end":{"line":17,"column":40}},"2":{"start":{"line":18,"column":4},"end":{"line":18,"column":172}},"3":{"start":{"line":21,"column":30},"end":{"line":24,"column":1}},"4":{"start":{"line":22,"column":22},"end":{"line":22,"column":76}},"5":{"start":{"line":23,"column":4},"end":{"line":23,"column":21}},"6":{"start":{"line":26,"column":37},"end":{"line":26,"column":46}},"7":{"start":{"line":28,"column":32},"end":{"line":35,"column":1}},"8":{"start":{"line":37,"column":35},"end":{"line":51,"column":1}},"9":{"start":{"line":53,"column":33},"end":{"line":57,"column":1}},"10":{"start":{"line":59,"column":27},"end":{"line":115,"column":1}},"11":{"start":{"line":66,"column":4},"end":{"line":114,"column":6}},"12":{"start":{"line":72,"column":35},"end":{"line":72,"column":57}}},"fnMap":{"0":{"name":"(anonymous_0)","decl":{"start":{"line":16,"column":29},"end":{"line":16,"column":30}},"loc":{"start":{"line":16,"column":42},"end":{"line":19,"column":1}},"line":16},"1":{"name":"(anonymous_1)","decl":{"start":{"line":21,"column":30},"end":{"line":21,"column":31}},"loc":{"start":{"line":21,"column":43},"end":{"line":24,"column":1}},"line":21},"2":{"name":"(anonymous_2)","decl":{"start":{"line":59,"column":27},"end":{"line":59,"column":28}},"loc":{"start":{"line":66,"column":4},"end":{"line":114,"column":6}},"line":66},"3":{"name":"(anonymous_3)","decl":{"start":{"line":72,"column":19},"end":{"line":72,"column":20}},"loc":{"start":{"line":72,"column":35},"end":{"line":72,"column":57}},"line":72}},"branchMap":{"0":{"loc":{"start":{"line":63,"column":4},"end":{"line":63,"column":39}},"type":"default-arg","locations":[{"start":{"line":63,"column":22},"end":{"line":63,"column":39}}],"line":63},"1":{"loc":{"start":{"line":64,"column":4},"end":{"line":64,"column":51}},"type":"default-arg","locations":[{"start":{"line":64,"column":28},"end":{"line":64,"column":51}}],"line":64}},"s":{"0":8,"1":7,"2":7,"3":8,"4":83,"5":83,"6":8,"7":8,"8":8,"9":8,"10":8,"11":21,"12":0},"f":{"0":7,"1":83,"2":21,"3":0},"b":{"0":[21],"1":[21]},"_coverageSchema":"1a1c01bbd47fc00a2c39e90264f33305004495a9","hash":"b06fd1732205dd1a1f4e1575ff56bd7a6444243b"}
,"/codebuild/output/src2291302061/src/source/ui-deployment/src/components/commons/use-column-widths.js": {"path":"/codebuild/output/src2291302061/src/source/ui-deployment/src/components/commons/use-column-widths.js","statementMap":{"0":{"start":{"line":19,"column":33},"end":{"line":19,"column":60}},"1":{"start":{"line":22,"column":8},"end":{"line":22,"column":96}},"2":{"start":{"line":24,"column":28},"end":{"line":26,"column":35}},"3":{"start":{"line":25,"column":8},"end":{"line":25,"column":74}},"4":{"start":{"line":28,"column":4},"end":{"line":28,"column":48}}},"fnMap":{"0":{"name":"useColumnWidths","decl":{"start":{"line":18,"column":16},"end":{"line":18,"column":31}},"loc":{"start":{"line":18,"column":63},"end":{"line":29,"column":1}},"line":18},"1":{"name":"handleWidthChange","decl":{"start":{"line":21,"column":13},"end":{"line":21,"column":30}},"loc":{"start":{"line":21,"column":38},"end":{"line":23,"column":5}},"line":21},"2":{"name":"(anonymous_2)","decl":{"start":{"line":24,"column":36},"end":{"line":24,"column":37}},"loc":{"start":{"line":24,"column":42},"end":{"line":26,"column":5}},"line":24}},"branchMap":{},"s":{"0":8,"1":0,"2":8,"3":8,"4":8},"f":{"0":8,"1":0,"2":8},"b":{},"_coverageSchema":"1a1c01bbd47fc00a2c39e90264f33305004495a9","hash":"e8a85b54f4e08491a48652b7b49cadead2a7e85a"}
,"/codebuild/output/src2291302061/src/source/ui-deployment/src/components/commons/use-component-id.ts": {"path":"/codebuild/output/src2291302061/src/source/ui-deployment/src/components/commons/use-component-id.ts","statementMap":{"0":{"start":{"line":18,"column":22},"end":{"line":18,"column":33}},"1":{"start":{"line":21,"column":8},"end":{"line":23,"column":9}},"2":{"start":{"line":22,"column":12},"end":{"line":22,"column":43}},"3":{"start":{"line":24,"column":8},"end":{"line":24,"column":33}},"4":{"start":{"line":27,"column":4},"end":{"line":27,"column":26}},"5":{"start":{"line":31,"column":4},"end":{"line":31,"column":32}}},"fnMap":{"0":{"name":"useSingleton","decl":{"start":{"line":17,"column":16},"end":{"line":17,"column":28}},"loc":{"start":{"line":17,"column":54},"end":{"line":28,"column":1}},"line":17},"1":{"name":"getSingleton","decl":{"start":{"line":20,"column":13},"end":{"line":20,"column":25}},"loc":{"start":{"line":20,"column":28},"end":{"line":25,"column":5}},"line":20},"2":{"name":"useComponentId","decl":{"start":{"line":30,"column":16},"end":{"line":30,"column":30}},"loc":{"start":{"line":30,"column":41},"end":{"line":32,"column":1}},"line":30}},"branchMap":{"0":{"loc":{"start":{"line":21,"column":8},"end":{"line":23,"column":9}},"type":"if","locations":[{"start":{"line":21,"column":8},"end":{"line":23,"column":9}},{"start":{},"end":{}}],"line":21}},"s":{"0":34,"1":34,"2":28,"3":34,"4":34,"5":34},"f":{"0":34,"1":34,"2":34},"b":{"0":[28,6]},"_coverageSchema":"1a1c01bbd47fc00a2c39e90264f33305004495a9","hash":"ce9c54f550a0eb3bf1a6cc07136511cdd4dad2d3"}
,"/codebuild/output/src2291302061/src/source/ui-deployment/src/components/commons/use-local-storage.ts": {"path":"/codebuild/output/src2291302061/src/source/ui-deployment/src/components/commons/use-local-storage.ts","statementMap":{"0":{"start":{"line":18,"column":30},"end":{"line":18,"column":74}},"1":{"start":{"line":18,"column":48},"end":{"line":18,"column":73}},"2":{"start":{"line":21,"column":8},"end":{"line":21,"column":27}},"3":{"start":{"line":22,"column":8},"end":{"line":22,"column":28}},"4":{"start":{"line":25,"column":4},"end":{"line":25,"column":47}}},"fnMap":{"0":{"name":"useLocalStorage","decl":{"start":{"line":17,"column":16},"end":{"line":17,"column":31}},"loc":{"start":{"line":17,"column":66},"end":{"line":26,"column":1}},"line":17},"1":{"name":"(anonymous_1)","decl":{"start":{"line":18,"column":42},"end":{"line":18,"column":43}},"loc":{"start":{"line":18,"column":48},"end":{"line":18,"column":73}},"line":18},"2":{"name":"handleValueChange","decl":{"start":{"line":20,"column":13},"end":{"line":20,"column":30}},"loc":{"start":{"line":20,"column":44},"end":{"line":23,"column":5}},"line":20}},"branchMap":{"0":{"loc":{"start":{"line":18,"column":48},"end":{"line":18,"column":73}},"type":"binary-expr","locations":[{"start":{"line":18,"column":48},"end":{"line":18,"column":57}},{"start":{"line":18,"column":61},"end":{"line":18,"column":73}}],"line":18}},"s":{"0":29,"1":15,"2":0,"3":0,"4":29},"f":{"0":29,"1":15,"2":0},"b":{"0":[15,15]},"_coverageSchema":"1a1c01bbd47fc00a2c39e90264f33305004495a9","hash":"9056941b62124e035e3662739d29e3901c15847e"}
,"/codebuild/output/src2291302061/src/source/ui-deployment/src/components/commons/copy-text/index.tsx": {"path":"/codebuild/output/src2291302061/src/source/ui-deployment/src/components/commons/copy-text/index.tsx","statementMap":{"0":{"start":{"line":18,"column":23},"end":{"line":18,"column":32}},"1":{"start":{"line":19,"column":21},"end":{"line":19,"column":28}},"2":{"start":{"line":31,"column":4},"end":{"line":31,"column":47}},"3":{"start":{"line":35,"column":32},"end":{"line":35,"column":83}},"4":{"start":{"line":36,"column":34},"end":{"line":36,"column":55}},"5":{"start":{"line":38,"column":4},"end":{"line":69,"column":6}},"6":{"start":{"line":53,"column":28},"end":{"line":62,"column":30}},"7":{"start":{"line":55,"column":36},"end":{"line":55,"column":62}},"8":{"start":{"line":56,"column":36},"end":{"line":56,"column":60}},"9":{"start":{"line":59,"column":36},"end":{"line":59,"column":60}},"10":{"start":{"line":60,"column":36},"end":{"line":60,"column":58}}},"fnMap":{"0":{"name":"copyToClipboard","decl":{"start":{"line":30,"column":22},"end":{"line":30,"column":37}},"loc":{"start":{"line":30,"column":52},"end":{"line":32,"column":1}},"line":30},"1":{"name":"CopyText","decl":{"start":{"line":34,"column":24},"end":{"line":34,"column":32}},"loc":{"start":{"line":34,"column":103},"end":{"line":70,"column":1}},"line":34},"2":{"name":"(anonymous_2)","decl":{"start":{"line":52,"column":33},"end":{"line":52,"column":34}},"loc":{"start":{"line":52,"column":39},"end":{"line":63,"column":25}},"line":52},"3":{"name":"(anonymous_3)","decl":{"start":{"line":54,"column":32},"end":{"line":54,"column":33}},"loc":{"start":{"line":54,"column":38},"end":{"line":57,"column":33}},"line":54},"4":{"name":"(anonymous_4)","decl":{"start":{"line":58,"column":32},"end":{"line":58,"column":33}},"loc":{"start":{"line":58,"column":38},"end":{"line":61,"column":33}},"line":58}},"branchMap":{},"s":{"0":0,"1":0,"2":0,"3":0,"4":0,"5":0,"6":0,"7":0,"8":0,"9":0,"10":0},"f":{"0":0,"1":0,"2":0,"3":0,"4":0},"b":{}}
,"/codebuild/output/src2291302061/src/source/ui-deployment/src/components/dashboard/DashboardView.jsx": {"path":"/codebuild/output/src2291302061/src/source/ui-deployment/src/components/dashboard/DashboardView.jsx","statementMap":{"0":{"start":{"line":45,"column":46},"end":{"line":45,"column":58}},"1":{"start":{"line":46,"column":33},"end":{"line":46,"column":45}},"2":{"start":{"line":47,"column":40},"end":{"line":47,"column":52}},"3":{"start":{"line":48,"column":42},"end":{"line":48,"column":54}},"4":{"start":{"line":49,"column":34},"end":{"line":49,"column":49}},"5":{"start":{"line":50,"column":50},"end":{"line":50,"column":65}},"6":{"start":{"line":51,"column":42},"end":{"line":51,"column":93}},"7":{"start":{"line":53,"column":25},"end":{"line":53,"column":55}},"8":{"start":{"line":53,"column":31},"end":{"line":53,"column":55}},"9":{"start":{"line":54,"column":28},"end":{"line":54,"column":59}},"10":{"start":{"line":54,"column":34},"end":{"line":54,"column":59}},"11":{"start":{"line":59,"column":8},"end":{"line":59,"column":31}},"12":{"start":{"line":61,"column":22},"end":{"line":93,"column":5}},"13":{"start":{"line":62,"column":8},"end":{"line":92,"column":9}},"14":{"start":{"line":63,"column":12},"end":{"line":63,"column":29}},"15":{"start":{"line":65,"column":12},"end":{"line":74,"column":13}},"16":{"start":{"line":66,"column":33},"end":{"line":66,"column":61}},"17":{"start":{"line":67,"column":16},"end":{"line":67,"column":53}},"18":{"start":{"line":68,"column":16},"end":{"line":71,"column":19}},"19":{"start":{"line":73,"column":16},"end":{"line":73,"column":48}},"20":{"start":{"line":75,"column":12},"end":{"line":75,"column":30}},"21":{"start":{"line":76,"column":12},"end":{"line":79,"column":15}},"22":{"start":{"line":80,"column":12},"end":{"line":83,"column":15}},"23":{"start":{"line":85,"column":12},"end":{"line":90,"column":13}},"24":{"start":{"line":86,"column":16},"end":{"line":89,"column":19}},"25":{"start":{"line":91,"column":12},"end":{"line":91,"column":33}},"26":{"start":{"line":95,"column":4},"end":{"line":97,"column":21}},"27":{"start":{"line":96,"column":8},"end":{"line":96,"column":20}},"28":{"start":{"line":99,"column":30},"end":{"line":99,"column":93}},"29":{"start":{"line":99,"column":65},"end":{"line":99,"column":92}},"30":{"start":{"line":101,"column":98},"end":{"line":112,"column":5}},"31":{"start":{"line":106,"column":65},"end":{"line":106,"column":89}},"32":{"start":{"line":114,"column":26},"end":{"line":117,"column":5}},"33":{"start":{"line":115,"column":8},"end":{"line":115,"column":29}},"34":{"start":{"line":116,"column":8},"end":{"line":116,"column":36}},"35":{"start":{"line":119,"column":30},"end":{"line":125,"column":5}},"36":{"start":{"line":120,"column":8},"end":{"line":120,"column":47}},"37":{"start":{"line":121,"column":8},"end":{"line":124,"column":11}},"38":{"start":{"line":127,"column":4},"end":{"line":182,"column":6}},"39":{"start":{"line":185,"column":41},"end":{"line":197,"column":1}},"40":{"start":{"line":186,"column":4},"end":{"line":188,"column":5}},"41":{"start":{"line":187,"column":8},"end":{"line":187,"column":32}},"42":{"start":{"line":190,"column":4},"end":{"line":196,"column":6}},"43":{"start":{"line":200,"column":39},"end":{"line":200,"column":62}},"44":{"start":{"line":201,"column":21},"end":{"line":201,"column":34}},"45":{"start":{"line":202,"column":38},"end":{"line":202,"column":53}},"46":{"start":{"line":204,"column":38},"end":{"line":210,"column":5}},"47":{"start":{"line":205,"column":8},"end":{"line":208,"column":11}},"48":{"start":{"line":209,"column":8},"end":{"line":209,"column":40}},"49":{"start":{"line":212,"column":34},"end":{"line":218,"column":5}},"50":{"start":{"line":213,"column":8},"end":{"line":217,"column":10}},"51":{"start":{"line":214,"column":50},"end":{"line":214,"column":81}},"52":{"start":{"line":220,"column":31},"end":{"line":229,"column":5}},"53":{"start":{"line":221,"column":34},"end":{"line":223,"column":9}},"54":{"start":{"line":222,"column":12},"end":{"line":222,"column":61}},"55":{"start":{"line":224,"column":8},"end":{"line":228,"column":10}},"56":{"start":{"line":231,"column":23},"end":{"line":275,"column":5}},"57":{"start":{"line":235,"column":28},"end":{"line":235,"column":55}},"58":{"start":{"line":244,"column":28},"end":{"line":244,"column":44}},"59":{"start":{"line":251,"column":28},"end":{"line":251,"column":52}},"60":{"start":{"line":258,"column":28},"end":{"line":258,"column":95}},"61":{"start":{"line":265,"column":28},"end":{"line":265,"column":65}},"62":{"start":{"line":272,"column":28},"end":{"line":272,"column":66}},"63":{"start":{"line":277,"column":31},"end":{"line":280,"column":7}},"64":{"start":{"line":277,"column":59},"end":{"line":280,"column":5}},"65":{"start":{"line":282,"column":44},"end":{"line":282,"column":110}},"66":{"start":{"line":284,"column":22},"end":{"line":284,"column":30}},"67":{"start":{"line":286,"column":38},"end":{"line":288,"column":5}},"68":{"start":{"line":287,"column":8},"end":{"line":287,"column":36}},"69":{"start":{"line":290,"column":4},"end":{"line":316,"column":6}},"70":{"start":{"line":301,"column":28},"end":{"line":301,"column":47}},"71":{"start":{"line":302,"column":28},"end":{"line":302,"column":65}},"72":{"start":{"line":310,"column":47},"end":{"line":310,"column":72}}},"fnMap":{"0":{"name":"UseCaseTable","decl":{"start":{"line":44,"column":9},"end":{"line":44,"column":21}},"loc":{"start":{"line":44,"column":79},"end":{"line":183,"column":1}},"line":44},"1":{"name":"(anonymous_1)","decl":{"start":{"line":53,"column":25},"end":{"line":53,"column":26}},"loc":{"start":{"line":53,"column":31},"end":{"line":53,"column":55}},"line":53},"2":{"name":"(anonymous_2)","decl":{"start":{"line":54,"column":28},"end":{"line":54,"column":29}},"loc":{"start":{"line":54,"column":34},"end":{"line":54,"column":59}},"line":54},"3":{"name":"(anonymous_3)","decl":{"start":{"line":61,"column":22},"end":{"line":61,"column":23}},"loc":{"start":{"line":61,"column":50},"end":{"line":93,"column":5}},"line":61},"4":{"name":"(anonymous_4)","decl":{"start":{"line":95,"column":14},"end":{"line":95,"column":15}},"loc":{"start":{"line":95,"column":20},"end":{"line":97,"column":5}},"line":95},"5":{"name":"(anonymous_5)","decl":{"start":{"line":99,"column":53},"end":{"line":99,"column":54}},"loc":{"start":{"line":99,"column":65},"end":{"line":99,"column":92}},"line":99},"6":{"name":"(anonymous_6)","decl":{"start":{"line":106,"column":59},"end":{"line":106,"column":60}},"loc":{"start":{"line":106,"column":65},"end":{"line":106,"column":89}},"line":106},"7":{"name":"(anonymous_7)","decl":{"start":{"line":114,"column":26},"end":{"line":114,"column":27}},"loc":{"start":{"line":114,"column":32},"end":{"line":117,"column":5}},"line":114},"8":{"name":"(anonymous_8)","decl":{"start":{"line":119,"column":30},"end":{"line":119,"column":31}},"loc":{"start":{"line":119,"column":46},"end":{"line":125,"column":5}},"line":119},"9":{"name":"(anonymous_9)","decl":{"start":{"line":185,"column":41},"end":{"line":185,"column":42}},"loc":{"start":{"line":185,"column":51},"end":{"line":197,"column":1}},"line":185},"10":{"name":"DashboardView","decl":{"start":{"line":199,"column":24},"end":{"line":199,"column":37}},"loc":{"start":{"line":199,"column":40},"end":{"line":317,"column":1}},"line":199},"11":{"name":"(anonymous_11)","decl":{"start":{"line":204,"column":38},"end":{"line":204,"column":39}},"loc":{"start":{"line":204,"column":58},"end":{"line":210,"column":5}},"line":204},"12":{"name":"(anonymous_12)","decl":{"start":{"line":212,"column":34},"end":{"line":212,"column":35}},"loc":{"start":{"line":212,"column":44},"end":{"line":218,"column":5}},"line":212},"13":{"name":"(anonymous_13)","decl":{"start":{"line":214,"column":44},"end":{"line":214,"column":45}},"loc":{"start":{"line":214,"column":50},"end":{"line":214,"column":81}},"line":214},"14":{"name":"(anonymous_14)","decl":{"start":{"line":220,"column":31},"end":{"line":220,"column":32}},"loc":{"start":{"line":220,"column":41},"end":{"line":229,"column":5}},"line":220},"15":{"name":"(anonymous_15)","decl":{"start":{"line":221,"column":34},"end":{"line":221,"column":35}},"loc":{"start":{"line":221,"column":46},"end":{"line":223,"column":9}},"line":221},"16":{"name":"(anonymous_16)","decl":{"start":{"line":235,"column":18},"end":{"line":235,"column":19}},"loc":{"start":{"line":235,"column":28},"end":{"line":235,"column":55}},"line":235},"17":{"name":"(anonymous_17)","decl":{"start":{"line":244,"column":18},"end":{"line":244,"column":19}},"loc":{"start":{"line":244,"column":28},"end":{"line":244,"column":44}},"line":244},"18":{"name":"(anonymous_18)","decl":{"start":{"line":251,"column":18},"end":{"line":251,"column":19}},"loc":{"start":{"line":251,"column":28},"end":{"line":251,"column":52}},"line":251},"19":{"name":"(anonymous_19)","decl":{"start":{"line":258,"column":18},"end":{"line":258,"column":19}},"loc":{"start":{"line":258,"column":28},"end":{"line":258,"column":95}},"line":258},"20":{"name":"(anonymous_20)","decl":{"start":{"line":265,"column":18},"end":{"line":265,"column":19}},"loc":{"start":{"line":265,"column":28},"end":{"line":265,"column":65}},"line":265},"21":{"name":"(anonymous_21)","decl":{"start":{"line":272,"column":18},"end":{"line":272,"column":19}},"loc":{"start":{"line":272,"column":28},"end":{"line":272,"column":66}},"line":272},"22":{"name":"(anonymous_22)","decl":{"start":{"line":277,"column":46},"end":{"line":277,"column":47}},"loc":{"start":{"line":277,"column":59},"end":{"line":280,"column":5}},"line":277},"23":{"name":"(anonymous_23)","decl":{"start":{"line":286,"column":38},"end":{"line":286,"column":39}},"loc":{"start":{"line":286,"column":49},"end":{"line":288,"column":5}},"line":286},"24":{"name":"(anonymous_24)","decl":{"start":{"line":300,"column":46},"end":{"line":300,"column":47}},"loc":{"start":{"line":300,"column":52},"end":{"line":303,"column":25}},"line":300},"25":{"name":"(anonymous_25)","decl":{"start":{"line":310,"column":31},"end":{"line":310,"column":32}},"loc":{"start":{"line":310,"column":47},"end":{"line":310,"column":72}},"line":310}},"branchMap":{"0":{"loc":{"start":{"line":61,"column":29},"end":{"line":61,"column":45}},"type":"default-arg","locations":[{"start":{"line":61,"column":40},"end":{"line":61,"column":45}}],"line":61},"1":{"loc":{"start":{"line":65,"column":12},"end":{"line":74,"column":13}},"type":"if","locations":[{"start":{"line":65,"column":12},"end":{"line":74,"column":13}},{"start":{"line":72,"column":19},"end":{"line":74,"column":13}}],"line":65},"2":{"loc":{"start":{"line":65,"column":16},"end":{"line":65,"column":70}},"type":"binary-expr","locations":[{"start":{"line":65,"column":16},"end":{"line":65,"column":44}},{"start":{"line":65,"column":48},"end":{"line":65,"column":58}},{"start":{"line":65,"column":62},"end":{"line":65,"column":70}}],"line":65},"3":{"loc":{"start":{"line":85,"column":12},"end":{"line":90,"column":13}},"type":"if","locations":[{"start":{"line":85,"column":12},"end":{"line":90,"column":13}},{"start":{},"end":{}}],"line":85},"4":{"loc":{"start":{"line":150,"column":33},"end":{"line":150,"column":109}},"type":"binary-expr","locations":[{"start":{"line":150,"column":33},"end":{"line":150,"column":41}},{"start":{"line":150,"column":45},"end":{"line":150,"column":109}}],"line":150},"5":{"loc":{"start":{"line":186,"column":4},"end":{"line":188,"column":5}},"type":"if","locations":[{"start":{"line":186,"column":4},"end":{"line":188,"column":5}},{"start":{},"end":{}}],"line":186},"6":{"loc":{"start":{"line":186,"column":8},"end":{"line":186,"column":113}},"type":"binary-expr","locations":[{"start":{"line":186,"column":8},"end":{"line":186,"column":30}},{"start":{"line":186,"column":34},"end":{"line":186,"column":113}}],"line":186},"7":{"loc":{"start":{"line":265,"column":28},"end":{"line":265,"column":65}},"type":"binary-expr","locations":[{"start":{"line":265,"column":28},"end":{"line":265,"column":56}},{"start":{"line":265,"column":60},"end":{"line":265,"column":65}}],"line":265}},"s":{"0":21,"1":21,"2":21,"3":21,"4":21,"5":21,"6":21,"7":21,"8":1,"9":21,"10":0,"11":21,"12":21,"13":7,"14":7,"15":7,"16":1,"17":1,"18":1,"19":6,"20":7,"21":7,"22":7,"23":0,"24":0,"25":0,"26":21,"27":7,"28":21,"29":84,"30":21,"31":0,"32":21,"33":0,"34":0,"35":21,"36":5,"37":5,"38":21,"39":2,"40":65,"41":0,"42":65,"43":9,"44":8,"45":8,"46":8,"47":0,"48":0,"49":8,"50":65,"51":0,"52":8,"53":65,"54":65,"55":65,"56":8,"57":65,"58":65,"59":65,"60":65,"61":65,"62":65,"63":8,"64":48,"65":8,"66":8,"67":8,"68":0,"69":8,"70":0,"71":0,"72":0},"f":{"0":21,"1":1,"2":0,"3":7,"4":7,"5":84,"6":0,"7":0,"8":5,"9":65,"10":9,"11":0,"12":65,"13":0,"14":65,"15":65,"16":65,"17":65,"18":65,"19":65,"20":65,"21":65,"22":48,"23":0,"24":0,"25":0},"b":{"0":[7],"1":[1,6],"2":[7,6,6],"3":[0,0],"4":[21,20],"5":[0,65],"6":[65,65],"7":[65,0]},"_coverageSchema":"1a1c01bbd47fc00a2c39e90264f33305004495a9","hash":"b015f7dec6ff94156c3b1496488851bdee031130"}
,"/codebuild/output/src2291302061/src/source/ui-deployment/src/components/dashboard/common-components.jsx": {"path":"/codebuild/output/src2291302061/src/source/ui-deployment/src/components/dashboard/common-components.jsx","statementMap":{"0":{"start":{"line":19,"column":27},"end":{"line":21,"column":1}},"1":{"start":{"line":20,"column":4},"end":{"line":20,"column":104}},"2":{"start":{"line":22,"column":28},"end":{"line":83,"column":1}},"3":{"start":{"line":23,"column":4},"end":{"line":82,"column":16}}},"fnMap":{"0":{"name":"(anonymous_0)","decl":{"start":{"line":19,"column":27},"end":{"line":19,"column":28}},"loc":{"start":{"line":20,"column":4},"end":{"line":20,"column":104}},"line":20},"1":{"name":"(anonymous_1)","decl":{"start":{"line":22,"column":28},"end":{"line":22,"column":29}},"loc":{"start":{"line":23,"column":4},"end":{"line":82,"column":16}},"line":23}},"branchMap":{},"s":{"0":2,"1":7,"2":2,"3":7},"f":{"0":7,"1":7},"b":{},"_coverageSchema":"1a1c01bbd47fc00a2c39e90264f33305004495a9","hash":"7e162178a789d9e2e7890b215c1f324abf25eb11"}
,"/codebuild/output/src2291302061/src/source/ui-deployment/src/components/dashboard/deployments.js": {"path":"/codebuild/output/src2291302061/src/source/ui-deployment/src/components/dashboard/deployments.js","statementMap":{"0":{"start":{"line":26,"column":4},"end":{"line":38,"column":5}},"1":{"start":{"line":27,"column":22},"end":{"line":27,"column":43}},"2":{"start":{"line":28,"column":25},"end":{"line":32,"column":10}},"3":{"start":{"line":34,"column":8},"end":{"line":34,"column":24}},"4":{"start":{"line":36,"column":8},"end":{"line":36,"column":29}},"5":{"start":{"line":37,"column":8},"end":{"line":37,"column":20}},"6":{"start":{"line":48,"column":4},"end":{"line":73,"column":5}},"7":{"start":{"line":49,"column":41},"end":{"line":51,"column":9}},"8":{"start":{"line":50,"column":12},"end":{"line":50,"column":83}},"9":{"start":{"line":53,"column":22},"end":{"line":53,"column":43}},"10":{"start":{"line":55,"column":31},"end":{"line":59,"column":9}},"11":{"start":{"line":61,"column":8},"end":{"line":65,"column":9}},"12":{"start":{"line":62,"column":12},"end":{"line":64,"column":14}},"13":{"start":{"line":67,"column":25},"end":{"line":67,"column":101}},"14":{"start":{"line":69,"column":8},"end":{"line":69,"column":24}},"15":{"start":{"line":71,"column":8},"end":{"line":71,"column":29}},"16":{"start":{"line":72,"column":8},"end":{"line":72,"column":20}},"17":{"start":{"line":81,"column":43},"end":{"line":126,"column":1}},"18":{"start":{"line":82,"column":26},"end":{"line":82,"column":64}},"19":{"start":{"line":83,"column":24},"end":{"line":89,"column":5}},"20":{"start":{"line":90,"column":29},"end":{"line":95,"column":5}},"21":{"start":{"line":96,"column":26},"end":{"line":102,"column":5}},"22":{"start":{"line":104,"column":26},"end":{"line":104,"column":45}},"23":{"start":{"line":106,"column":4},"end":{"line":108,"column":5}},"24":{"start":{"line":107,"column":8},"end":{"line":107,"column":50}},"25":{"start":{"line":110,"column":4},"end":{"line":112,"column":5}},"26":{"start":{"line":111,"column":8},"end":{"line":111,"column":48}},"27":{"start":{"line":114,"column":4},"end":{"line":116,"column":5}},"28":{"start":{"line":115,"column":8},"end":{"line":115,"column":54}},"29":{"start":{"line":118,"column":4},"end":{"line":120,"column":5}},"30":{"start":{"line":119,"column":8},"end":{"line":119,"column":50}},"31":{"start":{"line":122,"column":4},"end":{"line":124,"column":5}},"32":{"start":{"line":123,"column":8},"end":{"line":123,"column":50}},"33":{"start":{"line":125,"column":4},"end":{"line":125,"column":44}}},"fnMap":{"0":{"name":"listDeployedUseCases","decl":{"start":{"line":25,"column":22},"end":{"line":25,"column":42}},"loc":{"start":{"line":25,"column":45},"end":{"line":39,"column":1}},"line":25},"1":{"name":"deleteDeployment","decl":{"start":{"line":47,"column":22},"end":{"line":47,"column":38}},"loc":{"start":{"line":47,"column":69},"end":{"line":74,"column":1}},"line":47},"2":{"name":"(anonymous_2)","decl":{"start":{"line":49,"column":41},"end":{"line":49,"column":42}},"loc":{"start":{"line":49,"column":56},"end":{"line":51,"column":9}},"line":49},"3":{"name":"(anonymous_3)","decl":{"start":{"line":81,"column":43},"end":{"line":81,"column":44}},"loc":{"start":{"line":81,"column":55},"end":{"line":126,"column":1}},"line":81}},"branchMap":{"0":{"loc":{"start":{"line":61,"column":8},"end":{"line":65,"column":9}},"type":"if","locations":[{"start":{"line":61,"column":8},"end":{"line":65,"column":9}},{"start":{},"end":{}}],"line":61},"1":{"loc":{"start":{"line":106,"column":4},"end":{"line":108,"column":5}},"type":"if","locations":[{"start":{"line":106,"column":4},"end":{"line":108,"column":5}},{"start":{},"end":{}}],"line":106},"2":{"loc":{"start":{"line":110,"column":4},"end":{"line":112,"column":5}},"type":"if","locations":[{"start":{"line":110,"column":4},"end":{"line":112,"column":5}},{"start":{},"end":{}}],"line":110},"3":{"loc":{"start":{"line":114,"column":4},"end":{"line":116,"column":5}},"type":"if","locations":[{"start":{"line":114,"column":4},"end":{"line":116,"column":5}},{"start":{},"end":{}}],"line":114},"4":{"loc":{"start":{"line":118,"column":4},"end":{"line":120,"column":5}},"type":"if","locations":[{"start":{"line":118,"column":4},"end":{"line":120,"column":5}},{"start":{},"end":{}}],"line":118},"5":{"loc":{"start":{"line":122,"column":4},"end":{"line":124,"column":5}},"type":"if","locations":[{"start":{"line":122,"column":4},"end":{"line":124,"column":5}},{"start":{},"end":{}}],"line":122}},"s":{"0":1,"1":1,"2":1,"3":1,"4":0,"5":0,"6":1,"7":1,"8":1,"9":1,"10":1,"11":1,"12":0,"13":1,"14":1,"15":0,"16":0,"17":9,"18":157,"19":157,"20":157,"21":157,"22":157,"23":157,"24":154,"25":3,"26":0,"27":3,"28":0,"29":3,"30":0,"31":3,"32":0,"33":3},"f":{"0":1,"1":1,"2":1,"3":157},"b":{"0":[0,1],"1":[154,3],"2":[0,3],"3":[0,3],"4":[0,3],"5":[0,3]},"_coverageSchema":"1a1c01bbd47fc00a2c39e90264f33305004495a9","hash":"5e8c80dc0bf05f263f2f70f7d55ec19a4517fdb0"}
,"/codebuild/output/src2291302061/src/source/ui-deployment/src/components/dashboard/hooks.js": {"path":"/codebuild/output/src2291302061/src/source/ui-deployment/src/components/dashboard/hooks.js","statementMap":{"0":{"start":{"line":18,"column":60},"end":{"line":18,"column":83}},"1":{"start":{"line":19,"column":49},"end":{"line":19,"column":69}},"2":{"start":{"line":20,"column":67},"end":{"line":20,"column":89}},"3":{"start":{"line":21,"column":34},"end":{"line":21,"column":49}},"4":{"start":{"line":22,"column":30},"end":{"line":22,"column":42}},"5":{"start":{"line":23,"column":40},"end":{"line":23,"column":51}},"6":{"start":{"line":24,"column":52},"end":{"line":24,"column":77}},"7":{"start":{"line":25,"column":40},"end":{"line":25,"column":51}},"8":{"start":{"line":27,"column":4},"end":{"line":29,"column":26}},"9":{"start":{"line":28,"column":8},"end":{"line":28,"column":45}},"10":{"start":{"line":31,"column":4},"end":{"line":64,"column":7}},"11":{"start":{"line":32,"column":8},"end":{"line":32,"column":25}},"12":{"start":{"line":33,"column":23},"end":{"line":45,"column":9}},"13":{"start":{"line":46,"column":25},"end":{"line":54,"column":9}},"14":{"start":{"line":47,"column":12},"end":{"line":47,"column":30}},"15":{"start":{"line":48,"column":12},"end":{"line":48,"column":28}},"16":{"start":{"line":49,"column":12},"end":{"line":49,"column":42}},"17":{"start":{"line":50,"column":12},"end":{"line":50,"column":50}},"18":{"start":{"line":51,"column":12},"end":{"line":53,"column":13}},"19":{"start":{"line":52,"column":16},"end":{"line":52,"column":91}},"20":{"start":{"line":55,"column":8},"end":{"line":55,"column":43}},"21":{"start":{"line":66,"column":4},"end":{"line":72,"column":6}}},"fnMap":{"0":{"name":"useDeployments","decl":{"start":{"line":17,"column":16},"end":{"line":17,"column":30}},"loc":{"start":{"line":17,"column":44},"end":{"line":73,"column":1}},"line":17},"1":{"name":"(anonymous_1)","decl":{"start":{"line":27,"column":14},"end":{"line":27,"column":15}},"loc":{"start":{"line":27,"column":20},"end":{"line":29,"column":5}},"line":27},"2":{"name":"(anonymous_2)","decl":{"start":{"line":31,"column":14},"end":{"line":31,"column":15}},"loc":{"start":{"line":31,"column":20},"end":{"line":56,"column":5}},"line":31},"3":{"name":"(anonymous_3)","decl":{"start":{"line":46,"column":25},"end":{"line":46,"column":26}},"loc":{"start":{"line":46,"column":70},"end":{"line":54,"column":9}},"line":46}},"branchMap":{"0":{"loc":{"start":{"line":17,"column":31},"end":{"line":17,"column":42}},"type":"default-arg","locations":[{"start":{"line":17,"column":40},"end":{"line":17,"column":42}}],"line":17},"1":{"loc":{"start":{"line":18,"column":60},"end":{"line":18,"column":83}},"type":"binary-expr","locations":[{"start":{"line":18,"column":60},"end":{"line":18,"column":77}},{"start":{"line":18,"column":81},"end":{"line":18,"column":83}}],"line":18},"2":{"loc":{"start":{"line":19,"column":49},"end":{"line":19,"column":69}},"type":"binary-expr","locations":[{"start":{"line":19,"column":49},"end":{"line":19,"column":63}},{"start":{"line":19,"column":67},"end":{"line":19,"column":69}}],"line":19},"3":{"loc":{"start":{"line":20,"column":67},"end":{"line":20,"column":89}},"type":"binary-expr","locations":[{"start":{"line":20,"column":67},"end":{"line":20,"column":83}},{"start":{"line":20,"column":87},"end":{"line":20,"column":89}}],"line":20},"4":{"loc":{"start":{"line":40,"column":16},"end":{"line":44,"column":20}},"type":"cond-expr","locations":[{"start":{"line":41,"column":18},"end":{"line":43,"column":19}},{"start":{"line":44,"column":18},"end":{"line":44,"column":20}}],"line":40},"5":{"loc":{"start":{"line":51,"column":12},"end":{"line":53,"column":13}},"type":"if","locations":[{"start":{"line":51,"column":12},"end":{"line":53,"column":13}},{"start":{},"end":{}}],"line":51},"6":{"loc":{"start":{"line":52,"column":30},"end":{"line":52,"column":89}},"type":"cond-expr","locations":[{"start":{"line":52,"column":47},"end":{"line":52,"column":74}},{"start":{"line":52,"column":77},"end":{"line":52,"column":89}}],"line":52}},"s":{"0":0,"1":0,"2":0,"3":0,"4":0,"5":0,"6":0,"7":0,"8":0,"9":0,"10":0,"11":0,"12":0,"13":0,"14":0,"15":0,"16":0,"17":0,"18":0,"19":0,"20":0,"21":0},"f":{"0":0,"1":0,"2":0,"3":0},"b":{"0":[0],"1":[0,0],"2":[0,0],"3":[0,0],"4":[0,0],"5":[0,0],"6":[0,0]}}
,"/codebuild/output/src2291302061/src/source/ui-deployment/src/components/useCaseDetails/UseCaseView.jsx": {"path":"/codebuild/output/src2291302061/src/source/ui-deployment/src/components/useCaseDetails/UseCaseView.jsx","statementMap":{"0":{"start":{"line":28,"column":14},"end":{"line":46,"column":1}},"1":{"start":{"line":29,"column":4},"end":{"line":45,"column":16}},"2":{"start":{"line":35,"column":40},"end":{"line":35,"column":63}},"3":{"start":{"line":48,"column":22},"end":{"line":66,"column":1}},"4":{"start":{"line":49,"column":4},"end":{"line":65,"column":16}},"5":{"start":{"line":55,"column":40},"end":{"line":55,"column":63}},"6":{"start":{"line":72,"column":8},"end":{"line":72,"column":31}},"7":{"start":{"line":73,"column":21},"end":{"line":73,"column":34}},"8":{"start":{"line":75,"column":22},"end":{"line":75,"column":33}},"9":{"start":{"line":76,"column":38},"end":{"line":76,"column":53}},"10":{"start":{"line":77,"column":30},"end":{"line":77,"column":45}},"11":{"start":{"line":78,"column":50},"end":{"line":78,"column":65}},"12":{"start":{"line":80,"column":25},"end":{"line":80,"column":55}},"13":{"start":{"line":80,"column":31},"end":{"line":80,"column":55}},"14":{"start":{"line":81,"column":28},"end":{"line":81,"column":59}},"15":{"start":{"line":81,"column":34},"end":{"line":81,"column":59}},"16":{"start":{"line":84,"column":8},"end":{"line":84,"column":29}},"17":{"start":{"line":85,"column":8},"end":{"line":85,"column":27}},"18":{"start":{"line":86,"column":8},"end":{"line":86,"column":45}},"19":{"start":{"line":89,"column":17},"end":{"line":102,"column":5}},"20":{"start":{"line":104,"column":30},"end":{"line":114,"column":5}},"21":{"start":{"line":105,"column":8},"end":{"line":108,"column":11}},"22":{"start":{"line":109,"column":8},"end":{"line":112,"column":11}},"23":{"start":{"line":113,"column":8},"end":{"line":113,"column":32}},"24":{"start":{"line":116,"column":38},"end":{"line":118,"column":5}},"25":{"start":{"line":117,"column":8},"end":{"line":117,"column":36}},"26":{"start":{"line":120,"column":4},"end":{"line":160,"column":6}},"27":{"start":{"line":155,"column":43},"end":{"line":155,"column":68}}},"fnMap":{"0":{"name":"(anonymous_0)","decl":{"start":{"line":28,"column":14},"end":{"line":28,"column":15}},"loc":{"start":{"line":29,"column":4},"end":{"line":45,"column":16}},"line":29},"1":{"name":"(anonymous_1)","decl":{"start":{"line":35,"column":34},"end":{"line":35,"column":35}},"loc":{"start":{"line":35,"column":40},"end":{"line":35,"column":63}},"line":35},"2":{"name":"(anonymous_2)","decl":{"start":{"line":48,"column":22},"end":{"line":48,"column":23}},"loc":{"start":{"line":49,"column":4},"end":{"line":65,"column":16}},"line":49},"3":{"name":"(anonymous_3)","decl":{"start":{"line":55,"column":34},"end":{"line":55,"column":35}},"loc":{"start":{"line":55,"column":40},"end":{"line":55,"column":63}},"line":55},"4":{"name":"UseCaseView","decl":{"start":{"line":68,"column":24},"end":{"line":68,"column":35}},"loc":{"start":{"line":68,"column":38},"end":{"line":161,"column":1}},"line":68},"5":{"name":"(anonymous_5)","decl":{"start":{"line":80,"column":25},"end":{"line":80,"column":26}},"loc":{"start":{"line":80,"column":31},"end":{"line":80,"column":55}},"line":80},"6":{"name":"(anonymous_6)","decl":{"start":{"line":81,"column":28},"end":{"line":81,"column":29}},"loc":{"start":{"line":81,"column":34},"end":{"line":81,"column":59}},"line":81},"7":{"name":"loadHelpPanelContent","decl":{"start":{"line":83,"column":13},"end":{"line":83,"column":33}},"loc":{"start":{"line":83,"column":41},"end":{"line":87,"column":5}},"line":83},"8":{"name":"(anonymous_8)","decl":{"start":{"line":104,"column":30},"end":{"line":104,"column":31}},"loc":{"start":{"line":104,"column":36},"end":{"line":114,"column":5}},"line":104},"9":{"name":"(anonymous_9)","decl":{"start":{"line":116,"column":38},"end":{"line":116,"column":39}},"loc":{"start":{"line":116,"column":49},"end":{"line":118,"column":5}},"line":116},"10":{"name":"(anonymous_10)","decl":{"start":{"line":155,"column":27},"end":{"line":155,"column":28}},"loc":{"start":{"line":155,"column":43},"end":{"line":155,"column":68}},"line":155}},"branchMap":{},"s":{"0":3,"1":5,"2":0,"3":3,"4":0,"5":0,"6":8,"7":6,"8":6,"9":6,"10":6,"11":6,"12":6,"13":0,"14":6,"15":0,"16":0,"17":0,"18":0,"19":6,"20":6,"21":1,"22":1,"23":1,"24":6,"25":0,"26":6,"27":0},"f":{"0":5,"1":0,"2":0,"3":0,"4":8,"5":0,"6":0,"7":0,"8":1,"9":0,"10":0},"b":{},"_coverageSchema":"1a1c01bbd47fc00a2c39e90264f33305004495a9","hash":"f4bc924c2a703c48122ff29763f4f5cfdce1d9da"}
,"/codebuild/output/src2291302061/src/source/ui-deployment/src/components/useCaseDetails/common-components.jsx": {"path":"/codebuild/output/src2291302061/src/source/ui-deployment/src/components/useCaseDetails/common-components.jsx","statementMap":{"0":{"start":{"line":34,"column":29},"end":{"line":39,"column":1}},"1":{"start":{"line":41,"column":30},"end":{"line":46,"column":1}},"2":{"start":{"line":42,"column":4},"end":{"line":45,"column":10}},"3":{"start":{"line":48,"column":27},"end":{"line":68,"column":1}},"4":{"start":{"line":49,"column":21},"end":{"line":49,"column":34}},"5":{"start":{"line":51,"column":4},"end":{"line":67,"column":6}},"6":{"start":{"line":63,"column":16},"end":{"line":63,"column":39}},"7":{"start":{"line":64,"column":16},"end":{"line":64,"column":44}},"8":{"start":{"line":70,"column":26},"end":{"line":83,"column":1}},"9":{"start":{"line":71,"column":4},"end":{"line":82,"column":6}},"10":{"start":{"line":76,"column":75},"end":{"line":76,"column":81}},"11":{"start":{"line":85,"column":27},"end":{"line":92,"column":1}},"12":{"start":{"line":95,"column":39},"end":{"line":97,"column":1}},"13":{"start":{"line":96,"column":4},"end":{"line":96,"column":107}},"14":{"start":{"line":99,"column":29},"end":{"line":191,"column":1}},"15":{"start":{"line":102,"column":8},"end":{"line":102,"column":31}},"16":{"start":{"line":104,"column":58},"end":{"line":104,"column":73}},"17":{"start":{"line":105,"column":44},"end":{"line":105,"column":59}},"18":{"start":{"line":107,"column":31},"end":{"line":109,"column":5}},"19":{"start":{"line":108,"column":8},"end":{"line":108,"column":69}},"20":{"start":{"line":111,"column":4},"end":{"line":190,"column":6}},"21":{"start":{"line":153,"column":32},"end":{"line":153,"column":61}},"22":{"start":{"line":161,"column":45},"end":{"line":161,"column":74}},"23":{"start":{"line":174,"column":32},"end":{"line":174,"column":54}},"24":{"start":{"line":182,"column":45},"end":{"line":182,"column":67}},"25":{"start":{"line":193,"column":30},"end":{"line":199,"column":1}},"26":{"start":{"line":194,"column":4},"end":{"line":198,"column":5}},"27":{"start":{"line":195,"column":8},"end":{"line":195,"column":39}},"28":{"start":{"line":197,"column":8},"end":{"line":197,"column":25}},"29":{"start":{"line":201,"column":26},"end":{"line":205,"column":1}},"30":{"start":{"line":202,"column":4},"end":{"line":204,"column":24}},"31":{"start":{"line":207,"column":48},"end":{"line":226,"column":1}},"32":{"start":{"line":208,"column":37},"end":{"line":208,"column":69}},"33":{"start":{"line":209,"column":30},"end":{"line":209,"column":84}},"34":{"start":{"line":211,"column":4},"end":{"line":215,"column":5}},"35":{"start":{"line":212,"column":8},"end":{"line":212,"column":101}},"36":{"start":{"line":214,"column":8},"end":{"line":214,"column":68}},"37":{"start":{"line":217,"column":4},"end":{"line":219,"column":5}},"38":{"start":{"line":218,"column":8},"end":{"line":218,"column":40}},"39":{"start":{"line":221,"column":4},"end":{"line":225,"column":5}},"40":{"start":{"line":222,"column":8},"end":{"line":222,"column":52}},"41":{"start":{"line":224,"column":8},"end":{"line":224,"column":53}},"42":{"start":{"line":228,"column":25},"end":{"line":230,"column":1}},"43":{"start":{"line":229,"column":4},"end":{"line":229,"column":41}},"44":{"start":{"line":232,"column":29},"end":{"line":253,"column":1}},"45":{"start":{"line":233,"column":27},"end":{"line":233,"column":29}},"46":{"start":{"line":234,"column":4},"end":{"line":242,"column":5}},"47":{"start":{"line":235,"column":8},"end":{"line":241,"column":10}},"48":{"start":{"line":244,"column":4},"end":{"line":252,"column":6}},"49":{"start":{"line":249,"column":20},"end":{"line":249,"column":49}},"50":{"start":{"line":255,"column":44},"end":{"line":263,"column":1}},"51":{"start":{"line":256,"column":4},"end":{"line":262,"column":5}},"52":{"start":{"line":257,"column":8},"end":{"line":259,"column":11}},"53":{"start":{"line":258,"column":12},"end":{"line":258,"column":87}},"54":{"start":{"line":261,"column":8},"end":{"line":261,"column":18}},"55":{"start":{"line":265,"column":28},"end":{"line":322,"column":1}},"56":{"start":{"line":268,"column":8},"end":{"line":268,"column":31}},"57":{"start":{"line":271,"column":8},"end":{"line":278,"column":15}},"58":{"start":{"line":280,"column":4},"end":{"line":321,"column":6}},"59":{"start":{"line":324,"column":37},"end":{"line":334,"column":1}},"60":{"start":{"line":325,"column":4},"end":{"line":333,"column":6}},"61":{"start":{"line":336,"column":36},"end":{"line":403,"column":1}},"62":{"start":{"line":339,"column":8},"end":{"line":339,"column":31}},"63":{"start":{"line":341,"column":76},"end":{"line":341,"column":91}},"64":{"start":{"line":342,"column":25},"end":{"line":342,"column":69}},"65":{"start":{"line":342,"column":31},"end":{"line":342,"column":69}},"66":{"start":{"line":344,"column":4},"end":{"line":346,"column":5}},"67":{"start":{"line":345,"column":8},"end":{"line":345,"column":41}},"68":{"start":{"line":348,"column":27},"end":{"line":348,"column":81}},"69":{"start":{"line":349,"column":25},"end":{"line":349,"column":78}},"70":{"start":{"line":352,"column":8},"end":{"line":352,"column":106}},"71":{"start":{"line":354,"column":4},"end":{"line":402,"column":6}},"72":{"start":{"line":372,"column":36},"end":{"line":372,"column":74}}},"fnMap":{"0":{"name":"(anonymous_0)","decl":{"start":{"line":41,"column":30},"end":{"line":41,"column":31}},"loc":{"start":{"line":42,"column":4},"end":{"line":45,"column":10}},"line":42},"1":{"name":"(anonymous_1)","decl":{"start":{"line":48,"column":27},"end":{"line":48,"column":28}},"loc":{"start":{"line":48,"column":49},"end":{"line":68,"column":1}},"line":48},"2":{"name":"(anonymous_2)","decl":{"start":{"line":62,"column":22},"end":{"line":62,"column":23}},"loc":{"start":{"line":62,"column":33},"end":{"line":65,"column":13}},"line":62},"3":{"name":"(anonymous_3)","decl":{"start":{"line":70,"column":26},"end":{"line":70,"column":27}},"loc":{"start":{"line":70,"column":61},"end":{"line":83,"column":1}},"line":70},"4":{"name":"(anonymous_4)","decl":{"start":{"line":76,"column":63},"end":{"line":76,"column":64}},"loc":{"start":{"line":76,"column":75},"end":{"line":76,"column":81}},"line":76},"5":{"name":"(anonymous_5)","decl":{"start":{"line":95,"column":39},"end":{"line":95,"column":40}},"loc":{"start":{"line":95,"column":66},"end":{"line":97,"column":1}},"line":95},"6":{"name":"(anonymous_6)","decl":{"start":{"line":99,"column":29},"end":{"line":99,"column":30}},"loc":{"start":{"line":99,"column":35},"end":{"line":191,"column":1}},"line":99},"7":{"name":"(anonymous_7)","decl":{"start":{"line":107,"column":31},"end":{"line":107,"column":32}},"loc":{"start":{"line":107,"column":42},"end":{"line":109,"column":5}},"line":107},"8":{"name":"(anonymous_8)","decl":{"start":{"line":152,"column":38},"end":{"line":152,"column":39}},"loc":{"start":{"line":152,"column":44},"end":{"line":154,"column":29}},"line":152},"9":{"name":"(anonymous_9)","decl":{"start":{"line":161,"column":39},"end":{"line":161,"column":40}},"loc":{"start":{"line":161,"column":45},"end":{"line":161,"column":74}},"line":161},"10":{"name":"(anonymous_10)","decl":{"start":{"line":173,"column":38},"end":{"line":173,"column":39}},"loc":{"start":{"line":173,"column":44},"end":{"line":175,"column":29}},"line":173},"11":{"name":"(anonymous_11)","decl":{"start":{"line":182,"column":39},"end":{"line":182,"column":40}},"loc":{"start":{"line":182,"column":45},"end":{"line":182,"column":67}},"line":182},"12":{"name":"(anonymous_12)","decl":{"start":{"line":193,"column":30},"end":{"line":193,"column":31}},"loc":{"start":{"line":193,"column":45},"end":{"line":199,"column":1}},"line":193},"13":{"name":"(anonymous_13)","decl":{"start":{"line":201,"column":26},"end":{"line":201,"column":27}},"loc":{"start":{"line":201,"column":45},"end":{"line":205,"column":1}},"line":201},"14":{"name":"(anonymous_14)","decl":{"start":{"line":207,"column":48},"end":{"line":207,"column":49}},"loc":{"start":{"line":207,"column":119},"end":{"line":226,"column":1}},"line":207},"15":{"name":"(anonymous_15)","decl":{"start":{"line":228,"column":25},"end":{"line":228,"column":26}},"loc":{"start":{"line":228,"column":35},"end":{"line":230,"column":1}},"line":228},"16":{"name":"(anonymous_16)","decl":{"start":{"line":232,"column":29},"end":{"line":232,"column":30}},"loc":{"start":{"line":232,"column":50},"end":{"li
[...]
,"/codebuild/output/src2291302061/src/source/ui-deployment/src/home/home.state.tsx": {"path":"/codebuild/output/src2291302061/src/source/ui-deployment/src/home/home.state.tsx","statementMap":{"0":{"start":{"line":25,"column":46},"end":{"line":31,"column":1}},"1":{"start":{"line":33,"column":35},"end":{"line":38,"column":1}},"2":{"start":{"line":34,"column":4},"end":{"line":37,"column":6}}},"fnMap":{"0":{"name":"(anonymous_0)","decl":{"start":{"line":33,"column":35},"end":{"line":33,"column":36}},"loc":{"start":{"line":33,"column":93},"end":{"line":38,"column":1}},"line":33}},"branchMap":{},"s":{"0":0,"1":0,"2":0},"f":{"0":0},"b":{}}
,"/codebuild/output/src2291302061/src/source/ui-deployment/src/hooks/useCreateReducer.ts": {"path":"/codebuild/output/src2291302061/src/source/ui-deployment/src/hooks/useCreateReducer.ts","statementMap":{"0":{"start":{"line":25,"column":32},"end":{"line":39,"column":1}},"1":{"start":{"line":28,"column":20},"end":{"line":34,"column":5}},"2":{"start":{"line":29,"column":8},"end":{"line":29,"column":76}},"3":{"start":{"line":29,"column":26},"end":{"line":29,"column":76}},"4":{"start":{"line":31,"column":8},"end":{"line":31,"column":57}},"5":{"start":{"line":31,"column":37},"end":{"line":31,"column":57}},"6":{"start":{"line":33,"column":8},"end":{"line":33,"column":26}},"7":{"start":{"line":36,"column":30},"end":{"line":36,"column":63}},"8":{"start":{"line":38,"column":4},"end":{"line":38,"column":67}},"9":{"start":{"line":38,"column":26},"end":{"line":38,"column":45}}},"fnMap":{"0":{"name":"(anonymous_0)","decl":{"start":{"line":25,"column":32},"end":{"line":25,"column":33}},"loc":{"start":{"line":25,"column":78},"end":{"line":39,"column":1}},"line":25},"1":{"name":"(anonymous_1)","decl":{"start":{"line":28,"column":20},"end":{"line":28,"column":21}},"loc":{"start":{"line":28,"column":50},"end":{"line":34,"column":5}},"line":28},"2":{"name":"(anonymous_2)","decl":{"start":{"line":38,"column":19},"end":{"line":38,"column":20}},"loc":{"start":{"line":38,"column":26},"end":{"line":38,"column":45}},"line":38}},"branchMap":{"0":{"loc":{"start":{"line":29,"column":8},"end":{"line":29,"column":76}},"type":"if","locations":[{"start":{"line":29,"column":8},"end":{"line":29,"column":76}},{"start":{},"end":{}}],"line":29},"1":{"loc":{"start":{"line":31,"column":8},"end":{"line":31,"column":57}},"type":"if","locations":[{"start":{"line":31,"column":8},"end":{"line":31,"column":57}},{"start":{},"end":{}}],"line":31}},"s":{"0":0,"1":0,"2":0,"3":0,"4":0,"5":0,"6":0,"7":0,"8":0,"9":0},"f":{"0":0,"1":0,"2":0},"b":{"0":[0,0],"1":[0,0]}}
,"/codebuild/output/src2291302061/src/source/ui-deployment/src/i18n-strings/app-layout.ts": {"path":"/codebuild/output/src2291302061/src/source/ui-deployment/src/i18n-strings/app-layout.ts","statementMap":{"0":{"start":{"line":16,"column":58},"end":{"line":24,"column":1}}},"fnMap":{},"branchMap":{},"s":{"0":9},"f":{},"b":{},"_coverageSchema":"1a1c01bbd47fc00a2c39e90264f33305004495a9","hash":"3fb452d1edb7f6b6be9575f6e15bb483c53261fe"}
,"/codebuild/output/src2291302061/src/source/ui-deployment/src/i18n-strings/collection-preferences.ts": {"path":"/codebuild/output/src2291302061/src/source/ui-deployment/src/i18n-strings/collection-preferences.ts","statementMap":{"0":{"start":{"line":16,"column":113},"end":{"line":30,"column":1}},"1":{"start":{"line":17,"column":53},"end":{"line":17,"column":105}},"2":{"start":{"line":20,"column":8},"end":{"line":22,"column":70}},"3":{"start":{"line":24,"column":8},"end":{"line":26,"column":100}}},"fnMap":{"0":{"name":"(anonymous_0)","decl":{"start":{"line":17,"column":32},"end":{"line":17,"column":33}},"loc":{"start":{"line":17,"column":53},"end":{"line":17,"column":105}},"line":17},"1":{"name":"(anonymous_1)","decl":{"start":{"line":19,"column":38},"end":{"line":19,"column":39}},"loc":{"start":{"line":20,"column":8},"end":{"line":22,"column":70}},"line":20},"2":{"name":"(anonymous_2)","decl":{"start":{"line":23,"column":38},"end":{"line":23,"column":39}},"loc":{"start":{"line":24,"column":8},"end":{"line":26,"column":100}},"line":24}},"branchMap":{"0":{"loc":{"start":{"line":20,"column":8},"end":{"line":22,"column":70}},"type":"cond-expr","locations":[{"start":{"line":21,"column":14},"end":{"line":21,"column":75}},{"start":{"line":22,"column":14},"end":{"line":22,"column":70}}],"line":20},"1":{"loc":{"start":{"line":24,"column":8},"end":{"line":26,"column":100}},"type":"cond-expr","locations":[{"start":{"line":25,"column":14},"end":{"line":25,"column":87}},{"start":{"line":26,"column":14},"end":{"line":26,"column":100}}],"line":24}},"s":{"0":9,"1":0,"2":0,"3":0},"f":{"0":0,"1":0,"2":0},"b":{"0":[0,0],"1":[0,0]},"_coverageSchema":"1a1c01bbd47fc00a2c39e90264f33305004495a9","hash":"8ff9adb903289b6644e1dcbd1d07f905448c960e"}
,"/codebuild/output/src2291302061/src/source/ui-deployment/src/i18n-strings/flashbar.ts": {"path":"/codebuild/output/src2291302061/src/source/ui-deployment/src/i18n-strings/flashbar.ts","statementMap":{"0":{"start":{"line":16,"column":62},"end":{"line":25,"column":1}}},"fnMap":{},"branchMap":{},"s":{"0":9},"f":{},"b":{},"_coverageSchema":"1a1c01bbd47fc00a2c39e90264f33305004495a9","hash":"9ba7753c081853f0e22c63c90179cdac550c2d87"}
,"/codebuild/output/src2291302061/src/source/ui-deployment/src/i18n-strings/header.ts": {"path":"/codebuild/output/src2291302061/src/source/ui-deployment/src/i18n-strings/header.ts","statementMap":{"0":{"start":{"line":14,"column":36},"end":{"line":21,"column":1}},"1":{"start":{"line":18,"column":4},"end":{"line":20,"column":30}},"2":{"start":{"line":23,"column":46},"end":{"line":25,"column":1}},"3":{"start":{"line":24,"column":4},"end":{"line":24,"column":105}}},"fnMap":{"0":{"name":"(anonymous_0)","decl":{"start":{"line":14,"column":36},"end":{"line":14,"column":37}},"loc":{"start":{"line":17,"column":5},"end":{"line":21,"column":1}},"line":17},"1":{"name":"(anonymous_1)","decl":{"start":{"line":23,"column":46},"end":{"line":23,"column":47}},"loc":{"start":{"line":23,"column":105},"end":{"line":25,"column":1}},"line":23}},"branchMap":{"0":{"loc":{"start":{"line":18,"column":11},"end":{"line":20,"column":29}},"type":"cond-expr","locations":[{"start":{"line":19,"column":10},"end":{"line":19,"column":53}},{"start":{"line":20,"column":10},"end":{"line":20,"column":29}}],"line":18},"1":{"loc":{"start":{"line":18,"column":11},"end":{"line":18,"column":53}},"type":"binary-expr","locations":[{"start":{"line":18,"column":11},"end":{"line":18,"column":24}},{"start":{"line":18,"column":28},"end":{"line":18,"column":53}}],"line":18},"2":{"loc":{"start":{"line":24,"column":11},"end":{"line":24,"column":104}},"type":"cond-expr","locations":[{"start":{"line":24,"column":48},"end":{"line":24,"column":83}},{"start":{"line":24,"column":86},"end":{"line":24,"column":104}}],"line":24},"3":{"loc":{"start":{"line":24,"column":11},"end":{"line":24,"column":45}},"type":"binary-expr","locations":[{"start":{"line":24,"column":11},"end":{"line":24,"column":24}},{"start":{"line":24,"column":28},"end":{"line":24,"column":45}}],"line":24}},"s":{"0":9,"1":20,"2":9,"3":0},"f":{"0":20,"1":0},"b":{"0":[0,20],"1":[20,20],"2":[0,0],"3":[0,0]},"_coverageSchema":"1a1c01bbd47fc00a2c39e90264f33305004495a9","hash":"72904c91650e34c343e06ede9110c931b0bd5a44"}
,"/codebuild/output/src2291302061/src/source/ui-deployment/src/i18n-strings/index.ts": {"path":"/codebuild/output/src2291302061/src/source/ui-deployment/src/i18n-strings/index.ts","statementMap":{},"fnMap":{},"branchMap":{},"s":{},"f":{},"b":{},"_coverageSchema":"1a1c01bbd47fc00a2c39e90264f33305004495a9","hash":"af8f0c387681b640e875b7e10e2e388a553d41a1"}
,"/codebuild/output/src2291302061/src/source/ui-deployment/src/i18n-strings/pagination.ts": {"path":"/codebuild/output/src2291302061/src/source/ui-deployment/src/i18n-strings/pagination.ts","statementMap":{"0":{"start":{"line":16,"column":60},"end":{"line":17,"column":74}},"1":{"start":{"line":17,"column":4},"end":{"line":17,"column":74}},"2":{"start":{"line":19,"column":85},"end":{"line":23,"column":2}},"3":{"start":{"line":19,"column":102},"end":{"line":23,"column":1}},"4":{"start":{"line":22,"column":31},"end":{"line":22,"column":83}}},"fnMap":{"0":{"name":"(anonymous_0)","decl":{"start":{"line":16,"column":60},"end":{"line":16,"column":61}},"loc":{"start":{"line":17,"column":4},"end":{"line":17,"column":74}},"line":17},"1":{"name":"(anonymous_1)","decl":{"start":{"line":19,"column":85},"end":{"line":19,"column":86}},"loc":{"start":{"line":19,"column":102},"end":{"line":23,"column":1}},"line":19},"2":{"name":"(anonymous_2)","decl":{"start":{"line":22,"column":15},"end":{"line":22,"column":16}},"loc":{"start":{"line":22,"column":31},"end":{"line":22,"column":83}},"line":22}},"branchMap":{"0":{"loc":{"start":{"line":22,"column":56},"end":{"line":22,"column":81}},"type":"binary-expr","locations":[{"start":{"line":22,"column":56},"end":{"line":22,"column":66}},{"start":{"line":22,"column":70},"end":{"line":22,"column":81}}],"line":22}},"s":{"0":9,"1":28,"2":9,"3":21,"4":42},"f":{"0":28,"1":21,"2":42},"b":{"0":[42,42]},"_coverageSchema":"1a1c01bbd47fc00a2c39e90264f33305004495a9","hash":"94f9a86492bae1dc542fa5bcba999e5c6422a14d"}
,"/codebuild/output/src2291302061/src/source/ui-deployment/src/i18n-strings/table.ts": {"path":"/codebuild/output/src2291302061/src/source/ui-deployment/src/i18n-strings/table.ts","statementMap":{"0":{"start":{"line":16,"column":67},"end":{"line":18,"column":1}},"1":{"start":{"line":17,"column":34},"end":{"line":17,"column":46}},"2":{"start":{"line":20,"column":66},"end":{"line":26,"column":1}},"3":{"start":{"line":21,"column":41},"end":{"line":21,"column":75}},"4":{"start":{"line":22,"column":33},"end":{"line":22,"column":66}},"5":{"start":{"line":23,"column":33},"end":{"line":23,"column":63}},"6":{"start":{"line":24,"column":30},"end":{"line":24,"column":47}},"7":{"start":{"line":25,"column":31},"end":{"line":25,"column":48}},"8":{"start":{"line":28,"column":80},"end":{"line":32,"column":1}},"9":{"start":{"line":30,"column":39},"end":{"line":30,"column":57}},"10":{"start":{"line":34,"column":88},"end":{"line":37,"column":1}},"11":{"start":{"line":42,"column":4},"end":{"line":44,"column":5}},"12":{"start":{"line":43,"column":8},"end":{"line":43,"column":15}},"13":{"start":{"line":45,"column":4},"end":{"line":52,"column":6}},"14":{"start":{"line":46,"column":8},"end":{"line":48,"column":9}},"15":{"start":{"line":47,"column":12},"end":{"line":47,"column":52}},"16":{"start":{"line":50,"column":29},"end":{"line":50,"column":68}},"17":{"start":{"line":51,"column":8},"end":{"line":51,"column":58}}},"fnMap":{"0":{"name":"(anonymous_0)","decl":{"start":{"line":17,"column":28},"end":{"line":17,"column":29}},"loc":{"start":{"line":17,"column":34},"end":{"line":17,"column":46}},"line":17},"1":{"name":"(anonymous_1)","decl":{"start":{"line":21,"column":23},"end":{"line":21,"column":24}},"loc":{"start":{"line":21,"column":41},"end":{"line":21,"column":75}},"line":21},"2":{"name":"(anonymous_2)","decl":{"start":{"line":22,"column":21},"end":{"line":22,"column":22}},"loc":{"start":{"line":22,"column":33},"end":{"line":22,"column":66}},"line":22},"3":{"name":"(anonymous_3)","decl":{"start":{"line":23,"column":21},"end":{"line":23,"column":22}},"loc":{"start":{"line":23,"column":33},"end":{"line":23,"column":63}},"line":23},"4":{"name":"(anonymous_4)","decl":{"start":{"line":24,"column":24},"end":{"line":24,"column":25}},"loc":{"start":{"line":24,"column":30},"end":{"line":24,"column":47}},"line":24},"5":{"name":"(anonymous_5)","decl":{"start":{"line":25,"column":25},"end":{"line":25,"column":26}},"loc":{"start":{"line":25,"column":31},"end":{"line":25,"column":48}},"line":25},"6":{"name":"(anonymous_6)","decl":{"start":{"line":30,"column":24},"end":{"line":30,"column":25}},"loc":{"start":{"line":30,"column":39},"end":{"line":30,"column":57}},"line":30},"7":{"name":"createTableSortLabelFn","decl":{"start":{"line":39,"column":16},"end":{"line":39,"column":38}},"loc":{"start":{"line":41,"column":53},"end":{"line":53,"column":1}},"line":41},"8":{"name":"(anonymous_8)","decl":{"start":{"line":45,"column":11},"end":{"line":45,"column":12}},"loc":{"start":{"line":45,"column":39},"end":{"line":52,"column":5}},"line":45}},"branchMap":{"0":{"loc":{"start":{"line":42,"column":4},"end":{"line":44,"column":5}},"type":"if","locations":[{"start":{"line":42,"column":4},"end":{"line":44,"column":5}},{"start":{},"end":{}}],"line":42},"1":{"loc":{"start":{"line":42,"column":8},"end":{"line":42,"column":78}},"type":"binary-expr","locations":[{"start":{"line":42,"column":8},"end":{"line":42,"column":28}},{"start":{"line":42,"column":32},"end":{"line":42,"column":57}},{"start":{"line":42,"column":61},"end":{"line":42,"column":78}}],"line":42},"2":{"loc":{"start":{"line":46,"column":8},"end":{"line":48,"column":9}},"type":"if","locations":[{"start":{"line":46,"column":8},"end":{"line":48,"column":9}},{"start":{},"end":{}}],"line":46},"3":{"loc":{"start":{"line":50,"column":29},"end":{"line":50,"column":68}},"type":"cond-expr","locations":[{"start":{"line":50,"column":42},"end":{"line":50,"column":54}},{"start":{"line":50,"column":57},"end":{"line":50,"column":68}}],"line":50}},"s":{"0":9,"1":0,"2":9,"3":0,"4":0,"5":0,"6":0,"7":0,"8":9,"9":65,"10":9,"11":48,"12":0,"13":48,"14":168,"15":140,"16":28,"17":28},"f":{"0":0,"1":0,"2":0,"3":0,"4":0,"5":0,"6":65,"7":48,"8":168},"b":{"0":[0,48],"1":[48,0,0],"2":[140,28],"3":[28,0]},"_coverageSchema":"1a1c01bbd47fc00a2c39e90264f33305004495a9","hash":"6ec600f4fe5407382ef2556f731bd9ed2d301cb0"}
,"/codebuild/output/src2291302061/src/source/ui-deployment/src/i18n-strings/text-filter.ts": {"path":"/codebuild/output/src2291302061/src/source/ui-deployment/src/i18n-strings/text-filter.ts","statementMap":{"0":{"start":{"line":14,"column":40},"end":{"line":14,"column":106}},"1":{"start":{"line":14,"column":59},"end":{"line":14,"column":106}}},"fnMap":{"0":{"name":"(anonymous_0)","decl":{"start":{"line":14,"column":40},"end":{"line":14,"column":41}},"loc":{"start":{"line":14,"column":59},"end":{"line":14,"column":106}},"line":14}},"branchMap":{"0":{"loc":{"start":{"line":14,"column":71},"end":{"line":14,"column":104}},"type":"cond-expr","locations":[{"start":{"line":14,"column":85},"end":{"line":14,"column":92}},{"start":{"line":14,"column":95},"end":{"line":14,"column":104}}],"line":14}},"s":{"0":9,"1":21},"f":{"0":21},"b":{"0":[0,21]},"_coverageSchema":"1a1c01bbd47fc00a2c39e90264f33305004495a9","hash":"74d951ee9d22bc7185fc68b57e122d53f5053e33"}
,"/codebuild/output/src2291302061/src/source/ui-deployment/src/utils/constants.ts": {"path":"/codebuild/output/src2291302061/src/source/ui-deployment/src/utils/constants.ts","statementMap":{"0":{"start":{"line":14,"column":24},"end":{"line":14,"column":29}},"1":{"start":{"line":15,"column":34},"end":{"line":15,"column":76}},"2":{"start":{"line":17,"column":40},"end":{"line":17,"column":41}},"3":{"start":{"line":18,"column":40},"end":{"line":18,"column":42}},"4":{"start":{"line":19,"column":42},"end":{"line":19,"column":43}},"5":{"start":{"line":20,"column":42},"end":{"line":20,"column":44}},"6":{"start":{"line":21,"column":47},"end":{"line":21,"column":48}},"7":{"start":{"line":22,"column":47},"end":{"line":22,"column":50}},"8":{"start":{"line":23,"column":37},"end":{"line":23,"column":38}},"9":{"start":{"line":24,"column":37},"end":{"line":24,"column":39}},"10":{"start":{"line":25,"column":34},"end":{"line":25,"column":35}},"11":{"start":{"line":26,"column":34},"end":{"line":26,"column":37}},"12":{"start":{"line":27,"column":42},"end":{"line":27,"column":43}},"13":{"start":{"line":28,"column":42},"end":{"line":28,"column":46}},"14":{"start":{"line":29,"column":47},"end":{"line":29,"column":48}},"15":{"start":{"line":30,"column":47},"end":{"line":30,"column":49}},"16":{"start":{"line":31,"column":48},"end":{"line":31,"column":49}},"17":{"start":{"line":32,"column":48},"end":{"line":32,"column":52}},"18":{"start":{"line":33,"column":42},"end":{"line":33,"column":43}},"19":{"start":{"line":34,"column":42},"end":{"line":34,"column":44}},"20":{"start":{"line":35,"column":52},"end":{"line":35,"column":53}},"21":{"start":{"line":36,"column":52},"end":{"line":36,"column":53}},"22":{"start":{"line":37,"column":54},"end":{"line":37,"column":55}},"23":{"start":{"line":38,"column":54},"end":{"line":38,"column":55}},"24":{"start":{"line":39,"column":43},"end":{"line":39,"column":44}},"25":{"start":{"line":40,"column":43},"end":{"line":40,"column":44}},"26":{"start":{"line":41,"column":37},"end":{"line":41,"column":41}},"27":{"start":{"line":43,"column":45},"end":{"line":43,"column":46}},"28":{"start":{"line":44,"column":56},"end":{"line":44,"column":57}},"29":{"start":{"line":45,"column":58},"end":{"line":45,"column":59}},"30":{"start":{"line":47,"column":46},"end":{"line":62,"column":1}},"31":{"start":{"line":52,"column":12},"end":{"line":52,"column":47}},"32":{"start":{"line":58,"column":12},"end":{"line":58,"column":47}},"33":{"start":{"line":64,"column":46},"end":{"line":68,"column":1}},"34":{"start":{"line":70,"column":34},"end":{"line":74,"column":1}},"35":{"start":{"line":76,"column":36},"end":{"line":80,"column":1}},"36":{"start":{"line":82,"column":42},"end":{"line":88,"column":1}},"37":{"start":{"line":90,"column":33},"end":{"line":90,"column":90}},"38":{"start":{"line":92,"column":43},"end":{"line":92,"column":51}},"39":{"start":{"line":94,"column":32},"end":{"line":111,"column":1}},"40":{"start":{"line":113,"column":30},"end":{"line":114,"column":214}},"41":{"start":{"line":116,"column":46},"end":{"line":116,"column":94}},"42":{"start":{"line":118,"column":39},"end":{"line":128,"column":1}},"43":{"start":{"line":130,"column":43},"end":{"line":130,"column":52}},"44":{"start":{"line":131,"column":30},"end":{"line":133,"column":1}},"45":{"start":{"line":135,"column":16},"end":{"line":135,"column":103}},"46":{"start":{"line":136,"column":23},"end":{"line":149,"column":1}},"47":{"start":{"line":151,"column":32},"end":{"line":151,"column":124}}},"fnMap":{"0":{"name":"(anonymous_0)","decl":{"start":{"line":51,"column":15},"end":{"line":51,"column":16}},"loc":{"start":{"line":51,"column":38},"end":{"line":53,"column":9}},"line":51},"1":{"name":"(anonymous_1)","decl":{"start":{"line":57,"column":15},"end":{"line":57,"column":16}},"loc":{"start":{"line":57,"column":38},"end":{"line":59,"column":9}},"line":57}},"branchMap":{},"s":{"0":10,"1":10,"2":10,"3":10,"4":10,"5":10,"6":10,"7":10,"8":10,"9":10,"10":10,"11":10,"12":10,"13":10,"14":10,"15":10,"16":10,"17":10,"18":10,"19":10,"20":10,"21":10,"22":10,"23":10,"24":10,"25":10,"26":10,"27":10,"28":10,"29":10,"30":10,"31":0,"32":1,"33":10,"34":10,"35":10,"36":10,"37":10,"38":10,"39":10,"40":10,"41":10,"42":10,"43":10,"44":10,"45":10,"46":10,"47":10},"f":{"0":0,"1":1},"b":{},"_coverageSchema":"1a1c01bbd47fc00a2c39e90264f33305004495a9","hash":"82ac69c50b857acf034aef58b3f5d2f3b9cabd05"}
,"/codebuild/output/src2291302061/src/source/ui-deployment/src/utils/utils.tsx": {"path":"/codebuild/output/src2291302061/src/source/ui-deployment/src/utils/utils.tsx","statementMap":{"0":{"start":{"line":22,"column":4},"end":{"line":28,"column":5}},"1":{"start":{"line":23,"column":21},"end":{"line":23,"column":58}},"2":{"start":{"line":24,"column":22},"end":{"line":24,"column":80}},"3":{"start":{"line":25,"column":8},"end":{"line":25,"column":21}},"4":{"start":{"line":27,"column":8},"end":{"line":27,"column":48}}},"fnMap":{"0":{"name":"generateToken","decl":{"start":{"line":21,"column":22},"end":{"line":21,"column":35}},"loc":{"start":{"line":21,"column":38},"end":{"line":29,"column":1}},"line":21}},"branchMap":{},"s":{"0":3,"1":3,"2":3,"3":3,"4":0},"f":{"0":3},"b":{},"_coverageSchema":"1a1c01bbd47fc00a2c39e90264f33305004495a9","hash":"f6f8ae76e20aa8f798122397bfb10716269ce241"}
}
