TN:
SF:src/components/commons/breadcrumbs.js
FNF:0
FNH:0
DA:14,2
LF:1
LH:1
BRF:0
BRH:0
end_of_record
TN:
SF:src/components/commons/columnDefinitionsHelper.js
FN:14,(anonymous_0)
FN:15,(anonymous_1)
FN:16,(anonymous_2)
FN:23,(anonymous_3)
FN:24,(anonymous_4)
FNF:5
FNH:2
FNDA:8,(anonymous_0)
FNDA:48,(anonymous_1)
FNDA:0,(anonymous_2)
FNDA:0,(anonymous_3)
FNDA:0,(anonymous_4)
DA:14,2
DA:15,8
DA:16,48
DA:17,48
DA:23,2
DA:24,0
LF:6
LH:5
BRDA:16,0,0,48
BRDA:16,0,1,48
BRDA:19,1,0,48
BRDA:19,1,1,0
BRDA:19,1,2,48
BRF:5
BRH:4
end_of_record
TN:
SF:src/components/commons/common-components.jsx
FN:21,(anonymous_0)
FN:25,(anonymous_1)
FN:39,(anonymous_2)
FNF:3
FNH:2
FNDA:9,(anonymous_0)
FNDA:0,(anonymous_1)
FNDA:7,(anonymous_2)
DA:21,8
DA:22,9
DA:25,8
DA:26,0
DA:39,8
DA:40,7
LF:6
LH:5
BRF:0
BRH:0
end_of_record
TN:
SF:src/components/commons/delete-modal.jsx
FN:23,(anonymous_0)
FN:33,DeleteDeploymentModal
FN:39,(anonymous_2)
FN:45,(anonymous_3)
FN:47,(anonymous_4)
FN:78,(anonymous_5)
FN:107,(anonymous_6)
FNF:7
FNH:4
FNDA:1,(anonymous_0)
FNDA:28,DeleteDeploymentModal
FNDA:0,(anonymous_2)
FNDA:28,(anonymous_3)
FNDA:0,(anonymous_4)
FNDA:1,(anonymous_5)
FNDA:0,(anonymous_6)
DA:23,4
DA:24,1
DA:25,1
DA:26,1
DA:27,1
DA:29,0
DA:34,28
DA:35,28
DA:36,28
DA:37,28
DA:39,28
DA:40,0
DA:41,0
DA:42,0
DA:45,28
DA:46,28
DA:47,1
DA:48,0
DA:49,0
DA:53,0
DA:59,28
DA:62,28
DA:79,1
DA:107,0
LF:24
LH:16
BRDA:46,0,0,1
BRDA:46,0,1,27
BRDA:59,1,0,28
BRDA:59,1,1,27
BRDA:63,2,0,28
BRDA:63,2,1,13
BRDA:91,3,0,13
BRDA:91,3,1,13
BRF:8
BRH:8
end_of_record
TN:
SF:src/components/commons/delete-notifications.tsx
FN:18,useNotifications
FN:31,(anonymous_1)
FN:63,DeleteNotifications
FNF:3
FNH:2
FNDA:13,useNotifications
FNDA:0,(anonymous_1)
FNDA:13,DeleteNotifications
DA:19,13
DA:21,13
DA:22,13
DA:24,13
DA:25,1
DA:31,0
DA:34,12
DA:35,0
DA:44,12
DA:45,1
DA:56,13
DA:64,13
DA:65,13
LF:13
LH:11
BRDA:18,0,0,0
BRDA:24,1,0,1
BRDA:24,1,1,12
BRDA:24,2,0,13
BRDA:24,2,1,1
BRDA:34,3,0,0
BRDA:34,3,1,12
BRDA:34,4,0,12
BRDA:34,4,1,0
BRDA:44,5,0,1
BRDA:44,5,1,11
BRDA:44,6,0,12
BRDA:44,6,1,1
BRF:13
BRH:10
end_of_record
TN:
SF:src/components/commons/deploy-confirmation-modal.jsx
FN:20,ConfirmDeployModal
FN:25,(anonymous_1)
FNF:2
FNH:2
FNDA:133,ConfirmDeployModal
FNDA:1,(anonymous_1)
DA:23,133
DA:25,133
DA:26,1
DA:27,1
DA:30,133
DA:32,133
LF:6
LH:6
BRDA:30,0,0,133
BRDA:30,0,1,0
BRDA:33,1,0,133
BRDA:33,1,1,1
BRDA:59,2,0,1
BRDA:59,2,1,1
BRDA:81,3,0,1
BRDA:81,3,1,1
BRDA:87,4,0,1
BRDA:87,4,1,0
BRDA:87,4,2,0
BRF:11
BRH:8
end_of_record
TN:
SF:src/components/commons/external-link-group.tsx
FN:36,ExternalLinkItem
FN:44,ExternalLinkGroup
FN:69,(anonymous_2)
FN:84,(anonymous_3)
FNF:4
FNH:3
FNDA:25,ExternalLinkItem
FNDA:24,ExternalLinkGroup
FNDA:0,(anonymous_2)
FNDA:25,(anonymous_3)
DA:34,8
DA:37,25
DA:51,24
DA:56,24
DA:58,24
DA:59,0
DA:70,0
DA:77,24
DA:86,25
LF:9
LH:7
BRDA:45,0,0,24
BRDA:48,1,0,24
BRDA:58,2,0,0
BRDA:58,2,1,24
BRF:4
BRH:3
end_of_record
TN:
SF:src/components/commons/external-link-warning-modal.jsx
FN:16,ExternalLinkWarningModal
FNF:1
FNH:1
FNDA:12,ExternalLinkWarningModal
DA:17,12
LF:1
LH:1
BRDA:18,0,0,12
BRDA:18,0,1,1
BRF:2
BRH:2
end_of_record
TN:
SF:src/components/commons/external-link.tsx
FN:17,ExternalLink
FNF:1
FNH:0
FNDA:0,ExternalLink
DA:18,0
LF:1
LH:0
BRF:0
BRH:0
end_of_record
TN:
SF:src/components/commons/full-page-header.tsx
FN:33,FullPageHeader
FN:51,handleOnDeploymentIdClick
FN:59,handleEditDeploymentClick
FN:71,handleCloneDeploymentClick
FN:83,handleCreateDeploymentClick
FN:101,(anonymous_5)
FN:113,(anonymous_6)
FN:115,(anonymous_7)
FN:132,(anonymous_8)
FN:139,(anonymous_9)
FN:146,(anonymous_10)
FN:156,(anonymous_11)
FNF:12
FNH:11
FNDA:21,FullPageHeader
FNDA:1,handleOnDeploymentIdClick
FNDA:1,handleEditDeploymentClick
FNDA:1,handleCloneDeploymentClick
FNDA:1,handleCreateDeploymentClick
FNDA:0,(anonymous_5)
FNDA:7,(anonymous_6)
FNDA:7,(anonymous_7)
FNDA:1,(anonymous_8)
FNDA:1,(anonymous_9)
FNDA:1,(anonymous_10)
FNDA:1,(anonymous_11)
DA:44,21
DA:49,21
DA:52,1
DA:56,1
DA:60,1
DA:64,1
DA:68,1
DA:72,1
DA:76,1
DA:80,1
DA:84,1
DA:88,1
DA:92,1
DA:95,21
DA:98,21
DA:101,21
DA:102,0
DA:106,0
DA:107,0
DA:113,21
DA:114,7
DA:115,7
DA:116,7
DA:123,21
DA:132,1
DA:139,1
DA:146,1
DA:156,1
LF:28
LH:25
BRDA:34,0,0,21
BRDA:35,1,0,21
BRDA:36,2,0,21
BRDA:98,3,0,21
BRDA:98,3,1,3
BRDA:126,4,0,21
BRDA:126,4,1,21
BRDA:141,5,0,21
BRDA:141,5,1,18
BRF:9
BRH:9
end_of_record
TN:
SF:src/components/commons/index.ts
FNF:0
FNH:0
LF:0
LH:0
BRF:0
BRH:0
end_of_record
TN:
SF:src/components/commons/info-link.tsx
FN:22,(anonymous_0)
FNF:1
FNH:1
FNDA:623,(anonymous_0)
DA:22,8
DA:23,623
LF:2
LH:2
BRF:0
BRH:0
end_of_record
TN:
SF:src/components/commons/localStorage.ts
FN:14,(anonymous_0)
FN:16,(anonymous_1)
FN:18,(anonymous_2)
FNF:3
FNH:1
FNDA:0,(anonymous_0)
FNDA:0,(anonymous_1)
FNDA:15,(anonymous_2)
DA:14,2
DA:16,2
DA:18,2
DA:19,15
DA:20,15
DA:21,15
DA:23,0
DA:26,0
LF:8
LH:6
BRDA:21,0,0,15
BRDA:21,0,1,0
BRF:2
BRH:1
end_of_record
TN:
SF:src/components/commons/navigation.tsx
FN:25,(anonymous_0)
FN:37,Navigation
FNF:2
FNH:1
FNDA:0,(anonymous_0)
FNDA:145,Navigation
DA:16,8
DA:17,8
DA:25,8
DA:27,0
DA:43,145
LF:5
LH:4
BRDA:39,0,0,145
BRDA:40,1,0,145
BRDA:41,2,0,133
BRF:3
BRH:3
end_of_record
TN:
SF:src/components/commons/notifications.tsx
FN:19,useNotifications
FN:34,(anonymous_1)
FN:45,(anonymous_2)
FN:68,Notifications
FNF:4
FNH:2
FNDA:145,useNotifications
FNDA:0,(anonymous_1)
FNDA:0,(anonymous_2)
FNDA:145,Notifications
DA:20,145
DA:22,145
DA:23,145
DA:25,145
DA:26,1
DA:34,0
DA:37,144
DA:38,0
DA:45,0
DA:48,144
DA:49,1
DA:60,145
DA:69,145
DA:70,145
LF:14
LH:11
BRDA:19,0,0,12
BRDA:25,1,0,1
BRDA:25,1,1,144
BRDA:25,2,0,145
BRDA:25,2,1,1
BRDA:37,3,0,0
BRDA:37,3,1,144
BRDA:37,4,0,144
BRDA:37,4,1,0
BRDA:48,5,0,1
BRDA:48,5,1,143
BRDA:48,6,0,144
BRDA:48,6,1,1
BRF:13
BRH:11
end_of_record
TN:
SF:src/components/commons/separated-list.tsx
FN:22,SeparatedList
FN:26,(anonymous_1)
FNF:2
FNH:0
FNDA:0,SeparatedList
FNDA:0,(anonymous_1)
DA:23,0
DA:24,0
DA:27,0
LF:3
LH:0
BRF:0
BRH:0
end_of_record
TN:
SF:src/components/commons/table-config.jsx
FN:16,(anonymous_0)
FN:21,(anonymous_1)
FN:59,(anonymous_2)
FN:72,(anonymous_3)
FNF:4
FNH:3
FNDA:7,(anonymous_0)
FNDA:83,(anonymous_1)
FNDA:21,(anonymous_2)
FNDA:0,(anonymous_3)
DA:16,8
DA:17,7
DA:18,7
DA:21,8
DA:22,83
DA:23,83
DA:26,8
DA:28,8
DA:37,8
DA:53,8
DA:59,8
DA:66,21
DA:72,0
LF:13
LH:12
BRDA:63,0,0,21
BRDA:64,1,0,21
BRF:2
BRH:2
end_of_record
TN:
SF:src/components/commons/use-column-widths.js
FN:18,useColumnWidths
FN:21,handleWidthChange
FN:24,(anonymous_2)
FNF:3
FNH:2
FNDA:8,useColumnWidths
FNDA:0,handleWidthChange
FNDA:8,(anonymous_2)
DA:19,8
DA:22,0
DA:24,8
DA:25,8
DA:28,8
LF:5
LH:4
BRF:0
BRH:0
end_of_record
TN:
SF:src/components/commons/use-component-id.ts
FN:17,useSingleton
FN:20,getSingleton
FN:30,useComponentId
FNF:3
FNH:3
FNDA:34,useSingleton
FNDA:34,getSingleton
FNDA:34,useComponentId
DA:18,34
DA:21,34
DA:22,28
DA:24,34
DA:27,34
DA:31,34
LF:6
LH:6
BRDA:21,0,0,28
BRDA:21,0,1,6
BRF:2
BRH:2
end_of_record
TN:
SF:src/components/commons/use-local-storage.ts
FN:17,useLocalStorage
FN:18,(anonymous_1)
FN:20,handleValueChange
FNF:3
FNH:2
FNDA:29,useLocalStorage
FNDA:15,(anonymous_1)
FNDA:0,handleValueChange
DA:18,29
DA:21,0
DA:22,0
DA:25,29
LF:4
LH:2
BRDA:18,0,0,15
BRDA:18,0,1,15
BRF:2
BRH:2
end_of_record
TN:
SF:src/components/commons/copy-text/index.tsx
FN:30,copyToClipboard
FN:34,CopyText
FN:52,(anonymous_2)
FN:54,(anonymous_3)
FN:58,(anonymous_4)
FNF:5
FNH:0
FNDA:0,copyToClipboard
FNDA:0,CopyText
FNDA:0,(anonymous_2)
FNDA:0,(anonymous_3)
FNDA:0,(anonymous_4)
DA:18,0
DA:19,0
DA:31,0
DA:35,0
DA:36,0
DA:38,0
DA:53,0
DA:55,0
DA:56,0
DA:59,0
DA:60,0
LF:11
LH:0
BRF:0
BRH:0
end_of_record
TN:
SF:src/components/dashboard/DashboardView.jsx
FN:44,UseCaseTable
FN:53,(anonymous_1)
FN:54,(anonymous_2)
FN:61,(anonymous_3)
FN:95,(anonymous_4)
FN:99,(anonymous_5)
FN:106,(anonymous_6)
FN:114,(anonymous_7)
FN:119,(anonymous_8)
FN:185,(anonymous_9)
FN:199,DashboardView
FN:204,(anonymous_11)
FN:212,(anonymous_12)
FN:214,(anonymous_13)
FN:220,(anonymous_14)
FN:221,(anonymous_15)
FN:235,(anonymous_16)
FN:244,(anonymous_17)
FN:251,(anonymous_18)
FN:258,(anonymous_19)
FN:265,(anonymous_20)
FN:272,(anonymous_21)
FN:277,(anonymous_22)
FN:286,(anonymous_23)
FN:300,(anonymous_24)
FN:310,(anonymous_25)
FNF:26
FNH:18
FNDA:21,UseCaseTable
FNDA:1,(anonymous_1)
FNDA:0,(anonymous_2)
FNDA:7,(anonymous_3)
FNDA:7,(anonymous_4)
FNDA:84,(anonymous_5)
FNDA:0,(anonymous_6)
FNDA:0,(anonymous_7)
FNDA:5,(anonymous_8)
FNDA:65,(anonymous_9)
FNDA:9,DashboardView
FNDA:0,(anonymous_11)
FNDA:65,(anonymous_12)
FNDA:0,(anonymous_13)
FNDA:65,(anonymous_14)
FNDA:65,(anonymous_15)
FNDA:65,(anonymous_16)
FNDA:65,(anonymous_17)
FNDA:65,(anonymous_18)
FNDA:65,(anonymous_19)
FNDA:65,(anonymous_20)
FNDA:65,(anonymous_21)
FNDA:48,(anonymous_22)
FNDA:0,(anonymous_23)
FNDA:0,(anonymous_24)
FNDA:0,(anonymous_25)
DA:45,21
DA:46,21
DA:47,21
DA:48,21
DA:49,21
DA:50,21
DA:51,21
DA:53,21
DA:54,21
DA:59,21
DA:61,21
DA:62,7
DA:63,7
DA:65,7
DA:66,1
DA:67,1
DA:68,1
DA:73,6
DA:75,7
DA:76,7
DA:80,7
DA:85,0
DA:86,0
DA:91,0
DA:95,21
DA:96,7
DA:99,84
DA:101,21
DA:106,0
DA:114,21
DA:115,0
DA:116,0
DA:119,21
DA:120,5
DA:121,5
DA:127,21
DA:185,2
DA:186,65
DA:187,0
DA:190,65
DA:200,9
DA:201,8
DA:202,8
DA:204,8
DA:205,0
DA:209,0
DA:212,8
DA:213,65
DA:214,0
DA:220,8
DA:221,65
DA:222,65
DA:224,65
DA:231,8
DA:235,65
DA:244,65
DA:251,65
DA:258,65
DA:265,65
DA:272,65
DA:277,48
DA:282,8
DA:284,8
DA:286,8
DA:287,0
DA:290,8
DA:301,0
DA:302,0
DA:310,0
LF:69
LH:55
BRDA:61,0,0,7
BRDA:65,1,0,1
BRDA:65,1,1,6
BRDA:65,2,0,7
BRDA:65,2,1,6
BRDA:65,2,2,6
BRDA:85,3,0,0
BRDA:85,3,1,0
BRDA:150,4,0,21
BRDA:150,4,1,20
BRDA:186,5,0,0
BRDA:186,5,1,65
BRDA:186,6,0,65
BRDA:186,6,1,65
BRDA:265,7,0,65
BRDA:265,7,1,0
BRF:16
BRH:12
end_of_record
TN:
SF:src/components/dashboard/common-components.jsx
FN:19,(anonymous_0)
FN:22,(anonymous_1)
FNF:2
FNH:2
FNDA:7,(anonymous_0)
FNDA:7,(anonymous_1)
DA:19,2
DA:20,7
DA:22,2
DA:23,7
LF:4
LH:4
BRF:0
BRH:0
end_of_record
TN:
SF:src/components/dashboard/deployments.js
FN:25,listDeployedUseCases
FN:47,deleteDeployment
FN:49,(anonymous_2)
FN:81,(anonymous_3)
FNF:4
FNH:4
FNDA:1,listDeployedUseCases
FNDA:1,deleteDeployment
FNDA:1,(anonymous_2)
FNDA:157,(anonymous_3)
DA:26,1
DA:27,1
DA:28,1
DA:34,1
DA:36,0
DA:37,0
DA:48,1
DA:49,1
DA:50,1
DA:53,1
DA:55,1
DA:61,1
DA:62,0
DA:67,1
DA:69,1
DA:71,0
DA:72,0
DA:81,9
DA:82,157
DA:83,157
DA:90,157
DA:96,157
DA:104,157
DA:106,157
DA:107,154
DA:110,3
DA:111,0
DA:114,3
DA:115,0
DA:118,3
DA:119,0
DA:122,3
DA:123,0
DA:125,3
LF:34
LH:25
BRDA:61,0,0,0
BRDA:61,0,1,1
BRDA:106,1,0,154
BRDA:106,1,1,3
BRDA:110,2,0,0
BRDA:110,2,1,3
BRDA:114,3,0,0
BRDA:114,3,1,3
BRDA:118,4,0,0
BRDA:118,4,1,3
BRDA:122,5,0,0
BRDA:122,5,1,3
BRF:12
BRH:7
end_of_record
TN:
SF:src/components/dashboard/hooks.js
FN:17,useDeployments
FN:27,(anonymous_1)
FN:31,(anonymous_2)
FN:46,(anonymous_3)
FNF:4
FNH:0
FNDA:0,useDeployments
FNDA:0,(anonymous_1)
FNDA:0,(anonymous_2)
FNDA:0,(anonymous_3)
DA:18,0
DA:19,0
DA:20,0
DA:21,0
DA:22,0
DA:23,0
DA:24,0
DA:25,0
DA:27,0
DA:28,0
DA:31,0
DA:32,0
DA:33,0
DA:46,0
DA:47,0
DA:48,0
DA:49,0
DA:50,0
DA:51,0
DA:52,0
DA:55,0
DA:66,0
LF:22
LH:0
BRDA:17,0,0,0
BRDA:18,1,0,0
BRDA:18,1,1,0
BRDA:19,2,0,0
BRDA:19,2,1,0
BRDA:20,3,0,0
BRDA:20,3,1,0
BRDA:40,4,0,0
BRDA:40,4,1,0
BRDA:51,5,0,0
BRDA:51,5,1,0
BRDA:52,6,0,0
BRDA:52,6,1,0
BRF:13
BRH:0
end_of_record
TN:
SF:src/components/useCaseDetails/UseCaseView.jsx
FN:28,(anonymous_0)
FN:35,(anonymous_1)
FN:48,(anonymous_2)
FN:55,(anonymous_3)
FN:68,UseCaseView
FN:80,(anonymous_5)
FN:81,(anonymous_6)
FN:83,loadHelpPanelContent
FN:104,(anonymous_8)
FN:116,(anonymous_9)
FN:155,(anonymous_10)
FNF:11
FNH:3
FNDA:5,(anonymous_0)
FNDA:0,(anonymous_1)
FNDA:0,(anonymous_2)
FNDA:0,(anonymous_3)
FNDA:8,UseCaseView
FNDA:0,(anonymous_5)
FNDA:0,(anonymous_6)
FNDA:0,loadHelpPanelContent
FNDA:1,(anonymous_8)
FNDA:0,(anonymous_9)
FNDA:0,(anonymous_10)
DA:28,3
DA:29,5
DA:35,0
DA:48,3
DA:49,0
DA:55,0
DA:72,8
DA:73,6
DA:75,6
DA:76,6
DA:77,6
DA:78,6
DA:80,6
DA:81,6
DA:84,0
DA:85,0
DA:86,0
DA:89,6
DA:104,6
DA:105,1
DA:109,1
DA:113,1
DA:116,6
DA:117,0
DA:120,6
DA:155,0
LF:26
LH:18
BRF:0
BRH:0
end_of_record
TN:
SF:src/components/useCaseDetails/common-components.jsx
FN:41,(anonymous_0)
FN:48,(anonymous_1)
FN:62,(anonymous_2)
FN:70,(anonymous_3)
FN:76,(anonymous_4)
FN:95,(anonymous_5)
FN:99,(anonymous_6)
FN:107,(anonymous_7)
FN:152,(anonymous_8)
FN:161,(anonymous_9)
FN:173,(anonymous_10)
FN:182,(anonymous_11)
FN:193,(anonymous_12)
FN:201,(anonymous_13)
FN:207,(anonymous_14)
FN:228,(anonymous_15)
FN:232,(anonymous_16)
FN:247,(anonymous_17)
FN:255,(anonymous_18)
FN:257,(anonymous_19)
FN:265,(anonymous_20)
FN:324,(anonymous_21)
FN:336,(anonymous_22)
FN:342,(anonymous_23)
FN:371,(anonymous_24)
FNF:25
FNH:15
FNDA:137,(anonymous_0)
FNDA:5,(anonymous_1)
FNDA:0,(anonymous_2)
FNDA:5,(anonymous_3)
FNDA:10,(anonymous_4)
FNDA:0,(anonymous_5)
FNDA:6,(anonymous_6)
FNDA:6,(anonymous_7)
FNDA:0,(anonymous_8)
FNDA:0,(anonymous_9)
FNDA:1,(anonymous_10)
FNDA:0,(anonymous_11)
FNDA:0,(anonymous_12)
FNDA:9,(anonymous_13)
FNDA:9,(anonymous_14)
FNDA:15,(anonymous_15)
FNDA:10,(anonymous_16)
FNDA:10,(anonymous_17)
FNDA:10,(anonymous_18)
FNDA:40,(anonymous_19)
FNDA:5,(anonymous_20)
FNDA:0,(anonymous_21)
FNDA:0,(anonymous_22)
FNDA:0,(anonymous_23)
FNDA:0,(anonymous_24)
DA:34,8
DA:41,8
DA:42,137
DA:48,8
DA:49,5
DA:51,5
DA:63,0
DA:64,0
DA:70,8
DA:71,5
DA:76,10
DA:85,8
DA:95,8
DA:96,0
DA:99,8
DA:102,6
DA:104,6
DA:105,6
DA:107,6
DA:108,6
DA:111,6
DA:153,0
DA:161,0
DA:174,1
DA:182,0
DA:193,8
DA:194,0
DA:195,0
DA:197,0
DA:201,8
DA:202,9
DA:207,8
DA:208,9
DA:209,9
DA:211,9
DA:212,0
DA:214,9
DA:217,9
DA:218,0
DA:221,9
DA:222,4
DA:224,5
DA:228,8
DA:229,15
DA:232,8
DA:233,10
DA:234,10
DA:235,10
DA:244,10
DA:249,10
DA:255,8
DA:256,10
DA:257,10
DA:258,40
DA:261,0
DA:265,8
DA:268,5
DA:271,5
DA:280,5
DA:324,8
DA:325,0
DA:336,8
DA:339,0
DA:341,0
DA:342,0
DA:344,0
DA:345,0
DA:348,0
DA:349,0
DA:352,0
DA:354,0
DA:372,0
LF:72
LH:49
BRDA:76,0,0,5
BRDA:76,0,1,5
BRDA:108,1,0,6
BRDA:108,1,1,6
BRDA:108,1,2,0
BRDA:117,2,0,6
BRDA:117,2,1,0
BRDA:120,3,0,6
BRDA:120,3,1,6
BRDA:125,4,0,6
BRDA:125,4,1,6
BRDA:135,5,0,6
BRDA:135,5,1,6
BRDA:148,6,0,6
BRDA:148,6,1,6
BRDA:168,7,0,6
BRDA:168,7,1,6
BRDA:202,8,0,0
BRDA:202,8,1,9
BRDA:207,9,0,4
BRDA:211,10,0,0
BRDA:211,10,1,9
BRDA:217,11,0,0
BRDA:217,11,1,9
BRDA:221,12,0,4
BRDA:221,12,1,5
BRDA:221,13,0,9
BRDA:221,13,1,9
BRDA:258,14,0,10
BRDA:258,14,1,30
BRDA:271,15,0,0
BRDA:271,15,1,5
BRDA:283,16,0,0
BRDA:283,16,1,5
BRDA:283,17,0,5
BRDA:283,17,1,5
BRDA:301,18,0,5
BRDA:301,18,1,5
BRDA:309,19,0,5
BRDA:309,19,1,0
BRDA:312,20,0,5
BRDA:312,20,1,0
BRDA:344,21,0,0
BRDA:344,21,1,0
BRDA:344,22,0,0
BRDA:344,22,1,0
BRDA:348,23,0,0
BRDA:348,23,1,0
BRDA:349,24,0,0
BRDA:349,24,1,0
BRDA:352,25,0,0
BRDA:352,25,1,0
BRDA:364,26,0,0
BRDA:364,26,1,0
BRDA:367,27,0,0
BRDA:367,27,1,0
BRDA:376,28,0,0
BRDA:376,28,1,0
BRF:58
BRH:33
end_of_record
TN:
SF:src/components/useCaseDetails/tools-content.jsx
FN:18,(anonymous_0)
FNF:1
FNH:1
FNDA:5,(anonymous_0)
DA:18,3
DA:19,5
LF:2
LH:2
BRF:0
BRH:0
end_of_record
TN:
SF:src/components/wizard/WizardView.jsx
FN:62,(anonymous_0)
FN:64,(anonymous_1)
FN:70,(anonymous_2)
FN:75,(anonymous_3)
FN:79,(anonymous_4)
FN:86,(anonymous_5)
FN:88,(anonymous_6)
FN:101,(anonymous_7)
FN:121,(anonymous_8)
FN:125,(anonymous_9)
FN:126,(anonymous_10)
FN:178,(anonymous_11)
FN:191,(anonymous_12)
FN:203,(anonymous_13)
FN:209,(anonymous_14)
FN:222,(anonymous_15)
FN:226,(anonymous_16)
FN:246,(anonymous_17)
FN:266,(anonymous_18)
FN:292,(anonymous_19)
FN:321,(anonymous_20)
FN:322,(anonymous_21)
FN:324,(anonymous_22)
FN:328,(anonymous_23)
FN:335,(anonymous_24)
FN:345,(anonymous_25)
FN:346,(anonymous_26)
FN:356,(anonymous_27)
FN:360,(anonymous_28)
FN:369,(anonymous_29)
FNF:30
FNH:21
FNDA:140,(anonymous_0)
FNDA:140,(anonymous_1)
FNDA:137,(anonymous_2)
FNDA:3,(anonymous_3)
FNDA:0,(anonymous_4)
FNDA:3,(anonymous_5)
FNDA:0,(anonymous_6)
FNDA:0,(anonymous_7)
FNDA:134,(anonymous_8)
FNDA:0,(anonymous_9)
FNDA:0,(anonymous_10)
FNDA:134,(anonymous_11)
FNDA:134,(anonymous_12)
FNDA:3,(anonymous_13)
FNDA:4,(anonymous_14)
FNDA:1,(anonymous_15)
FNDA:1,(anonymous_16)
FNDA:0,(anonymous_17)
FNDA:1,(anonymous_18)
FNDA:137,(anonymous_19)
FNDA:1,(anonymous_20)
FNDA:1,(anonymous_21)
FNDA:536,(anonymous_22)
FNDA:0,(anonymous_23)
FNDA:134,(anonymous_24)
FNDA:568,(anonymous_25)
FNDA:142,(anonymous_26)
FNDA:0,(anonymous_27)
FNDA:0,(anonymous_28)
FNDA:134,(anonymous_29)
DA:39,5
DA:62,140
DA:64,5
DA:65,140
DA:70,5
DA:71,137
DA:72,134
DA:73,134
DA:75,134
DA:76,3
DA:79,134
DA:80,0
DA:81,0
DA:83,0
DA:84,0
DA:86,134
DA:88,134
DA:90,134
DA:101,5
DA:102,0
DA:103,0
DA:106,0
DA:107,0
DA:108,0
DA:118,0
DA:121,5
DA:122,134
DA:123,134
DA:124,0
DA:125,0
DA:126,0
DA:127,0
DA:168,134
DA:169,0
DA:172,134
DA:173,0
DA:175,134
DA:178,5
DA:181,134
DA:183,134
DA:184,134
DA:185,134
DA:187,134
DA:188,134
DA:190,134
DA:192,134
DA:203,134
DA:204,3
DA:205,3
DA:206,3
DA:209,134
DA:210,4
DA:215,1
DA:217,3
DA:218,3
DA:222,134
DA:223,1
DA:226,134
DA:227,1
DA:228,1
DA:229,0
DA:230,0
DA:231,0
DA:232,0
DA:234,1
DA:235,1
DA:236,1
DA:237,1
DA:240,0
DA:241,0
DA:242,0
DA:246,134
DA:247,0
DA:248,0
DA:249,0
DA:255,0
DA:256,0
DA:266,134
DA:267,1
DA:269,1
DA:270,1
DA:276,1
DA:277,1
DA:280,134
DA:292,5
DA:301,137
DA:311,134
DA:316,134
DA:317,134
DA:319,134
DA:321,134
DA:322,134
DA:324,536
DA:328,0
DA:336,134
DA:344,134
DA:345,568
DA:346,142
DA:356,134
DA:357,0
DA:360,134
DA:361,0
DA:366,0
DA:369,134
DA:370,134
DA:373,134
LF:106
LH:74
BRDA:80,0,0,0
BRDA:80,0,1,0
BRDA:102,1,0,0
BRDA:102,1,1,0
BRDA:123,2,0,0
BRDA:123,2,1,134
BRDA:123,3,0,134
BRDA:123,3,1,134
BRDA:124,4,0,0
BRDA:124,4,1,0
BRDA:132,5,0,0
BRDA:132,5,1,0
BRDA:142,6,0,0
BRDA:142,6,1,0
BRDA:146,7,0,0
BRDA:146,7,1,0
BRDA:148,8,0,0
BRDA:148,8,1,0
BRDA:152,9,0,0
BRDA:152,9,1,0
BRDA:168,10,0,0
BRDA:168,10,1,134
BRDA:168,11,0,134
BRDA:168,11,1,9
BRDA:172,12,0,0
BRDA:172,12,1,134
BRDA:210,13,0,1
BRDA:210,13,1,3
BRDA:211,14,0,4
BRDA:211,14,1,4
BRDA:211,14,2,4
BRDA:228,15,0,0
BRDA:228,15,1,1
BRDA:246,16,0,0
BRDA:266,17,0,0
BRDA:352,18,0,0
BRDA:352,18,1,134
BRDA:394,19,0,134
BRDA:394,19,1,1
BRF:39
BRH:16
end_of_record
TN:
SF:src/components/wizard/steps-config.jsx
FNF:0
FNH:0
DA:19,10
DA:26,10
DA:31,10
DA:33,10
DA:34,10
DA:35,10
DA:36,10
DA:38,10
DA:57,10
DA:70,10
DA:105,10
LF:11
LH:11
BRF:0
BRH:0
end_of_record
TN:
SF:src/components/wizard/tools-content.jsx
FNF:0
FNH:0
DA:17,6
LF:1
LH:1
BRF:0
BRH:0
end_of_record
TN:
SF:src/components/wizard/utils.js
FN:23,(anonymous_0)
FN:24,(anonymous_1)
FN:38,(anonymous_2)
FN:49,(anonymous_3)
FN:66,(anonymous_4)
FN:67,(anonymous_5)
FN:80,(anonymous_6)
FN:91,(anonymous_7)
FN:92,(anonymous_8)
FN:107,(anonymous_9)
FN:113,(anonymous_10)
FN:156,(anonymous_11)
FN:197,(anonymous_12)
FN:199,(anonymous_13)
FN:201,(anonymous_14)
FNF:15
FNH:15
FNDA:245,(anonymous_0)
FNDA:15,(anonymous_1)
FNDA:2,(anonymous_2)
FNDA:3,(anonymous_3)
FNDA:4,(anonymous_4)
FNDA:36,(anonymous_5)
FNDA:3,(anonymous_6)
FNDA:3,(anonymous_7)
FNDA:5,(anonymous_8)
FNDA:3,(anonymous_9)
FNDA:5,(anonymous_10)
FNDA:5,(anonymous_11)
FNDA:20,(anonymous_12)
FNDA:5,(anonymous_13)
FNDA:5,(anonymous_14)
DA:23,7
DA:24,245
DA:26,15
DA:27,2
DA:28,13
DA:29,11
DA:31,2
DA:33,15
DA:38,7
DA:39,2
DA:46,2
DA:49,7
DA:50,3
DA:60,3
DA:61,3
DA:63,3
DA:66,7
DA:67,4
DA:68,36
DA:80,7
DA:81,3
DA:91,7
DA:92,3
DA:93,5
DA:94,5
DA:95,0
DA:96,5
DA:97,0
DA:98,0
DA:100,0
DA:101,0
DA:104,5
DA:107,3
DA:108,3
DA:109,0
DA:112,3
DA:113,3
DA:114,5
DA:120,3
DA:123,3
DA:132,3
DA:133,3
DA:136,3
DA:137,0
DA:138,0
DA:140,3
DA:141,3
DA:144,3
DA:147,3
DA:156,7
DA:157,5
DA:158,1
DA:161,4
DA:163,1
DA:172,3
DA:197,7
DA:198,20
DA:199,5
DA:200,15
DA:201,5
LF:60
LH:52
BRDA:26,0,0,2
BRDA:26,0,1,13
BRDA:28,1,0,11
BRDA:28,1,1,2
BRDA:53,2,0,3
BRDA:53,2,1,1
BRDA:53,2,2,1
BRDA:60,3,0,3
BRDA:60,3,1,0
BRDA:91,4,0,0
BRDA:94,5,0,0
BRDA:94,5,1,5
BRDA:96,6,0,0
BRDA:96,6,1,5
BRDA:97,7,0,0
BRDA:97,7,1,0
BRDA:100,8,0,0
BRDA:100,8,1,0
BRDA:108,9,0,0
BRDA:108,9,1,3
BRDA:108,10,0,3
BRDA:108,10,1,3
BRDA:132,11,0,3
BRDA:132,11,1,0
BRDA:136,12,0,0
BRDA:136,12,1,3
BRDA:157,13,0,1
BRDA:157,13,1,4
BRDA:161,14,0,1
BRDA:161,14,1,3
BRDA:166,15,0,1
BRDA:166,15,1,0
BRDA:175,16,0,1
BRDA:175,16,1,2
BRDA:178,17,0,1
BRDA:178,17,1,2
BRDA:182,18,0,3
BRDA:182,18,1,0
BRDA:198,19,0,5
BRDA:198,19,1,15
BRDA:198,20,0,20
BRDA:198,20,1,8
BRDA:200,21,0,5
BRDA:200,21,1,10
BRDA:200,22,0,15
BRDA:200,22,1,12
BRF:46
BRH:33
end_of_record
TN:
SF:src/components/wizard/wizard-components.jsx
FN:20,(anonymous_0)
FN:35,(anonymous_1)
FNF:2
FNH:1
FNDA:136,(anonymous_0)
FNDA:0,(anonymous_1)
DA:20,5
DA:21,136
DA:25,133
DA:28,133
DA:30,133
DA:36,0
DA:37,0
LF:7
LH:5
BRF:0
BRH:0
end_of_record
TN:
SF:src/components/wizard/stepComponents/step1.jsx
FN:40,(anonymous_0)
FN:53,(anonymous_1)
FN:77,(anonymous_2)
FN:101,(anonymous_3)
FN:113,(anonymous_4)
FN:114,(anonymous_5)
FN:122,(anonymous_6)
FN:167,(anonymous_7)
FNF:8
FNH:7
FNDA:38,(anonymous_0)
FNDA:4,(anonymous_1)
FNDA:3,(anonymous_2)
FNDA:2,(anonymous_3)
FNDA:18,(anonymous_4)
FNDA:15,(anonymous_5)
FNDA:18,(anonymous_6)
FNDA:0,(anonymous_7)
DA:38,5
DA:40,5
DA:43,38
DA:45,38
DA:46,38
DA:47,38
DA:48,38
DA:49,38
DA:51,38
DA:53,38
DA:54,4
DA:55,4
DA:56,4
DA:57,1
DA:59,4
DA:60,1
DA:62,4
DA:63,1
DA:70,4
DA:71,1
DA:73,4
DA:74,4
DA:77,38
DA:78,3
DA:79,3
DA:80,3
DA:81,2
DA:83,3
DA:89,1
DA:97,3
DA:98,3
DA:101,38
DA:102,2
DA:103,2
DA:105,2
DA:106,1
DA:109,2
DA:110,2
DA:113,38
DA:114,18
DA:115,15
DA:116,15
DA:117,9
DA:120,6
DA:122,18
DA:123,18
DA:124,15
DA:125,3
DA:126,3
DA:129,18
DA:132,38
DA:167,0
LF:52
LH:51
BRDA:56,0,0,1
BRDA:56,0,1,3
BRDA:59,1,0,1
BRDA:59,1,1,3
BRDA:62,2,0,1
BRDA:62,2,1,3
BRDA:70,3,0,1
BRDA:70,3,1,3
BRDA:70,4,0,4
BRDA:70,4,1,3
BRDA:80,5,0,2
BRDA:80,5,1,1
BRDA:83,6,0,1
BRDA:83,6,1,2
BRDA:84,7,0,3
BRDA:84,7,1,3
BRDA:105,8,0,1
BRDA:105,8,1,1
BRDA:105,9,0,2
BRDA:105,9,1,2
BRDA:116,10,0,9
BRDA:116,10,1,6
BRDA:123,11,0,15
BRDA:123,11,1,3
BRDA:123,12,0,18
BRDA:123,12,1,12
BRDA:125,13,0,3
BRDA:125,13,1,0
BRDA:125,14,0,3
BRDA:125,14,1,3
BRF:30
BRH:29
end_of_record
TN:
SF:src/components/wizard/stepComponents/step2.jsx
FN:54,(anonymous_0)
FN:86,(anonymous_1)
FN:108,(anonymous_2)
FN:122,(anonymous_3)
FN:130,(anonymous_4)
FN:149,(anonymous_5)
FN:167,(anonymous_6)
FN:177,(anonymous_7)
FN:189,(anonymous_8)
FN:202,(anonymous_9)
FN:207,(anonymous_10)
FN:217,(anonymous_11)
FN:225,(anonymous_12)
FN:230,(anonymous_13)
FN:237,(anonymous_14)
FN:264,(anonymous_15)
FN:288,(anonymous_16)
FN:345,(anonymous_17)
FN:370,(anonymous_18)
FN:400,(anonymous_19)
FN:425,(anonymous_20)
FN:435,(anonymous_21)
FN:450,(anonymous_22)
FN:477,(anonymous_23)
FN:495,(anonymous_24)
FN:510,(anonymous_25)
FN:511,(anonymous_26)
FN:512,(anonymous_27)
FN:524,(anonymous_28)
FN:525,(anonymous_29)
FN:529,(anonymous_30)
FN:532,(anonymous_31)
FN:553,(anonymous_32)
FN:579,(anonymous_33)
FN:583,(anonymous_34)
FN:589,(anonymous_35)
FN:606,(anonymous_36)
FN:620,(anonymous_37)
FN:623,(anonymous_38)
FN:627,(anonymous_39)
FN:633,(anonymous_40)
FN:665,(anonymous_41)
FN:668,(anonymous_42)
FN:691,(anonymous_43)
FN:701,(anonymous_44)
FN:710,(anonymous_45)
FN:715,(anonymous_46)
FN:720,(anonymous_47)
FN:725,(anonymous_48)
FN:741,(anonymous_49)
FN:782,(anonymous_50)
FN:790,(anonymous_51)
FN:795,(anonymous_52)
FNF:53
FNH:43
FNDA:63,(anonymous_0)
FNDA:63,(anonymous_1)
FNDA:1,(anonymous_2)
FNDA:71,(anonymous_3)
FNDA:63,(anonymous_4)
FNDA:1,(anonymous_5)
FNDA:0,(anonymous_6)
FNDA:1,(anonymous_7)
FNDA:0,(anonymous_8)
FNDA:66,(anonymous_9)
FNDA:96,(anonymous_10)
FNDA:164,(anonymous_11)
FNDA:1,(anonymous_12)
FNDA:3,(anonymous_13)
FNDA:5,(anonymous_14)
FNDA:9,(anonymous_15)
FNDA:62,(anonymous_16)
FNDA:0,(anonymous_17)
FNDA:0,(anonymous_18)
FNDA:0,(anonymous_19)
FNDA:0,(anonymous_20)
FNDA:1,(anonymous_21)
FNDA:0,(anonymous_22)
FNDA:0,(anonymous_23)
FNDA:0,(anonymous_24)
FNDA:4,(anonymous_25)
FNDA:2,(anonymous_26)
FNDA:2,(anonymous_27)
FNDA:36,(anonymous_28)
FNDA:216,(anonymous_29)
FNDA:6,(anonymous_30)
FNDA:6,(anonymous_31)
FNDA:36,(anonymous_32)
FNDA:71,(anonymous_33)
FNDA:36,(anonymous_34)
FNDA:36,(anonymous_35)
FNDA:36,(anonymous_36)
FNDA:71,(anonymous_37)
FNDA:1,(anonymous_38)
FNDA:0,(anonymous_39)
FNDA:10,(anonymous_40)
FNDA:62,(anonymous_41)
FNDA:62,(anonymous_42)
FNDA:20,(anonymous_43)
FNDA:51,(anonymous_44)
FNDA:2,(anonymous_45)
FNDA:2,(anonymous_46)
FNDA:2,(anonymous_47)
FNDA:2,(anonymous_48)
FNDA:26,(anonymous_49)
FNDA:41,(anonymous_50)
FNDA:21,(anonymous_51)
FNDA:20,(anonymous_52)
DA:52,5
DA:54,5
DA:56,63
DA:62,63
DA:63,12
DA:64,3
DA:69,9
DA:76,51
DA:79,54
DA:86,5
DA:94,63
DA:95,63
DA:96,63
DA:109,1
DA:122,5
DA:123,71
DA:124,71
DA:126,5
DA:130,5
DA:133,63
DA:135,63
DA:136,63
DA:137,63
DA:138,63
DA:139,63
DA:140,63
DA:142,63
DA:146,63
DA:147,63
DA:149,63
DA:150,1
DA:151,1
DA:152,1
DA:153,0
DA:155,1
DA:156,0
DA:163,1
DA:164,1
DA:167,63
DA:168,0
DA:169,0
DA:170,0
DA:171,0
DA:173,0
DA:174,0
DA:177,63
DA:178,1
DA:179,1
DA:180,1
DA:181,0
DA:182,1
DA:183,0
DA:185,1
DA:186,1
DA:189,63
DA:190,0
DA:191,0
DA:192,0
DA:193,0
DA:195,0
DA:196,0
DA:198,0
DA:199,0
DA:202,63
DA:203,66
DA:205,66
DA:206,16
DA:207,16
DA:208,96
DA:209,96
DA:210,48
DA:212,96
DA:214,16
DA:217,50
DA:218,164
DA:225,63
DA:227,1
DA:230,63
DA:231,3
DA:232,3
DA:233,2
DA:237,63
DA:238,5
DA:239,5
DA:240,4
DA:241,4
DA:249,4
DA:255,1
DA:264,63
DA:265,9
DA:266,1
DA:268,1
DA:269,0
DA:270,0
DA:271,0
DA:273,1
DA:274,1
DA:275,1
DA:278,8
DA:282,8
DA:283,8
DA:284,8
DA:288,63
DA:289,62
DA:290,3
DA:293,3
DA:299,63
DA:345,0
DA:370,0
DA:400,0
DA:425,0
DA:436,1
DA:437,1
DA:451,0
DA:477,0
DA:495,0
DA:510,5
DA:511,4
DA:512,2
DA:513,2
DA:514,2
DA:518,2
DA:521,4
DA:524,5
DA:525,216
DA:527,36
DA:529,36
DA:530,6
DA:532,6
DA:533,6
DA:534,6
DA:538,6
DA:542,36
DA:553,5
DA:554,36
DA:556,36
DA:558,4
DA:559,4
DA:561,4
DA:562,4
DA:564,4
DA:565,4
DA:568,36
DA:569,12
DA:579,5
DA:580,71
DA:584,36
DA:590,36
DA:607,36
DA:620,5
DA:621,71
DA:623,71
DA:624,1
DA:627,71
DA:628,0
DA:629,0
DA:630,0
DA:633,71
DA:634,10
DA:637,71
DA:665,5
DA:666,62
DA:668,62
DA:669,62
DA:670,62
DA:671,3
DA:672,59
DA:673,12
DA:675,47
DA:677,0
DA:680,62
DA:681,62
DA:691,62
DA:692,20
DA:693,1
DA:694,19
DA:695,4
DA:697,15
DA:701,62
DA:702,51
DA:703,79
DA:704,15
DA:707,36
DA:710,62
DA:711,2
DA:712,2
DA:715,62
DA:716,2
DA:717,2
DA:720,62
DA:721,2
DA:722,2
DA:725,62
DA:726,2
DA:727,2
DA:728,2
DA:729,2
DA:731,2
DA:732,2
DA:734,2
DA:736,2
DA:738,0
DA:741,62
DA:742,26
DA:743,18
DA:744,18
DA:745,18
DA:746,6
DA:749,12
DA:751,2
DA:752,2
DA:754,2
DA:755,2
DA:757,2
DA:758,2
DA:760,2
DA:761,2
DA:763,2
DA:764,2
DA:766,2
DA:767,2
DA:768,0
DA:770,2
DA:772,2
DA:775,12
DA:776,10
DA:779,10
DA:782,62
DA:783,41
DA:784,31
DA:785,10
DA:786,10
DA:790,62
DA:791,21
DA:795,62
DA:796,20
DA:797,20
DA:809,62
LF:238
LH:204
BRDA:56,0,0,4
BRDA:56,0,1,59
BRDA:62,1,0,12
BRDA:62,1,1,51
BRDA:63,2,0,3
BRDA:63,2,1,9
BRDA:63,3,0,12
BRDA:63,3,1,3
BRDA:95,4,0,10
BRDA:95,4,1,53
BRDA:124,5,0,43
BRDA:124,5,1,23
BRDA:152,6,0,0
BRDA:152,6,1,1
BRDA:155,7,0,0
BRDA:155,7,1,1
BRDA:170,8,0,0
BRDA:170,8,1,0
BRDA:170,9,0,0
BRDA:170,9,1,0
BRDA:180,10,0,0
BRDA:180,10,1,1
BRDA:180,11,0,1
BRDA:180,11,1,1
BRDA:180,11,2,1
BRDA:182,12,0,0
BRDA:182,12,1,1
BRDA:182,13,0,1
BRDA:182,13,1,1
BRDA:192,14,0,0
BRDA:192,14,1,0
BRDA:195,15,0,0
BRDA:195,15,1,0
BRDA:205,16,0,16
BRDA:205,16,1,50
BRDA:209,17,0,48
BRDA:209,17,1,48
BRDA:227,18,0,0
BRDA:227,18,1,1
BRDA:232,19,0,2
BRDA:232,19,1,1
BRDA:238,20,0,5
BRDA:238,20,1,0
BRDA:239,21,0,4
BRDA:239,21,1,1
BRDA:244,22,0,1
BRDA:244,22,1,3
BRDA:250,23,0,1
BRDA:250,23,1,3
BRDA:265,24,0,1
BRDA:265,24,1,8
BRDA:265,25,0,9
BRDA:265,25,1,6
BRDA:268,26,0,0
BRDA:268,26,1,1
BRDA:289,27,0,3
BRDA:289,27,1,59
BRDA:384,28,0,63
BRDA:384,28,1,51
BRDA:395,29,0,63
BRDA:395,29,1,59
BRDA:418,30,0,63
BRDA:418,30,1,4
BRDA:445,31,0,4
BRDA:445,31,1,1
BRDA:472,32,0,63
BRDA:472,32,1,51
BRDA:488,33,0,0
BRDA:488,33,1,51
BRDA:527,34,0,36
BRDA:527,34,1,12
BRDA:556,35,0,4
BRDA:556,35,1,4
BRDA:556,35,2,4
BRDA:568,36,0,12
BRDA:568,36,1,24
BRDA:583,37,0,4
BRDA:589,38,0,8
BRDA:599,39,0,24
BRDA:599,39,1,12
BRDA:670,40,0,3
BRDA:670,40,1,59
BRDA:672,41,0,12
BRDA:672,41,1,47
BRDA:692,42,0,1
BRDA:692,42,1,19
BRDA:694,43,0,4
BRDA:694,43,1,15
BRDA:703,44,0,15
BRDA:703,44,1,64
BRDA:703,45,0,79
BRDA:703,45,1,64
BRDA:712,46,0,2
BRDA:712,46,1,0
BRDA:717,47,0,2
BRDA:717,47,1,0
BRDA:728,48,0,2
BRDA:728,48,1,0
BRDA:731,49,0,2
BRDA:731,49,1,0
BRDA:745,50,0,6
BRDA:745,50,1,12
BRDA:745,51,0,18
BRDA:745,51,1,12
BRDA:745,51,2,12
BRDA:749,52,0,2
BRDA:749,52,1,2
BRDA:749,52,2,2
BRDA:749,52,3,2
BRDA:749,52,4,2
BRDA:749,52,5,2
BRDA:775,53,0,10
BRDA:775,53,1,2
BRDA:783,54,0,31
BRDA:783,54,1,10
BRDA:783,55,0,41
BRDA:783,55,1,41
BRDA:783,55,2,26
BRDA:785,56,0,10
BRDA:785,56,1,0
BRDA:785,57,0,10
BRDA:785,57,1,10
BRF:122
BRH:101
end_of_record
TN:
SF:src/components/wizard/stepComponents/step3.jsx
FN:49,(anonymous_0)
FN:68,(anonymous_1)
FN:70,(anonymous_2)
FN:70,(anonymous_3)
FN:74,(anonymous_4)
FN:78,(anonymous_5)
FN:81,(anonymous_6)
FN:81,(anonymous_7)
FN:85,(anonymous_8)
FN:89,(anonymous_9)
FN:99,(anonymous_10)
FN:118,(anonymous_11)
FN:139,(anonymous_12)
FN:160,(anonymous_13)
FN:193,(anonymous_14)
FN:216,(anonymous_15)
FN:239,(anonymous_16)
FN:268,(anonymous_17)
FN:292,(anonymous_18)
FN:322,(anonymous_19)
FN:345,(anonymous_20)
FN:367,(anonymous_21)
FN:376,(anonymous_22)
FN:402,(anonymous_23)
FN:421,(anonymous_24)
FN:424,(anonymous_25)
FN:431,(anonymous_26)
FN:444,(anonymous_27)
FN:453,(anonymous_28)
FN:462,(anonymous_29)
FN:466,(anonymous_30)
FN:491,(anonymous_31)
FN:510,(anonymous_32)
FNF:33
FNH:18
FNDA:27,(anonymous_0)
FNDA:3,(anonymous_1)
FNDA:0,(anonymous_2)
FNDA:0,(anonymous_3)
FNDA:0,(anonymous_4)
FNDA:0,(anonymous_5)
FNDA:1,(anonymous_6)
FNDA:1,(anonymous_7)
FNDA:0,(anonymous_8)
FNDA:0,(anonymous_9)
FNDA:3,(anonymous_10)
FNDA:3,(anonymous_11)
FNDA:1,(anonymous_12)
FNDA:1,(anonymous_13)
FNDA:0,(anonymous_14)
FNDA:0,(anonymous_15)
FNDA:0,(anonymous_16)
FNDA:0,(anonymous_17)
FNDA:0,(anonymous_18)
FNDA:0,(anonymous_19)
FNDA:0,(anonymous_20)
FNDA:27,(anonymous_21)
FNDA:1,(anonymous_22)
FNDA:0,(anonymous_23)
FNDA:32,(anonymous_24)
FNDA:2,(anonymous_25)
FNDA:2,(anonymous_26)
FNDA:34,(anonymous_27)
FNDA:20,(anonymous_28)
FNDA:1,(anonymous_29)
FNDA:16,(anonymous_30)
FNDA:2,(anonymous_31)
FNDA:0,(anonymous_32)
DA:47,6
DA:49,6
DA:59,27
DA:60,27
DA:61,27
DA:62,27
DA:66,27
DA:68,27
DA:69,3
DA:70,1
DA:71,1
DA:73,1
DA:74,0
DA:77,1
DA:78,0
DA:80,2
DA:81,1
DA:82,1
DA:84,1
DA:85,0
DA:88,1
DA:89,0
DA:92,3
DA:95,27
DA:96,27
DA:97,27
DA:99,27
DA:100,3
DA:101,3
DA:102,3
DA:103,1
DA:105,3
DA:106,0
DA:114,3
DA:115,3
DA:118,27
DA:119,3
DA:120,3
DA:122,3
DA:123,1
DA:126,3
DA:127,1
DA:135,3
DA:136,3
DA:139,27
DA:140,1
DA:141,1
DA:142,1
DA:143,0
DA:144,1
DA:148,0
DA:156,1
DA:157,1
DA:160,27
DA:161,1
DA:162,1
DA:163,1
DA:164,0
DA:165,1
DA:169,0
DA:177,1
DA:178,1
DA:181,27
DA:194,0
DA:217,0
DA:240,0
DA:268,0
DA:292,0
DA:322,0
DA:345,0
DA:367,6
DA:374,27
DA:376,27
DA:377,1
DA:378,1
DA:379,1
DA:380,0
DA:381,1
DA:385,0
DA:389,1
DA:390,1
DA:393,27
DA:402,0
DA:421,6
DA:422,32
DA:424,32
DA:425,2
DA:426,0
DA:428,2
DA:431,32
DA:432,2
DA:433,2
DA:434,0
DA:436,2
DA:438,0
DA:441,32
DA:442,32
DA:444,32
DA:445,34
DA:446,20
DA:447,2
DA:450,32
DA:453,32
DA:454,20
DA:455,4
DA:456,16
DA:457,16
DA:462,32
DA:463,1
DA:466,32
DA:467,16
DA:480,32
DA:491,32
DA:492,2
DA:493,2
DA:494,2
DA:497,32
DA:510,0
LF:118
LH:95
BRDA:69,0,0,1
BRDA:69,0,1,2
BRDA:73,1,0,0
BRDA:73,1,1,1
BRDA:77,2,0,0
BRDA:77,2,1,1
BRDA:80,3,0,1
BRDA:80,3,1,1
BRDA:84,4,0,0
BRDA:84,4,1,1
BRDA:88,5,0,0
BRDA:88,5,1,1
BRDA:102,6,0,1
BRDA:102,6,1,2
BRDA:105,7,0,0
BRDA:105,7,1,3
BRDA:122,8,0,1
BRDA:122,8,1,2
BRDA:126,9,0,1
BRDA:126,9,1,2
BRDA:142,10,0,0
BRDA:142,10,1,1
BRDA:144,11,0,0
BRDA:144,11,1,1
BRDA:145,12,0,1
BRDA:145,12,1,1
BRDA:163,13,0,0
BRDA:163,13,1,1
BRDA:165,14,0,0
BRDA:165,14,1,1
BRDA:166,15,0,1
BRDA:166,15,1,1
BRDA:186,16,0,27
BRDA:186,16,1,16
BRDA:287,17,0,27
BRDA:287,17,1,27
BRDA:317,18,0,27
BRDA:317,18,1,9
BRDA:340,19,0,27
BRDA:340,19,1,16
BRDA:379,20,0,0
BRDA:379,20,1,1
BRDA:381,21,0,0
BRDA:381,21,1,1
BRDA:382,22,0,1
BRDA:382,22,1,1
BRDA:425,23,0,0
BRDA:425,23,1,2
BRDA:433,24,0,0
BRDA:433,24,1,2
BRDA:446,25,0,2
BRDA:446,25,1,18
BRDA:454,26,0,4
BRDA:454,26,1,16
BRDA:454,27,0,20
BRDA:454,27,1,18
BRDA:456,28,0,16
BRDA:456,28,1,0
BRDA:456,29,0,16
BRDA:456,29,1,16
BRDA:526,30,0,32
BRDA:526,30,1,27
BRDA:527,31,0,32
BRDA:527,31,1,27
BRF:64
BRH:50
end_of_record
TN:
SF:src/components/wizard/stepComponents/step4.jsx
FN:42,(anonymous_0)
FN:44,(anonymous_1)
FN:45,(anonymous_2)
FN:48,(anonymous_3)
FN:51,(anonymous_4)
FN:57,(anonymous_5)
FN:61,(anonymous_6)
FN:65,(anonymous_7)
FN:68,(anonymous_8)
FN:73,(anonymous_9)
FN:87,(anonymous_10)
FN:101,(anonymous_11)
FN:144,(anonymous_12)
FN:239,(anonymous_13)
FNF:14
FNH:10
FNDA:5,(anonymous_0)
FNDA:4,(anonymous_1)
FNDA:4,(anonymous_2)
FNDA:4,(anonymous_3)
FNDA:0,(anonymous_4)
FNDA:5,(anonymous_5)
FNDA:5,(anonymous_6)
FNDA:5,(anonymous_7)
FNDA:7,(anonymous_8)
FNDA:5,(anonymous_9)
FNDA:5,(anonymous_10)
FNDA:0,(anonymous_11)
FNDA:0,(anonymous_12)
FNDA:0,(anonymous_13)
DA:34,6
DA:42,6
DA:43,5
DA:44,4
DA:45,4
DA:48,6
DA:49,4
DA:51,0
DA:57,5
DA:61,5
DA:65,5
DA:68,7
DA:73,6
DA:74,5
DA:75,4
DA:84,1
DA:87,6
DA:90,5
DA:92,5
DA:93,5
DA:101,0
DA:144,0
DA:239,0
LF:23
LH:19
BRDA:45,0,0,4
BRDA:45,0,1,4
BRDA:45,0,2,4
BRDA:74,1,0,4
BRDA:74,1,1,1
BRDA:74,2,0,5
BRDA:74,2,1,5
BRDA:79,3,0,0
BRDA:79,3,1,4
BRDA:167,4,0,4
BRDA:167,4,1,1
BRDA:171,5,0,0
BRDA:171,5,1,5
BRDA:198,6,0,5
BRDA:198,6,1,4
BRDA:205,7,0,5
BRDA:205,7,1,0
BRDA:217,8,0,5
BRDA:217,8,1,4
BRDA:260,9,0,5
BRDA:260,9,1,0
BRDA:264,10,0,5
BRDA:264,10,1,5
BRDA:273,11,0,5
BRDA:273,11,1,5
BRDA:311,12,0,5
BRDA:311,12,1,0
BRDA:318,13,0,5
BRDA:318,13,1,5
BRDA:328,14,0,5
BRDA:328,14,1,5
BRF:31
BRH:26
end_of_record
TN:
SF:src/home/home.context.tsx
FN:27,(anonymous_0)
FN:28,(anonymous_1)
FNF:2
FNH:0
FNDA:0,(anonymous_0)
FNDA:0,(anonymous_1)
DA:25,9
DA:27,9
DA:28,0
DA:29,0
DA:32,0
LF:5
LH:2
BRF:0
BRH:0
end_of_record
TN:
SF:src/home/home.state.tsx
FN:33,(anonymous_0)
FNF:1
FNH:0
FNDA:0,(anonymous_0)
DA:25,0
DA:33,0
DA:34,0
LF:3
LH:0
BRF:0
BRH:0
end_of_record
TN:
SF:src/hooks/useCreateReducer.ts
FN:25,(anonymous_0)
FN:28,(anonymous_1)
FN:38,(anonymous_2)
FNF:3
FNH:0
FNDA:0,(anonymous_0)
FNDA:0,(anonymous_1)
FNDA:0,(anonymous_2)
DA:25,0
DA:28,0
DA:29,0
DA:31,0
DA:33,0
DA:36,0
DA:38,0
LF:7
LH:0
BRDA:29,0,0,0
BRDA:29,0,1,0
BRDA:31,1,0,0
BRDA:31,1,1,0
BRF:4
BRH:0
end_of_record
TN:
SF:src/i18n-strings/app-layout.ts
FNF:0
FNH:0
DA:16,9
LF:1
LH:1
BRF:0
BRH:0
end_of_record
TN:
SF:src/i18n-strings/collection-preferences.ts
FN:17,(anonymous_0)
FN:19,(anonymous_1)
FN:23,(anonymous_2)
FNF:3
FNH:0
FNDA:0,(anonymous_0)
FNDA:0,(anonymous_1)
FNDA:0,(anonymous_2)
DA:16,9
DA:17,0
DA:20,0
DA:24,0
LF:4
LH:1
BRDA:20,0,0,0
BRDA:20,0,1,0
BRDA:24,1,0,0
BRDA:24,1,1,0
BRF:4
BRH:0
end_of_record
TN:
SF:src/i18n-strings/flashbar.ts
FNF:0
FNH:0
DA:16,9
LF:1
LH:1
BRF:0
BRH:0
end_of_record
TN:
SF:src/i18n-strings/header.ts
FN:14,(anonymous_0)
FN:23,(anonymous_1)
FNF:2
FNH:1
FNDA:20,(anonymous_0)
FNDA:0,(anonymous_1)
DA:14,9
DA:18,20
DA:23,9
DA:24,0
LF:4
LH:3
BRDA:18,0,0,0
BRDA:18,0,1,20
BRDA:18,1,0,20
BRDA:18,1,1,20
BRDA:24,2,0,0
BRDA:24,2,1,0
BRDA:24,3,0,0
BRDA:24,3,1,0
BRF:8
BRH:3
end_of_record
TN:
SF:src/i18n-strings/index.ts
FNF:0
FNH:0
LF:0
LH:0
BRF:0
BRH:0
end_of_record
TN:
SF:src/i18n-strings/pagination.ts
FN:16,(anonymous_0)
FN:19,(anonymous_1)
FN:22,(anonymous_2)
FNF:3
FNH:3
FNDA:28,(anonymous_0)
FNDA:21,(anonymous_1)
FNDA:42,(anonymous_2)
DA:16,9
DA:17,28
DA:19,21
DA:22,42
LF:4
LH:4
BRDA:22,0,0,42
BRDA:22,0,1,42
BRF:2
BRH:2
end_of_record
TN:
SF:src/i18n-strings/table.ts
FN:17,(anonymous_0)
FN:21,(anonymous_1)
FN:22,(anonymous_2)
FN:23,(anonymous_3)
FN:24,(anonymous_4)
FN:25,(anonymous_5)
FN:30,(anonymous_6)
FN:39,createTableSortLabelFn
FN:45,(anonymous_8)
FNF:9
FNH:3
FNDA:0,(anonymous_0)
FNDA:0,(anonymous_1)
FNDA:0,(anonymous_2)
FNDA:0,(anonymous_3)
FNDA:0,(anonymous_4)
FNDA:0,(anonymous_5)
FNDA:65,(anonymous_6)
FNDA:48,createTableSortLabelFn
FNDA:168,(anonymous_8)
DA:16,9
DA:17,0
DA:20,9
DA:21,0
DA:22,0
DA:23,0
DA:24,0
DA:25,0
DA:28,9
DA:30,65
DA:34,9
DA:42,48
DA:43,0
DA:45,48
DA:46,168
DA:47,140
DA:50,28
DA:51,28
LF:18
LH:11
BRDA:42,0,0,0
BRDA:42,0,1,48
BRDA:42,1,0,48
BRDA:42,1,1,0
BRDA:42,1,2,0
BRDA:46,2,0,140
BRDA:46,2,1,28
BRDA:50,3,0,28
BRDA:50,3,1,0
BRF:9
BRH:5
end_of_record
TN:
SF:src/i18n-strings/text-filter.ts
FN:14,(anonymous_0)
FNF:1
FNH:1
FNDA:21,(anonymous_0)
DA:14,21
LF:1
LH:1
BRDA:14,0,0,0
BRDA:14,0,1,21
BRF:2
BRH:1
end_of_record
TN:
SF:src/utils/constants.ts
FN:51,(anonymous_0)
FN:57,(anonymous_1)
FNF:2
FNH:1
FNDA:0,(anonymous_0)
FNDA:1,(anonymous_1)
DA:14,10
DA:15,10
DA:17,10
DA:18,10
DA:19,10
DA:20,10
DA:21,10
DA:22,10
DA:23,10
DA:24,10
DA:25,10
DA:26,10
DA:27,10
DA:28,10
DA:29,10
DA:30,10
DA:31,10
DA:32,10
DA:33,10
DA:34,10
DA:35,10
DA:36,10
DA:37,10
DA:38,10
DA:39,10
DA:40,10
DA:41,10
DA:43,10
DA:44,10
DA:45,10
DA:47,10
DA:52,0
DA:58,1
DA:64,10
DA:70,10
DA:76,10
DA:82,10
DA:90,10
DA:92,10
DA:94,10
DA:113,10
DA:116,10
DA:118,10
DA:130,10
DA:131,10
DA:135,10
DA:136,10
DA:151,10
LF:48
LH:47
BRF:0
BRH:0
end_of_record
TN:
SF:src/utils/utils.tsx
FN:21,generateToken
FNF:1
FNH:1
FNDA:3,generateToken
DA:22,3
DA:23,3
DA:24,3
DA:25,3
DA:27,0
LF:5
LH:4
BRF:0
BRH:0
end_of_record
