{"/codebuild/output/src2291302061/src/source/ui-chat/src/components/Chat.tsx": {"path":"/codebuild/output/src2291302061/src/source/ui-chat/src/components/Chat.tsx","statementMap":{"0":{"start":{"line":31,"column":4},"end":{"line":37,"column":5}},"1":{"start":{"line":32,"column":21},"end":{"line":32,"column":58}},"2":{"start":{"line":33,"column":22},"end":{"line":33,"column":80}},"3":{"start":{"line":34,"column":8},"end":{"line":34,"column":21}},"4":{"start":{"line":36,"column":8},"end":{"line":36,"column":48}},"5":{"start":{"line":41,"column":20},"end":{"line":365,"column":2}},"6":{"start":{"line":45,"column":8},"end":{"line":45,"column":31}},"7":{"start":{"line":47,"column":44},"end":{"line":47,"column":67}},"8":{"start":{"line":48,"column":42},"end":{"line":48,"column":76}},"9":{"start":{"line":49,"column":40},"end":{"line":49,"column":63}},"10":{"start":{"line":50,"column":35},"end":{"line":50,"column":63}},"11":{"start":{"line":52,"column":20},"end":{"line":52,"column":50}},"12":{"start":{"line":54,"column":4},"end":{"line":56,"column":31}},"13":{"start":{"line":55,"column":8},"end":{"line":55,"column":62}},"14":{"start":{"line":58,"column":27},"end":{"line":60,"column":1}},"15":{"start":{"line":59,"column":8},"end":{"line":59,"column":92}},"16":{"start":{"line":62,"column":29},"end":{"line":87,"column":19}},"17":{"start":{"line":63,"column":8},"end":{"line":86,"column":9}},"18":{"start":{"line":64,"column":30},"end":{"line":64,"column":51}},"19":{"start":{"line":65,"column":30},"end":{"line":65,"column":86}},"20":{"start":{"line":66,"column":12},"end":{"line":66,"column":49}},"21":{"start":{"line":67,"column":12},"end":{"line":67,"column":42}},"22":{"start":{"line":68,"column":12},"end":{"line":70,"column":15}},"23":{"start":{"line":69,"column":16},"end":{"line":69,"column":47}},"24":{"start":{"line":72,"column":12},"end":{"line":74,"column":15}},"25":{"start":{"line":73,"column":16},"end":{"line":73,"column":49}},"26":{"start":{"line":76,"column":12},"end":{"line":82,"column":15}},"27":{"start":{"line":77,"column":16},"end":{"line":77,"column":55}},"28":{"start":{"line":78,"column":16},"end":{"line":78,"column":34}},"29":{"start":{"line":79,"column":16},"end":{"line":81,"column":17}},"30":{"start":{"line":80,"column":20},"end":{"line":80,"column":40}},"31":{"start":{"line":84,"column":12},"end":{"line":84,"column":65}},"32":{"start":{"line":89,"column":22},"end":{"line":109,"column":26}},"33":{"start":{"line":90,"column":21},"end":{"line":90,"column":38}},"34":{"start":{"line":91,"column":8},"end":{"line":107,"column":9}},"35":{"start":{"line":92,"column":12},"end":{"line":92,"column":49}},"36":{"start":{"line":93,"column":12},"end":{"line":93,"column":37}},"37":{"start":{"line":94,"column":12},"end":{"line":94,"column":39}},"38":{"start":{"line":95,"column":26},"end":{"line":95,"column":83}},"39":{"start":{"line":95,"column":42},"end":{"line":95,"column":83}},"40":{"start":{"line":95,"column":63},"end":{"line":95,"column":82}},"41":{"start":{"line":96,"column":26},"end":{"line":96,"column":27}},"42":{"start":{"line":97,"column":12},"end":{"line":100,"column":13}},"43":{"start":{"line":98,"column":16},"end":{"line":98,"column":34}},"44":{"start":{"line":99,"column":16},"end":{"line":99,"column":29}},"45":{"start":{"line":101,"column":12},"end":{"line":106,"column":13}},"46":{"start":{"line":102,"column":16},"end":{"line":102,"column":47}},"47":{"start":{"line":104,"column":16},"end":{"line":104,"column":34}},"48":{"start":{"line":105,"column":16},"end":{"line":105,"column":85}},"49":{"start":{"line":108,"column":8},"end":{"line":108,"column":33}},"50":{"start":{"line":111,"column":4},"end":{"line":121,"column":27}},"51":{"start":{"line":112,"column":8},"end":{"line":112,"column":31}},"52":{"start":{"line":114,"column":8},"end":{"line":120,"column":10}},"53":{"start":{"line":115,"column":27},"end":{"line":115,"column":44}},"54":{"start":{"line":116,"column":12},"end":{"line":119,"column":13}},"55":{"start":{"line":117,"column":16},"end":{"line":117,"column":31}},"56":{"start":{"line":118,"column":16},"end":{"line":118,"column":41}},"57":{"start":{"line":123,"column":23},"end":{"line":225,"column":5}},"58":{"start":{"line":125,"column":12},"end":{"line":125,"column":35}},"59":{"start":{"line":126,"column":12},"end":{"line":222,"column":13}},"60":{"start":{"line":127,"column":29},"end":{"line":127,"column":46}},"61":{"start":{"line":128,"column":16},"end":{"line":219,"column":17}},"62":{"start":{"line":130,"column":20},"end":{"line":133,"column":22}},"63":{"start":{"line":134,"column":20},"end":{"line":137,"column":23}},"64":{"start":{"line":138,"column":20},"end":{"line":138,"column":73}},"65":{"start":{"line":139,"column":20},"end":{"line":139,"column":68}},"66":{"start":{"line":140,"column":20},"end":{"line":140,"column":79}},"67":{"start":{"line":141,"column":37},"end":{"line":144,"column":22}},"68":{"start":{"line":146,"column":34},"end":{"line":146,"column":38}},"69":{"start":{"line":148,"column":20},"end":{"line":153,"column":22}},"70":{"start":{"line":149,"column":24},"end":{"line":149,"column":83}},"71":{"start":{"line":150,"column":24},"end":{"line":150,"column":72}},"72":{"start":{"line":151,"column":24},"end":{"line":151,"column":47}},"73":{"start":{"line":152,"column":24},"end":{"line":152,"column":40}},"74":{"start":{"line":155,"column":34},"end":{"line":160,"column":21}},"75":{"start":{"line":162,"column":20},"end":{"line":162,"column":57}},"76":{"start":{"line":164,"column":33},"end":{"line":164,"column":46}},"77":{"start":{"line":165,"column":20},"end":{"line":169,"column":21}},"78":{"start":{"line":166,"column":24},"end":{"line":166,"column":73}},"79":{"start":{"line":167,"column":24},"end":{"line":167,"column":84}},"80":{"start":{"line":168,"column":24},"end":{"line":168,"column":31}},"81":{"start":{"line":170,"column":35},"end":{"line":170,"column":51}},"82":{"start":{"line":171,"column":31},"end":{"line":171,"column":36}},"83":{"start":{"line":172,"column":31},"end":{"line":172,"column":33}},"84":{"start":{"line":173,"column":20},"end":{"line":215,"column":21}},"85":{"start":{"line":174,"column":54},"end":{"line":174,"column":73}},"86":{"start":{"line":175,"column":24},"end":{"line":175,"column":43}},"87":{"start":{"line":176,"column":43},"end":{"line":176,"column":45}},"88":{"start":{"line":177,"column":24},"end":{"line":177,"column":43}},"89":{"start":{"line":178,"column":24},"end":{"line":214,"column":25}},"90":{"start":{"line":179,"column":28},"end":{"line":179,"column":44}},"91":{"start":{"line":180,"column":63},"end":{"line":183,"column":29}},"92":{"start":{"line":184,"column":28},"end":{"line":187,"column":30}},"93":{"start":{"line":188,"column":28},"end":{"line":191,"column":31}},"94":{"start":{"line":192,"column":28},"end":{"line":192,"column":81}},"95":{"start":{"line":194,"column":63},"end":{"line":204,"column":29}},"96":{"start":{"line":196,"column":36},"end":{"line":201,"column":37}},"97":{"start":{"line":197,"column":40},"end":{"line":200,"column":42}},"98":{"start":{"line":202,"column":36},"end":{"line":202,"column":51}},"99":{"start":{"line":205,"column":28},"end":{"line":208,"column":30}},"100":{"start":{"line":209,"column":28},"end":{"line":212,"column":31}},"101":{"start":{"line":213,"column":28},"end":{"line":213,"column":81}},"102":{"start":{"line":216,"column":20},"end":{"line":216,"column":58}},"103":{"start":{"line":217,"column":20},"end":{"line":217,"column":80}},"104":{"start":{"line":218,"column":20},"end":{"line":218,"column":36}},"105":{"start":{"line":221,"column":16},"end":{"line":221,"column":70}},"106":{"start":{"line":227,"column":28},"end":{"line":275,"column":5}},"107":{"start":{"line":228,"column":23},"end":{"line":228,"column":45}},"108":{"start":{"line":229,"column":8},"end":{"line":233,"column":9}},"109":{"start":{"line":230,"column":12},"end":{"line":230,"column":61}},"110":{"start":{"line":231,"column":12},"end":{"line":231,"column":72}},"111":{"start":{"line":232,"column":12},"end":{"line":232,"column":19}},"112":{"start":{"line":234,"column":19},"end":{"line":234,"column":21}},"113":{"start":{"line":236,"column":8},"end":{"line":250,"column":9}},"114":{"start":{"line":237,"column":12},"end":{"line":237,"column":101}},"115":{"start":{"line":238,"column":12},"end":{"line":238,"column":72}},"116":{"start":{"line":239,"column":12},"end":{"line":239,"column":61}},"117":{"start":{"line":240,"column":15},"end":{"line":250,"column":9}},"118":{"start":{"line":241,"column":12},"end":{"line":241,"column":42}},"119":{"start":{"line":242,"column":12},"end":{"line":242,"column":72}},"120":{"start":{"line":243,"column":12},"end":{"line":243,"column":61}},"121":{"start":{"line":244,"column":15},"end":{"line":250,"column":9}},"122":{"start":{"line":245,"column":12},"end":{"line":245,"column":72}},"123":{"start":{"line":246,"column":12},"end":{"line":246,"column":61}},"124":{"start":{"line":247,"column":12},"end":{"line":247,"column":19}},"125":{"start":{"line":249,"column":12},"end":{"line":249,"column":34}},"126":{"start":{"line":252,"column":43},"end":{"line":260,"column":10}},"127":{"start":{"line":253,"column":12},"end":{"line":258,"column":13}},"128":{"start":{"line":254,"column":16},"end":{"line":257,"column":18}},"129":{"start":{"line":259,"column":12},"end":{"line":259,"column":27}},"130":{"start":{"line":262,"column":39},"end":{"line":266,"column":9}},"131":{"start":{"line":268,"column":8},"end":{"line":271,"column":11}},"132":{"start":{"line":272,"column":8},"end":{"line":272,"column":64}},"133":{"start":{"line":273,"column":8},"end":{"line":273,"column":49}},"134":{"start":{"line":274,"column":8},"end":{"line":274,"column":24}},"135":{"start":{"line":277,"column":27},"end":{"line":279,"column":5}},"136":{"start":{"line":278,"column":8},"end":{"line":278,"column":30}},"137":{"start":{"line":281,"column":23},"end":{"line":291,"column":5}},"138":{"start":{"line":282,"column":8},"end":{"line":290,"column":9}},"139":{"start":{"line":283,"column":40},"end":{"line":287,"column":13}},"140":{"start":{"line":288,"column":12},"end":{"line":288,"column":50}},"141":{"start":{"line":289,"column":12},"end":{"line":289,"column":88}},"142":{"start":{"line":293,"column":54},"end":{"line":293,"column":63}},"143":{"start":{"line":294,"column":30},"end":{"line":294,"column":42}},"144":{"start":{"line":295,"column":4},"end":{"line":307,"column":5}},"145":{"start":{"line":297,"column":12},"end":{"line":297,"column":41}},"146":{"start":{"line":298,"column":12},"end":{"line":298,"column":46}},"147":{"start":{"line":299,"column":12},"end":{"line":299,"column":18}},"148":{"start":{"line":301,"column":12},"end":{"line":301,"column":41}},"149":{"start":{"line":302,"column":12},"end":{"line":302,"column":98}},"150":{"start":{"line":303,"column":12},"end":{"line":303,"column":18}},"151":{"start":{"line":305,"column":12},"end":{"line":305,"column":39}},"152":{"start":{"line":306,"column":12},"end":{"line":306,"column":76}},"153":{"start":{"line":309,"column":4},"end":{"line":360,"column":5}},"154":{"start":{"line":310,"column":8},"end":{"line":359,"column":10}},"155":{"start":{"line":315,"column":86},"end":{"line":315,"column":115}},"156":{"start":{"line":323,"column":44},"end":{"line":326,"column":46}},"157":{"start":{"line":339,"column":44},"end":{"line":339,"column":118}},"158":{"start":{"line":350,"column":36},"end":{"line":350,"column":56}},"159":{"start":{"line":361,"column":4},"end":{"line":363,"column":150}},"160":{"start":{"line":366,"column":0},"end":{"line":366,"column":26}}},"fnMap":{"0":{"name":"generateToken","decl":{"start":{"line":30,"column":22},"end":{"line":30,"column":35}},"loc":{"start":{"line":30,"column":38},"end":{"line":38,"column":1}},"line":30},"1":{"name":"(anonymous_1)","decl":{"start":{"line":41,"column":25},"end":{"line":41,"column":26}},"loc":{"start":{"line":41,"column":72},"end":{"line":365,"column":1}},"line":41},"2":{"name":"(anonymous_2)","decl":{"start":{"line":54,"column":14},"end":{"line":54,"column":15}},"loc":{"start":{"line":54,"column":20},"end":{"line":56,"column":5}},"line":54},"3":{"name":"(anonymous_3)","decl":{"start":{"line":58,"column":27},"end":{"line":58,"column":28}},"loc":{"start":{"line":58,"column":33},"end":{"line":60,"column":1}},"line":58},"4":{"name":"(anonymous_4)","decl":{"start":{"line":62,"column":41},"end":{"line":62,"column":42}},"loc":{"start":{"line":62,"column":76},"end":{"line":87,"column":5}},"line":62},"5":{"name":"(anonymous_5)","decl":{"start":{"line":68,"column":47},"end":{"line":68,"column":48}},"loc":{"start":{"line":68,"column":53},"end":{"line":70,"column":13}},"line":68},"6":{"name":"(anonymous_6)","decl":{"start":{"line":72,"column":48},"end":{"line":72,"column":49}},"loc":{"start":{"line":72,"column":54},"end":{"line":74,"column":13}},"line":72},"7":{"name":"(anonymous_7)","decl":{"start":{"line":76,"column":48},"end":{"line":76,"column":49}},"loc":{"start":{"line":76,"column":59},"end":{"line":82,"column":13}},"line":76},"8":{"name":"(anonymous_8)","decl":{"start":{"line":89,"column":34},"end":{"line":89,"column":35}},"loc":{"start":{"line":89,"column":46},"end":{"line":109,"column":5}},"line":89},"9":{"name":"(anonymous_9)","decl":{"start":{"line":95,"column":26},"end":{"line":95,"column":27}},"loc":{"start":{"line":95,"column":42},"end":{"line":95,"column":83}},"line":95},"10":{"name":"(anonymous_10)","decl":{"start":{"line":95,"column":54},"end":{"line":95,"column":55}},"loc":{"start":{"line":95,"column":63},"end":{"line":95,"column":82}},"line":95},"11":{"name":"(anonymous_11)","decl":{"start":{"line":111,"column":14},"end":{"line":111,"column":15}},"loc":{"start":{"line":111,"column":20},"end":{"line":121,"column":5}},"line":111},"12":{"name":"(anonymous_12)","decl":{"start":{"line":114,"column":15},"end":{"line":114,"column":16}},"loc":{"start":{"line":114,"column":21},"end":{"line":120,"column":9}},"line":114},"13":{"name":"(anonymous_13)","decl":{"start":{"line":124,"column":8},"end":{"line":124,"column":9}},"loc":{"start":{"line":124,"column":36},"end":{"line":223,"column":9}},"line":124},"14":{"name":"(anonymous_14)","decl":{"start":{"line":148,"column":39},"end":{"line":148,"column":40}},"loc":{"start":{"line":148,"column":50},"end":{"line":153,"column":21}},"line":148},"15":{"name":"(anonymous_15)","decl":{"start":{"line":195,"column":32},"end":{"line":195,"column":33}},"loc":{"start":{"line":195,"column":62},"end":{"line":203,"column":33}},"line":195},"16":{"name":"(anonymous_16)","decl":{"start":{"line":227,"column":28},"end":{"line":227,"column":29}},"loc":{"start":{"line":227,"column":44},"end":{"line":275,"column":5}},"line":227},"17":{"name":"(anonymous_17)","decl":{"start":{"line":252,"column":88},"end":{"line":252,"column":89}},"loc":{"start":{"line":252,"column":118},"end":{"line":260,"column":9}},"line":252},"18":{"name":"(anonymous_18)","decl":{"start":{"line":277,"column":27},"end":{"line":277,"column":28}},"loc":{"start":{"line":277,"column":45},"end":{"line":279,"column":5}},"line":277},"19":{"name":"(anonymous_19)","decl":{"start":{"line":281,"column":23},"end":{"line":281,"column":24}},"loc":{"start":{"line":281,"column":29},"end":{"line":291,"column":5}},"line":281},"20":{"name":"(anonymous_20)","decl":{"start":{"line":315,"column":80},"end":{"line":315,"column":81}},"loc":{"start":{"line":315,"column":86},"end":{"line":315,"column":115}},"line":315},"21":{"name":"(anonymous_21)","decl":{"start":{"line":322,"column":56},"end":{"line":322,"column":57}},"loc":{"start":{"line":323,"column":44},"end":{"line":326,"column":46}},"line":323},"22":{"name":"(anonymous_22)","decl":{"start":{"line":338,"column":76},"end":{"line":338,"column":77}},"loc":{"start":{"line":339,"column":44},"end":{"line":339,"column":118}},"line":339},"23":{"name":"(anonymous_23)","decl":{"start":{"line":349,"column":40},"end":{"line":349,"column":41}},"loc":{"start":{"line":349,"column":58},"end":{"line":351,"column":33}},"line":349}},"branchMap":{"0":{"loc":{"start":{"line":62,"column":48},"end":{"line":62,"column":71}},"type":"default-arg","locations":[{"start":{"line":62,"column":66},"end":{"line":62,"column":71}}],"line":62},"1":{"loc":{"start":{"line":79,"column":16},"end":{"line":81,"column":17}},"type":"if","locations":[{"start":{"line":79,"column":16},"end":{"line":81,"column":17}},{"start":{},"end":{}}],"line":79},"2":{"loc":{"start":{"line":91,"column":8},"end":{"line":107,"column":9}},"type":"if","locations":[{"start":{"line":91,"column":8},"end":{"line":107,"column":9}},{"start":{},"end":{}}],"line":91},"3":{"loc":{"start":{"line":91,"column":12},"end":{"line":91,"column":60}},"type":"binary-expr","locations":[{"start":{"line":91,"column":12},"end":{"line":91,"column":19}},{"start":{"line":91,"column":23},"end":{"line":91,"column":60}}],"line":91},"4":{"loc":{"start":{"line":97,"column":19},"end":{"line":97,"column":78}},"type":"binary-expr","locations":[{"start":{"line":97,"column":19},"end":{"line":97,"column":62}},{"start":{"line":97,"column":66},"end":{"line":97,"column":78}}],"line":97},"5":{"loc":{"start":{"line":101,"column":12},"end":{"line":106,"column":13}},"type":"if","locations":[{"start":{"line":101,"column":12},"end":{"line":106,"column":13}},{"start":{"line":103,"column":19},"end":{"line":106,"column":13}}],"line":101},"6":{"loc":{"start":{"line":101,"column":16},"end":{"line":101,"column":63}},"type":"binary-expr","locations":[{"start":{"line":101,"column":16},"end":{"line":101,"column":22}},{"start":{"line":101,"column":26},"end":{"line":101,"column":63}}],"line":101},"7":{"loc":{"start":{"line":116,"column":12},"end":{"line":119,"column":13}},"type":"if","locations":[{"start":{"line":116,"column":12},"end":{"line":119,"column":13}},{"start":{},"end":{}}],"line":116},"8":{"loc":{"start":{"line":128,"column":16},"end":{"line":219,"column":17}},"type":"if","locations":[{"start":{"line":128,"column":16},"end":{"line":219,"column":17}},{"start":{},"end":{}}],"line":128},"9":{"loc":{"start":{"line":128,"column":20},"end":{"line":128,"column":91}},"type":"binary-expr","locations":[{"start":{"line":128,"column":20},"end":{"line":128,"column":40}},{"start":{"line":128,"column":44},"end":{"line":128,"column":50}},{"start":{"line":128,"column":54},"end":{"line":128,"column":91}}],"line":128},"10":{"loc":{"start":{"line":165,"column":20},"end":{"line":169,"column":21}},"type":"if","locations":[{"start":{"line":165,"column":20},"end":{"line":169,"column":21}},{"start":{},"end":{}}],"line":165},"11":{"loc":{"start":{"line":178,"column":24},"end":{"line":214,"column":25}},"type":"if","locations":[{"start":{"line":178,"column":24},"end":{"line":214,"column":25}},{"start":{"line":193,"column":31},"end":{"line":214,"column":25}}],"line":178},"12":{"loc":{"start":{"line":196,"column":36},"end":{"line":201,"column":37}},"type":"if","locations":[{"start":{"line":196,"column":36},"end":{"line":201,"column":37}},{"start":{},"end":{}}],"line":196},"13":{"loc":{"start":{"line":229,"column":8},"end":{"line":233,"column":9}},"type":"if","locations":[{"start":{"line":229,"column":8},"end":{"line":233,"column":9}},{"start":{},"end":{}}],"line":229},"14":{"loc":{"start":{"line":236,"column":8},"end":{"line":250,"column":9}},"type":"if","locations":[{"start":{"line":236,"column":8},"end":{"line":250,"column":9}},{"start":{"line":240,"column":15},"end":{"line":250,"column":9}}],"line":236},"15":{"loc":{"start":{"line":240,"column":15},"end":{"line":250,"column":9}},"type":"if","locations":[{"start":{"line":240,"column":15},"end":{"line":250,"column":9}},{"start":{"line":244,"column":15},"end":{"line":250,"column":9}}],"line":240},"16":{"loc":{"start":{"line":244,"column":15},"end":{"line":250,"column":9}},"type":"if","locations":[{"start":{"line":244,"column":15},"end":{"line":250,"column":9}},{"start":{"line":248,"column":15},"end":{"line":250,"column":9}}],"line":244},"17":{"loc":{"start":{"line":244,"column":19},"end":{"line":244,"column":129}},"type":"binary-expr","locations":[{"start":{"line":244,"column":19},"end":{"line":244,"column":33}},{"start":{"line":244,"column":37},"end":{"line":244,"column":77}},{"start":{"line":244,"column":81},"end":{"line":244,"column":129}}],"line":244},"18":{"loc":{"start":{"line":253,"column":12},"end":{"line":258,"column":13}},"type":"if","locations":[{"start":{"line":253,"column":12},"end":{"line":258,"column":13}},{"start":{},"end":{}}],"line":253},"19":{"loc":{"start":{"line":277,"column":28},"end":{"line":277,"column":40}},"type":"default-arg","locations":[{"start":{"line":277,"column":35},"end":{"line":277,"column":40}}],"line":277},"20":{"loc":{"start":{"line":282,"column":8},"end":{"line":290,"column":9}},"type":"if","locations":[{"start":{"line":282,"column":8},"end":{"line":290,"column":9}},{"start":{},"end":{}}],"line":282},"21":{"loc":{"start":{"line":282,"column":12},"end":{"line":282,"column":98}},"type":"binary-expr","locations":[{"start":{"line":282,"column":12},"end":{"line":282,"column":74}},{"start":{"line":282,"column":78},"end":{"line":282,"column":98}}],"line":282},"22":{"loc":{"start":{"line":295,"column":4},"end":{"line":307,"column":5}},"type":"switch","locations":[{"start":{"line":296,"column":8},"end":{"line":299,"column":18}},{"start":{"line":300,"column":8},"end":{"line":303,"column":18}},{"start":{"line":304,"column":8},"end":{"line":306,"column":76}}],"line":295},"23":{"loc":{"start":{"line":309,"column":4},"end":{"line":360,"column":5}},"type":"if","locations":[{"start":{"line":309,"column":4},"end":{"line":360,"column":5}},{"start":{},"end":{}}],"line":309},"24":{"loc":{"start":{"line":318,"column":25},"end":{"line":333,"column":25}},"type":"binary-expr","locations":[{"start":{"line":318,"column":25},"end":{"line":318,"column":37}},{"start":{"line":319,"column":28},"end":{"line":332,"column":31}}],"line":318},"25":{"loc":{"start":{"line":334,"column":25},"end":{"line":345,"column":25}},"type":"binary-expr","locations":[{"start":{"line":334,"column":25},"end":{"line":334,"column":64}},{"start":{"line":334,"column":68},"end":{"line":334,"column":109}},{"start":{"line":335,"column":28},"end":{"line":344,"column":31}}],"line":334}},"s":{"0":8,"1":8,"2":8,"3":8,"4":0,"5":2,"6":15,"7":15,"8":15,"9":15,"10":15,"11":15,"12":15,"13":5,"14":15,"15":0,"16":15,"17":8,"18":8,"19":8,"20":4,"21":4,"22":4,"23":2,"24":4,"25":3,"26":4,"27":2,"28":2,"29":2,"30":1,"31":4,"32":15,"33":3,"34":3,"35":3,"36":3,"37":3,"38":3,"39":2,"40":2,"41":3,"42":3,"43":2,"44":2,"45":3,"46":1,"47":2,"48":2,"49":3,"50":15,"51":5,"52":5,"53":5,"54":5,"55":2,"56":2,"57":15,"58":3,"59":3,"60":3,"61":3,"62":1,"63":1,"64":1,"65":1,"66":1,"67":1,"68":1,"69":1,"70":0,"71":0,"72":0,"73":0,"74":1,"75":1,"76":1,"77":1,"78":1,"79":1,"80":1,"81":0,"82":0,"83":0,"84":0,"85":0,"86":0,"87":0,"88":0,"89":0,"90":0,"91":0,"92":0,"93":0,"94":0,"95":0,"96":0,"97":0,"98":0,"99":0,"100":0,"101":0,"102":0,"103":0,"104":0,"105":0,"106":15,"107":0,"108":0,"109":0,"110":0,"111":0,"112":0,"113":0,"114":0,"115":0,"116":0,"117":0,"118":0,"119":0,"120":0,"121":0,"122":0,"123":0,"124":0,"125":0,"126":0,"127":0,"128":0,"129":0,"130":0,"131":0,"132":0,"133":0,"134":0,"135":15,"136":1,"137":15,"138":1,"139":1,"140":1,"141":1,"142":15,"143":15,"144":15,"145":1,"146":1,"147":1,"148":7,"149":7,"150":7,"151":0,"152":0,"153":15,"154":14,"155":1,"156":0,"157":0,"158":3,"159":1,"160":2},"f":{"0":8,"1":15,"2":5,"3":0,"4":8,"5":2,"6":3,"7":2,"8":3,"9":2,"10":2,"11":5,"12":5,"13":3,"14":0,"15":0,"16":0,"17":0,"18":1,"19":1,"20":1,"21":0,"22":0,"23":3},"b":{"0":[3],"1":[1,1],"2":[3,0],"3":[3,2],"4":[5,2],"5":[1,2],"6":[3,2],"7":[2,3],"8":[1,2],"9":[3,3,2],"10":[1,0],"11":[0,0],"12":[0,0],"13":[0,0],"14":[0,0],"15":[0,0],"16":[0,0],"17":[0,0,0],"18":[0,0],"19":[0],"20":[1,0],"21":[1,1],"22":[1,7,0],"23":[14,1],"24":[14,7],"25":[14,0,0]},"_coverageSchema":"1a1c01bbd47fc00a2c39e90264f33305004495a9","hash":"05f3241e1ffe925e4d1add8fcdf8ca2cbcc0e41d"}
,"/codebuild/output/src2291302061/src/source/ui-chat/src/components/ChatInput.tsx": {"path":"/codebuild/output/src2291302061/src/source/ui-chat/src/components/ChatInput.tsx","statementMap":{"0":{"start":{"line":28,"column":25},"end":{"line":106,"column":1}},"1":{"start":{"line":31,"column":8},"end":{"line":31,"column":31}},"2":{"start":{"line":33,"column":34},"end":{"line":33,"column":54}},"3":{"start":{"line":35,"column":25},"end":{"line":40,"column":5}},"4":{"start":{"line":36,"column":8},"end":{"line":38,"column":9}},"5":{"start":{"line":37,"column":12},"end":{"line":37,"column":19}},"6":{"start":{"line":39,"column":8},"end":{"line":39,"column":26}},"7":{"start":{"line":42,"column":25},"end":{"line":51,"column":5}},"8":{"start":{"line":43,"column":26},"end":{"line":43,"column":48}},"9":{"start":{"line":45,"column":8},"end":{"line":48,"column":9}},"10":{"start":{"line":46,"column":12},"end":{"line":46,"column":110}},"11":{"start":{"line":47,"column":12},"end":{"line":47,"column":25}},"12":{"start":{"line":50,"column":8},"end":{"line":50,"column":20}},"13":{"start":{"line":53,"column":23},"end":{"line":63,"column":5}},"14":{"start":{"line":54,"column":8},"end":{"line":56,"column":9}},"15":{"start":{"line":55,"column":12},"end":{"line":55,"column":19}},"16":{"start":{"line":57,"column":8},"end":{"line":60,"column":9}},"17":{"start":{"line":58,"column":12},"end":{"line":58,"column":44}},"18":{"start":{"line":59,"column":12},"end":{"line":59,"column":19}},"19":{"start":{"line":61,"column":8},"end":{"line":61,"column":42}},"20":{"start":{"line":62,"column":8},"end":{"line":62,"column":23}},"21":{"start":{"line":65,"column":26},"end":{"line":69,"column":5}},"22":{"start":{"line":66,"column":8},"end":{"line":68,"column":9}},"23":{"start":{"line":67,"column":12},"end":{"line":67,"column":25}},"24":{"start":{"line":71,"column":4},"end":{"line":105,"column":6}},"25":{"start":{"line":83,"column":50},"end":{"line":83,"column":76}},"26":{"start":{"line":84,"column":51},"end":{"line":84,"column":93}}},"fnMap":{"0":{"name":"(anonymous_0)","decl":{"start":{"line":28,"column":25},"end":{"line":28,"column":26}},"loc":{"start":{"line":28,"column":108},"end":{"line":106,"column":1}},"line":28},"1":{"name":"(anonymous_1)","decl":{"start":{"line":35,"column":25},"end":{"line":35,"column":26}},"loc":{"start":{"line":35,"column":44},"end":{"line":40,"column":5}},"line":35},"2":{"name":"(anonymous_2)","decl":{"start":{"line":42,"column":25},"end":{"line":42,"column":26}},"loc":{"start":{"line":42,"column":31},"end":{"line":51,"column":5}},"line":42},"3":{"name":"(anonymous_3)","decl":{"start":{"line":53,"column":23},"end":{"line":53,"column":24}},"loc":{"start":{"line":53,"column":29},"end":{"line":63,"column":5}},"line":53},"4":{"name":"(anonymous_4)","decl":{"start":{"line":65,"column":26},"end":{"line":65,"column":27}},"loc":{"start":{"line":65,"column":62},"end":{"line":69,"column":5}},"line":65},"5":{"name":"(anonymous_5)","decl":{"start":{"line":83,"column":34},"end":{"line":83,"column":35}},"loc":{"start":{"line":83,"column":50},"end":{"line":83,"column":76}},"line":83},"6":{"name":"(anonymous_6)","decl":{"start":{"line":84,"column":35},"end":{"line":84,"column":36}},"loc":{"start":{"line":84,"column":51},"end":{"line":84,"column":93}},"line":84}},"branchMap":{"0":{"loc":{"start":{"line":36,"column":8},"end":{"line":38,"column":9}},"type":"if","locations":[{"start":{"line":36,"column":8},"end":{"line":38,"column":9}},{"start":{},"end":{}}],"line":36},"1":{"loc":{"start":{"line":45,"column":8},"end":{"line":48,"column":9}},"type":"if","locations":[{"start":{"line":45,"column":8},"end":{"line":48,"column":9}},{"start":{},"end":{}}],"line":45},"2":{"loc":{"start":{"line":45,"column":12},"end":{"line":45,"column":51}},"type":"binary-expr","locations":[{"start":{"line":45,"column":12},"end":{"line":45,"column":21}},{"start":{"line":45,"column":25},"end":{"line":45,"column":51}}],"line":45},"3":{"loc":{"start":{"line":54,"column":8},"end":{"line":56,"column":9}},"type":"if","locations":[{"start":{"line":54,"column":8},"end":{"line":56,"column":9}},{"start":{},"end":{}}],"line":54},"4":{"loc":{"start":{"line":54,"column":12},"end":{"line":54,"column":60}},"type":"binary-expr","locations":[{"start":{"line":54,"column":12},"end":{"line":54,"column":30}},{"start":{"line":54,"column":34},"end":{"line":54,"column":41}},{"start":{"line":54,"column":45},"end":{"line":54,"column":60}}],"line":54},"5":{"loc":{"start":{"line":57,"column":8},"end":{"line":60,"column":9}},"type":"if","locations":[{"start":{"line":57,"column":8},"end":{"line":60,"column":9}},{"start":{},"end":{}}],"line":57},"6":{"loc":{"start":{"line":66,"column":8},"end":{"line":68,"column":9}},"type":"if","locations":[{"start":{"line":66,"column":8},"end":{"line":68,"column":9}},{"start":{},"end":{}}],"line":66},"7":{"loc":{"start":{"line":66,"column":12},"end":{"line":66,"column":40}},"type":"binary-expr","locations":[{"start":{"line":66,"column":12},"end":{"line":66,"column":27}},{"start":{"line":66,"column":31},"end":{"line":66,"column":40}}],"line":66},"8":{"loc":{"start":{"line":80,"column":37},"end":{"line":80,"column":62}},"type":"binary-expr","locations":[{"start":{"line":80,"column":37},"end":{"line":80,"column":56}},{"start":{"line":80,"column":60},"end":{"line":80,"column":62}}],"line":80},"9":{"loc":{"start":{"line":95,"column":34},"end":{"line":95,"column":96}},"type":"cond-expr","locations":[{"start":{"line":95,"column":66},"end":{"line":95,"column":86}},{"start":{"line":95,"column":89},"end":{"line":95,"column":96}}],"line":95},"10":{"loc":{"start":{"line":95,"column":34},"end":{"line":95,"column":63}},"type":"binary-expr","locations":[{"start":{"line":95,"column":34},"end":{"line":95,"column":52}},{"start":{"line":95,"column":56},"end":{"line":95,"column":63}}],"line":95},"11":{"loc":{"start":{"line":96,"column":33},"end":{"line":96,"column":62}},"type":"binary-expr","locations":[{"start":{"line":96,"column":33},"end":{"line":96,"column":51}},{"start":{"line":96,"column":55},"end":{"line":96,"column":62}}],"line":96},"12":{"loc":{"start":{"line":99,"column":34},"end":{"line":99,"column":63}},"type":"binary-expr","locations":[{"start":{"line":99,"column":34},"end":{"line":99,"column":52}},{"start":{"line":99,"column":56},"end":{"line":99,"column":63}}],"line":99}},"s":{"0":3,"1":17,"2":17,"3":17,"4":3,"5":0,"6":3,"7":17,"8":4,"9":4,"10":0,"11":0,"12":4,"13":17,"14":4,"15":0,"16":4,"17":1,"18":1,"19":3,"20":3,"21":17,"22":0,"23":0,"24":17,"25":3,"26":0},"f":{"0":17,"1":3,"2":4,"3":4,"4":0,"5":3,"6":0},"b":{"0":[0,3],"1":[0,4],"2":[4,4],"3":[0,4],"4":[4,4,4],"5":[1,3],"6":[0,0],"7":[0,0],"8":[17,0],"9":[0,17],"10":[17,17],"11":[17,17],"12":[17,17]},"_coverageSchema":"1a1c01bbd47fc00a2c39e90264f33305004495a9","hash":"4ed41c1d98f474f21c76392727627a3040cffcf9"}
,"/codebuild/output/src2291302061/src/source/ui-chat/src/components/ChatMessage.tsx": {"path":"/codebuild/output/src2291302061/src/source/ui-chat/src/components/ChatMessage.tsx","statementMap":{"0":{"start":{"line":24,"column":38},"end":{"line":92,"column":2}},"1":{"start":{"line":27,"column":8},"end":{"line":27,"column":31}},"2":{"start":{"line":29,"column":47},"end":{"line":29,"column":62}},"3":{"start":{"line":31,"column":24},"end":{"line":40,"column":5}},"4":{"start":{"line":32,"column":8},"end":{"line":32,"column":41}},"5":{"start":{"line":32,"column":34},"end":{"line":32,"column":41}},"6":{"start":{"line":34,"column":8},"end":{"line":39,"column":11}},"7":{"start":{"line":35,"column":12},"end":{"line":35,"column":35}},"8":{"start":{"line":36,"column":12},"end":{"line":38,"column":21}},"9":{"start":{"line":37,"column":16},"end":{"line":37,"column":40}},"10":{"start":{"line":42,"column":4},"end":{"line":91,"column":6}},"11":{"start":{"line":93,"column":0},"end":{"line":93,"column":40}}},"fnMap":{"0":{"name":"(anonymous_0)","decl":{"start":{"line":24,"column":43},"end":{"line":24,"column":44}},"loc":{"start":{"line":24,"column":74},"end":{"line":92,"column":1}},"line":24},"1":{"name":"(anonymous_1)","decl":{"start":{"line":31,"column":24},"end":{"line":31,"column":25}},"loc":{"start":{"line":31,"column":30},"end":{"line":40,"column":5}},"line":31},"2":{"name":"(anonymous_2)","decl":{"start":{"line":34,"column":60},"end":{"line":34,"column":61}},"loc":{"start":{"line":34,"column":66},"end":{"line":39,"column":9}},"line":34},"3":{"name":"(anonymous_3)","decl":{"start":{"line":36,"column":23},"end":{"line":36,"column":24}},"loc":{"start":{"line":36,"column":29},"end":{"line":38,"column":13}},"line":36}},"branchMap":{"0":{"loc":{"start":{"line":32,"column":8},"end":{"line":32,"column":41}},"type":"if","locations":[{"start":{"line":32,"column":8},"end":{"line":32,"column":41}},{"start":{},"end":{}}],"line":32},"1":{"loc":{"start":{"line":43,"column":27},"end":{"line":43,"column":76}},"type":"cond-expr","locations":[{"start":{"line":43,"column":58},"end":{"line":43,"column":71}},{"start":{"line":43,"column":74},"end":{"line":43,"column":76}}],"line":43},"2":{"loc":{"start":{"line":45,"column":17},"end":{"line":49,"column":17}},"type":"binary-expr","locations":[{"start":{"line":45,"column":17},"end":{"line":45,"column":45}},{"start":{"line":46,"column":20},"end":{"line":48,"column":26}}],"line":45},"3":{"loc":{"start":{"line":52,"column":21},"end":{"line":82,"column":21}},"type":"cond-expr","locations":[{"start":{"line":53,"column":24},"end":{"line":55,"column":30}},{"start":{"line":57,"column":24},"end":{"line":81,"column":30}}],"line":52},"4":{"loc":{"start":{"line":61,"column":37},"end":{"line":64,"column":44}},"type":"cond-expr","locations":[{"start":{"line":63,"column":42},"end":{"line":63,"column":45}},{"start":{"line":64,"column":42},"end":{"line":64,"column":44}}],"line":61},"5":{"loc":{"start":{"line":61,"column":37},"end":{"line":62,"column":101}},"type":"binary-expr","locations":[{"start":{"line":61,"column":38},"end":{"line":61,"column":56}},{"start":{"line":61,"column":60},"end":{"line":61,"column":67}},{"start":{"line":62,"column":36},"end":{"line":62,"column":101}}],"line":61},"6":{"loc":{"start":{"line":62,"column":54},"end":{"line":62,"column":96}},"type":"binary-expr","locations":[{"start":{"line":62,"column":54},"end":{"line":62,"column":91}},{"start":{"line":62,"column":95},"end":{"line":62,"column":96}}],"line":62},"7":{"loc":{"start":{"line":68,"column":33},"end":{"line":79,"column":33}},"type":"cond-expr","locations":[{"start":{"line":69,"column":36},"end":{"line":69,"column":67}},{"start":{"line":71,"column":36},"end":{"line":78,"column":42}}],"line":68},"8":{"loc":{"start":{"line":84,"column":17},"end":{"line":88,"column":17}},"type":"binary-expr","locations":[{"start":{"line":84,"column":17},"end":{"line":84,"column":40}},{"start":{"line":85,"column":20},"end":{"line":87,"column":26}}],"line":84}},"s":{"0":4,"1":3,"2":3,"3":3,"4":1,"5":1,"6":0,"7":0,"8":0,"9":0,"10":3,"11":4},"f":{"0":3,"1":1,"2":0,"3":0},"b":{"0":[1,0],"1":[2,1],"2":[3,2],"3":[1,2],"4":[0,2],"5":[2,2,0],"6":[0,0],"7":[0,2],"8":[3,1]},"_coverageSchema":"1a1c01bbd47fc00a2c39e90264f33305004495a9","hash":"29df9b48e733e0814a62e05af465de2a77bc6cf9"}
,"/codebuild/output/src2291302061/src/source/ui-chat/src/components/MemoizedChatMessage.tsx": {"path":"/codebuild/output/src2291302061/src/source/ui-chat/src/components/MemoizedChatMessage.tsx","statementMap":{"0":{"start":{"line":17,"column":46},"end":{"line":20,"column":1}},"1":{"start":{"line":19,"column":30},"end":{"line":19,"column":85}}},"fnMap":{"0":{"name":"(anonymous_0)","decl":{"start":{"line":19,"column":4},"end":{"line":19,"column":5}},"loc":{"start":{"line":19,"column":30},"end":{"line":19,"column":85}},"line":19}},"branchMap":{},"s":{"0":2,"1":0},"f":{"0":0},"b":{},"_coverageSchema":"1a1c01bbd47fc00a2c39e90264f33305004495a9","hash":"aee9b012a45e15d0b0a68a0cb444dc46a435f149"}
,"/codebuild/output/src2291302061/src/source/ui-chat/src/components/PromptTemplate.tsx": {"path":"/codebuild/output/src2291302061/src/source/ui-chat/src/components/PromptTemplate.tsx","statementMap":{"0":{"start":{"line":12,"column":41},"end":{"line":139,"column":1}},"1":{"start":{"line":15,"column":8},"end":{"line":15,"column":31}},"2":{"start":{"line":16,"column":30},"end":{"line":16,"column":103}},"3":{"start":{"line":17,"column":44},"end":{"line":17,"column":56}},"4":{"start":{"line":18,"column":56},"end":{"line":18,"column":68}},"5":{"start":{"line":20,"column":34},"end":{"line":56,"column":5}},"6":{"start":{"line":21,"column":21},"end":{"line":21,"column":23}},"7":{"start":{"line":22,"column":37},"end":{"line":22,"column":104}},"8":{"start":{"line":23,"column":8},"end":{"line":30,"column":9}},"9":{"start":{"line":24,"column":12},"end":{"line":29,"column":33}},"10":{"start":{"line":32,"column":8},"end":{"line":53,"column":9}},"11":{"start":{"line":33,"column":41},"end":{"line":33,"column":67}},"12":{"start":{"line":34,"column":24},"end":{"line":34,"column":25}},"13":{"start":{"line":35,"column":24},"end":{"line":35,"column":29}},"14":{"start":{"line":36,"column":26},"end":{"line":36,"column":27}},"15":{"start":{"line":37,"column":12},"end":{"line":52,"column":13}},"16":{"start":{"line":38,"column":16},"end":{"line":38,"column":67}},"17":{"start":{"line":39,"column":16},"end":{"line":50,"column":17}},"18":{"start":{"line":40,"column":20},"end":{"line":40,"column":26}},"19":{"start":{"line":41,"column":23},"end":{"line":50,"column":17}},"20":{"start":{"line":42,"column":20},"end":{"line":42,"column":123}},"21":{"start":{"line":43,"column":20},"end":{"line":43,"column":26}},"22":{"start":{"line":44,"column":23},"end":{"line":50,"column":17}},"23":{"start":{"line":45,"column":20},"end":{"line":45,"column":143}},"24":{"start":{"line":46,"column":20},"end":{"line":46,"column":26}},"25":{"start":{"line":48,"column":20},"end":{"line":48,"column":33}},"26":{"start":{"line":49,"column":20},"end":{"line":49,"column":57}},"27":{"start":{"line":51,"column":16},"end":{"line":51,"column":29}},"28":{"start":{"line":54,"column":8},"end":{"line":54,"column":32}},"29":{"start":{"line":55,"column":8},"end":{"line":55,"column":35}},"30":{"start":{"line":58,"column":23},"end":{"line":69,"column":5}},"31":{"start":{"line":59,"column":8},"end":{"line":68,"column":9}},"32":{"start":{"line":60,"column":12},"end":{"line":65,"column":13}},"33":{"start":{"line":61,"column":16},"end":{"line":61,"column":38}},"34":{"start":{"line":62,"column":16},"end":{"line":62,"column":63}},"35":{"start":{"line":64,"column":16},"end":{"line":64,"column":42}},"36":{"start":{"line":67,"column":12},"end":{"line":67,"column":50}},"37":{"start":{"line":71,"column":4},"end":{"line":137,"column":5}},"38":{"start":{"line":72,"column":8},"end":{"line":136,"column":10}},"39":{"start":{"line":81,"column":50},"end":{"line":81,"column":72}},"40":{"start":{"line":89,"column":43},"end":{"line":89,"column":55}},"41":{"start":{"line":97,"column":32},"end":{"line":97,"column":64}},"42":{"start":{"line":98,"column":32},"end":{"line":98,"column":70}},"43":{"start":{"line":99,"column":32},"end":{"line":99,"column":52}},"44":{"start":{"line":100,"column":32},"end":{"line":100,"column":88}},"45":{"start":{"line":108,"column":32},"end":{"line":108,"column":62}},"46":{"start":{"line":138,"column":4},"end":{"line":138,"column":23}}},"fnMap":{"0":{"name":"(anonymous_0)","decl":{"start":{"line":12,"column":41},"end":{"line":12,"column":42}},"loc":{"start":{"line":12,"column":107},"end":{"line":139,"column":1}},"line":12},"1":{"name":"(anonymous_1)","decl":{"start":{"line":20,"column":34},"end":{"line":20,"column":35}},"loc":{"start":{"line":20,"column":40},"end":{"line":56,"column":5}},"line":20},"2":{"name":"(anonymous_2)","decl":{"start":{"line":58,"column":23},"end":{"line":58,"column":24}},"loc":{"start":{"line":58,"column":29},"end":{"line":69,"column":5}},"line":58},"3":{"name":"(anonymous_3)","decl":{"start":{"line":81,"column":34},"end":{"line":81,"column":35}},"loc":{"start":{"line":81,"column":50},"end":{"line":81,"column":72}},"line":81},"4":{"name":"(anonymous_4)","decl":{"start":{"line":89,"column":37},"end":{"line":89,"column":38}},"loc":{"start":{"line":89,"column":43},"end":{"line":89,"column":55}},"line":89},"5":{"name":"(anonymous_5)","decl":{"start":{"line":96,"column":37},"end":{"line":96,"column":38}},"loc":{"start":{"line":96,"column":43},"end":{"line":101,"column":29}},"line":96},"6":{"name":"(anonymous_6)","decl":{"start":{"line":107,"column":37},"end":{"line":107,"column":38}},"loc":{"start":{"line":107,"column":43},"end":{"line":109,"column":29}},"line":107}},"branchMap":{"0":{"loc":{"start":{"line":16,"column":47},"end":{"line":16,"column":102}},"type":"cond-expr","locations":[{"start":{"line":16,"column":64},"end":{"line":16,"column":78}},{"start":{"line":16,"column":81},"end":{"line":16,"column":102}}],"line":16},"1":{"loc":{"start":{"line":22,"column":37},"end":{"line":22,"column":104}},"type":"cond-expr","locations":[{"start":{"line":22,"column":50},"end":{"line":22,"column":81}},{"start":{"line":22,"column":84},"end":{"line":22,"column":104}}],"line":22},"2":{"loc":{"start":{"line":23,"column":8},"end":{"line":30,"column":9}},"type":"if","locations":[{"start":{"line":23,"column":8},"end":{"line":30,"column":9}},{"start":{},"end":{}}],"line":23},"3":{"loc":{"start":{"line":23,"column":12},"end":{"line":23,"column":98}},"type":"binary-expr","locations":[{"start":{"line":23,"column":12},"end":{"line":23,"column":53}},{"start":{"line":23,"column":57},"end":{"line":23,"column":98}}],"line":23},"4":{"loc":{"start":{"line":37,"column":19},"end":{"line":37,"column":63}},"type":"binary-expr","locations":[{"start":{"line":37,"column":19},"end":{"line":37,"column":48}},{"start":{"line":37,"column":52},"end":{"line":37,"column":63}}],"line":37},"5":{"loc":{"start":{"line":39,"column":16},"end":{"line":50,"column":17}},"type":"if","locations":[{"start":{"line":39,"column":16},"end":{"line":50,"column":17}},{"start":{"line":41,"column":23},"end":{"line":50,"column":17}}],"line":39},"6":{"loc":{"start":{"line":39,"column":20},"end":{"line":39,"column":41}},"type":"binary-expr","locations":[{"start":{"line":39,"column":20},"end":{"line":39,"column":32}},{"start":{"line":39,"column":36},"end":{"line":39,"column":41}}],"line":39},"7":{"loc":{"start":{"line":41,"column":23},"end":{"line":50,"column":17}},"type":"if","locations":[{"start":{"line":41,"column":23},"end":{"line":50,"column":17}},{"start":{"line":44,"column":23},"end":{"line":50,"column":17}}],"line":41},"8":{"loc":{"start":{"line":44,"column":23},"end":{"line":50,"column":17}},"type":"if","locations":[{"start":{"line":44,"column":23},"end":{"line":50,"column":17}},{"start":{"line":47,"column":23},"end":{"line":50,"column":17}}],"line":44},"9":{"loc":{"start":{"line":59,"column":8},"end":{"line":68,"column":9}},"type":"if","locations":[{"start":{"line":59,"column":8},"end":{"line":68,"column":9}},{"start":{"line":66,"column":15},"end":{"line":68,"column":9}}],"line":59},"10":{"loc":{"start":{"line":60,"column":12},"end":{"line":65,"column":13}},"type":"if","locations":[{"start":{"line":60,"column":12},"end":{"line":65,"column":13}},{"start":{"line":63,"column":19},"end":{"line":65,"column":13}}],"line":60},"11":{"loc":{"start":{"line":71,"column":4},"end":{"line":137,"column":5}},"type":"if","locations":[{"start":{"line":71,"column":4},"end":{"line":137,"column":5}},{"start":{},"end":{}}],"line":71},"12":{"loc":{"start":{"line":79,"column":31},"end":{"line":79,"column":42}},"type":"binary-expr","locations":[{"start":{"line":79,"column":31},"end":{"line":79,"column":36}},{"start":{"line":79,"column":40},"end":{"line":79,"column":42}}],"line":79},"13":{"loc":{"start":{"line":115,"column":25},"end":{"line":124,"column":25}},"type":"binary-expr","locations":[{"start":{"line":115,"column":25},"end":{"line":115,"column":37}},{"start":{"line":116,"column":28},"end":{"line":123,"column":36}}],"line":115},"14":{"loc":{"start":{"line":125,"column":25},"end":{"line":132,"column":25}},"type":"binary-expr","locations":[{"start":{"line":125,"column":25},"end":{"line":125,"column":43}},{"start":{"line":126,"column":28},"end":{"line":131,"column":30}}],"line":125}},"s":{"0":4,"1":16,"2":16,"3":16,"4":16,"5":16,"6":3,"7":3,"8":3,"9":0,"10":3,"11":6,"12":6,"13":6,"14":6,"15":6,"16":7,"17":7,"18":0,"19":7,"20":5,"21":5,"22":2,"23":1,"24":1,"25":1,"26":1,"27":1,"28":3,"29":3,"30":16,"31":3,"32":3,"33":0,"34":0,"35":3,"36":0,"37":16,"38":15,"39":2,"40":3,"41":1,"42":1,"43":1,"44":1,"45":0,"46":1},"f":{"0":16,"1":3,"2":3,"3":2,"4":3,"5":1,"6":0},"b":{"0":[7,9],"1":[0,3],"2":[0,3],"3":[3,3],"4":[7,7],"5":[0,7],"6":[7,5],"7":[5,2],"8":[1,1],"9":[3,0],"10":[0,3],"11":[15,1],"12":[15,9],"13":[15,5],"14":[15,1]},"_coverageSchema":"1a1c01bbd47fc00a2c39e90264f33305004495a9","hash":"885c8a6b8c4bf020f7c62dadd4d4912de7299783"}
,"/codebuild/output/src2291302061/src/source/ui-chat/src/home/home.context.tsx": {"path":"/codebuild/output/src2291302061/src/source/ui-chat/src/home/home.context.tsx","statementMap":{"0":{"start":{"line":29,"column":20},"end":{"line":29,"column":63}}},"fnMap":{},"branchMap":{},"s":{"0":7},"f":{},"b":{},"_coverageSchema":"1a1c01bbd47fc00a2c39e90264f33305004495a9","hash":"23e3817ee7cbf5b68f0231379bfb220365c2e459"}
,"/codebuild/output/src2291302061/src/source/ui-chat/src/home/home.state.tsx": {"path":"/codebuild/output/src2291302061/src/source/ui-chat/src/home/home.state.tsx","statementMap":{"0":{"start":{"line":25,"column":46},"end":{"line":36,"column":1}}},"fnMap":{},"branchMap":{},"s":{"0":0},"f":{},"b":{}}
,"/codebuild/output/src2291302061/src/source/ui-chat/src/hooks/useCreateReducer.ts": {"path":"/codebuild/output/src2291302061/src/source/ui-chat/src/hooks/useCreateReducer.ts","statementMap":{"0":{"start":{"line":25,"column":32},"end":{"line":39,"column":1}},"1":{"start":{"line":28,"column":20},"end":{"line":34,"column":5}},"2":{"start":{"line":29,"column":8},"end":{"line":29,"column":76}},"3":{"start":{"line":29,"column":26},"end":{"line":29,"column":76}},"4":{"start":{"line":31,"column":8},"end":{"line":31,"column":57}},"5":{"start":{"line":31,"column":37},"end":{"line":31,"column":57}},"6":{"start":{"line":33,"column":8},"end":{"line":33,"column":26}},"7":{"start":{"line":36,"column":30},"end":{"line":36,"column":63}},"8":{"start":{"line":38,"column":4},"end":{"line":38,"column":67}},"9":{"start":{"line":38,"column":26},"end":{"line":38,"column":45}}},"fnMap":{"0":{"name":"(anonymous_0)","decl":{"start":{"line":25,"column":32},"end":{"line":25,"column":33}},"loc":{"start":{"line":25,"column":78},"end":{"line":39,"column":1}},"line":25},"1":{"name":"(anonymous_1)","decl":{"start":{"line":28,"column":20},"end":{"line":28,"column":21}},"loc":{"start":{"line":28,"column":50},"end":{"line":34,"column":5}},"line":28},"2":{"name":"(anonymous_2)","decl":{"start":{"line":38,"column":19},"end":{"line":38,"column":20}},"loc":{"start":{"line":38,"column":26},"end":{"line":38,"column":45}},"line":38}},"branchMap":{"0":{"loc":{"start":{"line":29,"column":8},"end":{"line":29,"column":76}},"type":"if","locations":[{"start":{"line":29,"column":8},"end":{"line":29,"column":76}},{"start":{},"end":{}}],"line":29},"1":{"loc":{"start":{"line":31,"column":8},"end":{"line":31,"column":57}},"type":"if","locations":[{"start":{"line":31,"column":8},"end":{"line":31,"column":57}},{"start":{},"end":{}}],"line":31}},"s":{"0":0,"1":0,"2":0,"3":0,"4":0,"5":0,"6":0,"7":0,"8":0,"9":0},"f":{"0":0,"1":0,"2":0},"b":{"0":[0,0],"1":[0,0]}}
,"/codebuild/output/src2291302061/src/source/ui-chat/src/types/chat.ts": {"path":"/codebuild/output/src2291302061/src/source/ui-chat/src/types/chat.ts","statementMap":{},"fnMap":{},"branchMap":{},"s":{},"f":{},"b":{}}
,"/codebuild/output/src2291302061/src/source/ui-chat/src/types/misc.ts": {"path":"/codebuild/output/src2291302061/src/source/ui-chat/src/types/misc.ts","statementMap":{},"fnMap":{},"branchMap":{},"s":{},"f":{},"b":{}}
,"/codebuild/output/src2291302061/src/source/ui-chat/src/types/prompt.ts": {"path":"/codebuild/output/src2291302061/src/source/ui-chat/src/types/prompt.ts","statementMap":{},"fnMap":{},"branchMap":{},"s":{},"f":{},"b":{}}
,"/codebuild/output/src2291302061/src/source/ui-chat/src/utils/constants.ts": {"path":"/codebuild/output/src2291302061/src/source/ui-chat/src/utils/constants.ts","statementMap":{"0":{"start":{"line":14,"column":24},"end":{"line":14,"column":29}},"1":{"start":{"line":15,"column":34},"end":{"line":15,"column":83}},"2":{"start":{"line":16,"column":38},"end":{"line":16,"column":41}},"3":{"start":{"line":18,"column":42},"end":{"line":18,"column":43}},"4":{"start":{"line":19,"column":42},"end":{"line":19,"column":46}},"5":{"start":{"line":20,"column":38},"end":{"line":20,"column":60}},"6":{"start":{"line":22,"column":46},"end":{"line":22,"column":94}}},"fnMap":{},"branchMap":{},"s":{"0":5,"1":5,"2":5,"3":5,"4":5,"5":5,"6":5},"f":{},"b":{},"_coverageSchema":"1a1c01bbd47fc00a2c39e90264f33305004495a9","hash":"ad53307e5e5232eee69562c1b64fdc9b6e747667"}
,"/codebuild/output/src2291302061/src/source/ui-chat/src/utils/conversation.ts": {"path":"/codebuild/output/src2291302061/src/source/ui-chat/src/utils/conversation.ts","statementMap":{"0":{"start":{"line":16,"column":32},"end":{"line":18,"column":1}},"1":{"start":{"line":17,"column":4},"end":{"line":17,"column":79}}},"fnMap":{"0":{"name":"(anonymous_0)","decl":{"start":{"line":16,"column":32},"end":{"line":16,"column":33}},"loc":{"start":{"line":16,"column":64},"end":{"line":18,"column":1}},"line":16}},"branchMap":{},"s":{"0":2,"1":1},"f":{"0":1},"b":{},"_coverageSchema":"1a1c01bbd47fc00a2c39e90264f33305004495a9","hash":"954959a6c7712e9dc3b937023d7d15f7a22a9ef9"}
}
