TN:
SF:src/components/Chat.tsx
FN:30,generateToken
FN:41,(anonymous_1)
FN:54,(anonymous_2)
FN:58,(anonymous_3)
FN:62,(anonymous_4)
FN:68,(anonymous_5)
FN:72,(anonymous_6)
FN:76,(anonymous_7)
FN:89,(anonymous_8)
FN:95,(anonymous_9)
FN:95,(anonymous_10)
FN:111,(anonymous_11)
FN:114,(anonymous_12)
FN:124,(anonymous_13)
FN:148,(anonymous_14)
FN:195,(anonymous_15)
FN:227,(anonymous_16)
FN:252,(anonymous_17)
FN:277,(anonymous_18)
FN:281,(anonymous_19)
FN:315,(anonymous_20)
FN:322,(anonymous_21)
FN:338,(anonymous_22)
FN:349,(anonymous_23)
FNF:24
FNH:17
FNDA:8,generateToken
FNDA:15,(anonymous_1)
FNDA:5,(anonymous_2)
FNDA:0,(anonymous_3)
FNDA:8,(anonymous_4)
FNDA:2,(anonymous_5)
FNDA:3,(anonymous_6)
FNDA:2,(anonymous_7)
FNDA:3,(anonymous_8)
FNDA:2,(anonymous_9)
FNDA:2,(anonymous_10)
FNDA:5,(anonymous_11)
FNDA:5,(anonymous_12)
FNDA:3,(anonymous_13)
FNDA:0,(anonymous_14)
FNDA:0,(anonymous_15)
FNDA:0,(anonymous_16)
FNDA:0,(anonymous_17)
FNDA:1,(anonymous_18)
FNDA:1,(anonymous_19)
FNDA:1,(anonymous_20)
FNDA:0,(anonymous_21)
FNDA:0,(anonymous_22)
FNDA:3,(anonymous_23)
DA:31,8
DA:32,8
DA:33,8
DA:34,8
DA:36,0
DA:41,2
DA:45,15
DA:47,15
DA:48,15
DA:49,15
DA:50,15
DA:52,15
DA:54,15
DA:55,5
DA:58,15
DA:59,0
DA:62,15
DA:63,8
DA:64,8
DA:65,8
DA:66,4
DA:67,4
DA:68,4
DA:69,2
DA:72,4
DA:73,3
DA:76,4
DA:77,2
DA:78,2
DA:79,2
DA:80,1
DA:84,4
DA:89,15
DA:90,3
DA:91,3
DA:92,3
DA:93,3
DA:94,3
DA:95,3
DA:96,3
DA:97,3
DA:98,2
DA:99,2
DA:101,3
DA:102,1
DA:104,2
DA:105,2
DA:108,3
DA:111,15
DA:112,5
DA:114,5
DA:115,5
DA:116,5
DA:117,2
DA:118,2
DA:123,15
DA:125,3
DA:126,3
DA:127,3
DA:128,3
DA:130,1
DA:134,1
DA:138,1
DA:139,1
DA:140,1
DA:141,1
DA:146,1
DA:148,1
DA:149,0
DA:150,0
DA:151,0
DA:152,0
DA:155,1
DA:162,1
DA:164,1
DA:165,1
DA:166,1
DA:167,1
DA:168,1
DA:170,0
DA:171,0
DA:172,0
DA:173,0
DA:174,0
DA:175,0
DA:176,0
DA:177,0
DA:178,0
DA:179,0
DA:180,0
DA:184,0
DA:188,0
DA:192,0
DA:194,0
DA:196,0
DA:197,0
DA:202,0
DA:205,0
DA:209,0
DA:213,0
DA:216,0
DA:217,0
DA:218,0
DA:221,0
DA:227,15
DA:228,0
DA:229,0
DA:230,0
DA:231,0
DA:232,0
DA:234,0
DA:236,0
DA:237,0
DA:238,0
DA:239,0
DA:240,0
DA:241,0
DA:242,0
DA:243,0
DA:244,0
DA:245,0
DA:246,0
DA:247,0
DA:249,0
DA:252,0
DA:253,0
DA:254,0
DA:259,0
DA:262,0
DA:268,0
DA:272,0
DA:273,0
DA:274,0
DA:277,15
DA:278,1
DA:281,15
DA:282,1
DA:283,1
DA:288,1
DA:289,1
DA:293,15
DA:294,15
DA:295,15
DA:297,1
DA:298,1
DA:299,1
DA:301,7
DA:302,7
DA:303,7
DA:305,0
DA:306,0
DA:309,15
DA:310,14
DA:315,1
DA:323,0
DA:339,0
DA:350,3
DA:361,1
DA:366,2
LF:159
LH:96
BRDA:62,0,0,3
BRDA:79,1,0,1
BRDA:79,1,1,1
BRDA:91,2,0,3
BRDA:91,2,1,0
BRDA:91,3,0,3
BRDA:91,3,1,2
BRDA:97,4,0,5
BRDA:97,4,1,2
BRDA:101,5,0,1
BRDA:101,5,1,2
BRDA:101,6,0,3
BRDA:101,6,1,2
BRDA:116,7,0,2
BRDA:116,7,1,3
BRDA:128,8,0,1
BRDA:128,8,1,2
BRDA:128,9,0,3
BRDA:128,9,1,3
BRDA:128,9,2,2
BRDA:165,10,0,1
BRDA:165,10,1,0
BRDA:178,11,0,0
BRDA:178,11,1,0
BRDA:196,12,0,0
BRDA:196,12,1,0
BRDA:229,13,0,0
BRDA:229,13,1,0
BRDA:236,14,0,0
BRDA:236,14,1,0
BRDA:240,15,0,0
BRDA:240,15,1,0
BRDA:244,16,0,0
BRDA:244,16,1,0
BRDA:244,17,0,0
BRDA:244,17,1,0
BRDA:244,17,2,0
BRDA:253,18,0,0
BRDA:253,18,1,0
BRDA:277,19,0,0
BRDA:282,20,0,1
BRDA:282,20,1,0
BRDA:282,21,0,1
BRDA:282,21,1,1
BRDA:295,22,0,1
BRDA:295,22,1,7
BRDA:295,22,2,0
BRDA:309,23,0,14
BRDA:309,23,1,1
BRDA:318,24,0,14
BRDA:318,24,1,7
BRDA:334,25,0,14
BRDA:334,25,1,0
BRDA:334,25,2,0
BRF:54
BRH:30
end_of_record
TN:
SF:src/components/ChatInput.tsx
FN:28,(anonymous_0)
FN:35,(anonymous_1)
FN:42,(anonymous_2)
FN:53,(anonymous_3)
FN:65,(anonymous_4)
FN:83,(anonymous_5)
FN:84,(anonymous_6)
FNF:7
FNH:5
FNDA:17,(anonymous_0)
FNDA:3,(anonymous_1)
FNDA:4,(anonymous_2)
FNDA:4,(anonymous_3)
FNDA:0,(anonymous_4)
FNDA:3,(anonymous_5)
FNDA:0,(anonymous_6)
DA:28,3
DA:31,17
DA:33,17
DA:35,17
DA:36,3
DA:37,0
DA:39,3
DA:42,17
DA:43,4
DA:45,4
DA:46,0
DA:47,0
DA:50,4
DA:53,17
DA:54,4
DA:55,0
DA:57,4
DA:58,1
DA:59,1
DA:61,3
DA:62,3
DA:65,17
DA:66,0
DA:67,0
DA:71,17
DA:83,3
DA:84,0
LF:27
LH:20
BRDA:36,0,0,0
BRDA:36,0,1,3
BRDA:45,1,0,0
BRDA:45,1,1,4
BRDA:45,2,0,4
BRDA:45,2,1,4
BRDA:54,3,0,0
BRDA:54,3,1,4
BRDA:54,4,0,4
BRDA:54,4,1,4
BRDA:54,4,2,4
BRDA:57,5,0,1
BRDA:57,5,1,3
BRDA:66,6,0,0
BRDA:66,6,1,0
BRDA:66,7,0,0
BRDA:66,7,1,0
BRDA:80,8,0,17
BRDA:80,8,1,0
BRDA:95,9,0,0
BRDA:95,9,1,17
BRDA:95,10,0,17
BRDA:95,10,1,17
BRDA:96,11,0,17
BRDA:96,11,1,17
BRDA:99,12,0,17
BRDA:99,12,1,17
BRF:27
BRH:18
end_of_record
TN:
SF:src/components/ChatMessage.tsx
FN:24,(anonymous_0)
FN:31,(anonymous_1)
FN:34,(anonymous_2)
FN:36,(anonymous_3)
FNF:4
FNH:2
FNDA:3,(anonymous_0)
FNDA:1,(anonymous_1)
FNDA:0,(anonymous_2)
FNDA:0,(anonymous_3)
DA:24,4
DA:27,3
DA:29,3
DA:31,3
DA:32,1
DA:34,0
DA:35,0
DA:36,0
DA:37,0
DA:42,3
DA:93,4
LF:11
LH:7
BRDA:32,0,0,1
BRDA:32,0,1,0
BRDA:43,1,0,2
BRDA:43,1,1,1
BRDA:45,2,0,3
BRDA:45,2,1,2
BRDA:52,3,0,1
BRDA:52,3,1,2
BRDA:61,4,0,0
BRDA:61,4,1,2
BRDA:61,5,0,2
BRDA:61,5,1,2
BRDA:61,5,2,0
BRDA:62,6,0,0
BRDA:62,6,1,0
BRDA:68,7,0,0
BRDA:68,7,1,2
BRDA:84,8,0,3
BRDA:84,8,1,1
BRF:19
BRH:13
end_of_record
TN:
SF:src/components/MemoizedChatMessage.tsx
FN:19,(anonymous_0)
FNF:1
FNH:0
FNDA:0,(anonymous_0)
DA:17,2
DA:19,0
LF:2
LH:1
BRF:0
BRH:0
end_of_record
TN:
SF:src/components/PromptTemplate.tsx
FN:12,(anonymous_0)
FN:20,(anonymous_1)
FN:58,(anonymous_2)
FN:81,(anonymous_3)
FN:89,(anonymous_4)
FN:96,(anonymous_5)
FN:107,(anonymous_6)
FNF:7
FNH:6
FNDA:16,(anonymous_0)
FNDA:3,(anonymous_1)
FNDA:3,(anonymous_2)
FNDA:2,(anonymous_3)
FNDA:3,(anonymous_4)
FNDA:1,(anonymous_5)
FNDA:0,(anonymous_6)
DA:12,4
DA:15,16
DA:16,16
DA:17,16
DA:18,16
DA:20,16
DA:21,3
DA:22,3
DA:23,3
DA:24,0
DA:32,3
DA:33,6
DA:34,6
DA:35,6
DA:36,6
DA:37,6
DA:38,7
DA:39,7
DA:40,0
DA:41,7
DA:42,5
DA:43,5
DA:44,2
DA:45,1
DA:46,1
DA:48,1
DA:49,1
DA:51,1
DA:54,3
DA:55,3
DA:58,16
DA:59,3
DA:60,3
DA:61,0
DA:62,0
DA:64,3
DA:67,0
DA:71,16
DA:72,15
DA:81,2
DA:89,3
DA:97,1
DA:98,1
DA:99,1
DA:100,1
DA:108,0
DA:138,1
LF:47
LH:41
BRDA:16,0,0,7
BRDA:16,0,1,9
BRDA:22,1,0,0
BRDA:22,1,1,3
BRDA:23,2,0,0
BRDA:23,2,1,3
BRDA:23,3,0,3
BRDA:23,3,1,3
BRDA:37,4,0,7
BRDA:37,4,1,7
BRDA:39,5,0,0
BRDA:39,5,1,7
BRDA:39,6,0,7
BRDA:39,6,1,5
BRDA:41,7,0,5
BRDA:41,7,1,2
BRDA:44,8,0,1
BRDA:44,8,1,1
BRDA:59,9,0,3
BRDA:59,9,1,0
BRDA:60,10,0,0
BRDA:60,10,1,3
BRDA:71,11,0,15
BRDA:71,11,1,1
BRDA:79,12,0,15
BRDA:79,12,1,9
BRDA:115,13,0,15
BRDA:115,13,1,5
BRDA:125,14,0,15
BRDA:125,14,1,1
BRF:30
BRH:25
end_of_record
TN:
SF:src/home/home.context.tsx
FNF:0
FNH:0
DA:29,7
LF:1
LH:1
BRF:0
BRH:0
end_of_record
TN:
SF:src/home/home.state.tsx
FNF:0
FNH:0
DA:25,0
LF:1
LH:0
BRF:0
BRH:0
end_of_record
TN:
SF:src/hooks/useCreateReducer.ts
FN:25,(anonymous_0)
FN:28,(anonymous_1)
FN:38,(anonymous_2)
FNF:3
FNH:0
FNDA:0,(anonymous_0)
FNDA:0,(anonymous_1)
FNDA:0,(anonymous_2)
DA:25,0
DA:28,0
DA:29,0
DA:31,0
DA:33,0
DA:36,0
DA:38,0
LF:7
LH:0
BRDA:29,0,0,0
BRDA:29,0,1,0
BRDA:31,1,0,0
BRDA:31,1,1,0
BRF:4
BRH:0
end_of_record
TN:
SF:src/types/chat.ts
FNF:0
FNH:0
LF:0
LH:0
BRF:0
BRH:0
end_of_record
TN:
SF:src/types/misc.ts
FNF:0
FNH:0
LF:0
LH:0
BRF:0
BRH:0
end_of_record
TN:
SF:src/types/prompt.ts
FNF:0
FNH:0
LF:0
LH:0
BRF:0
BRH:0
end_of_record
TN:
SF:src/utils/constants.ts
FNF:0
FNH:0
DA:14,5
DA:15,5
DA:16,5
DA:18,5
DA:19,5
DA:20,5
DA:22,5
LF:7
LH:7
BRF:0
BRH:0
end_of_record
TN:
SF:src/utils/conversation.ts
FN:16,(anonymous_0)
FNF:1
FNH:1
FNDA:1,(anonymous_0)
DA:16,2
DA:17,1
LF:2
LH:2
BRF:0
BRH:0
end_of_record
