TN:
SF:source/infrastructure/lib/anthropic-chat-stack.ts
FN:37,(anonymous_6)
FN:44,(anonymous_7)
FN:72,(anonymous_8)
FNF:3
FNH:3
FNDA:1,(anonymous_6)
FNDA:1,(anonymous_7)
FNDA:1,(anonymous_8)
DA:15,1
DA:16,1
DA:19,1
DA:20,1
DA:21,1
DA:22,1
DA:36,1
DA:38,1
DA:45,1
DA:66,1
DA:73,1
LF:11
LH:11
BRF:0
BRH:0
end_of_record
TN:
SF:source/infrastructure/lib/bedrock-chat-stack.ts
FN:41,(anonymous_6)
FN:48,(anonymous_7)
FN:97,(anonymous_8)
FNF:3
FNH:3
FNDA:1,(anonymous_6)
FNDA:1,(anonymous_7)
FNDA:1,(anonymous_8)
DA:15,1
DA:20,1
DA:21,1
DA:23,1
DA:24,1
DA:25,1
DA:26,1
DA:40,1
DA:42,1
DA:49,1
DA:70,1
DA:75,1
DA:82,1
DA:98,1
LF:14
LH:14
BRF:0
BRH:0
end_of_record
TN:
SF:source/infrastructure/lib/deployment-platform-stack.ts
FN:57,(anonymous_6)
FNF:1
FNH:1
FNDA:4,(anonymous_6)
DA:15,3
DA:18,3
DA:20,3
DA:21,3
DA:23,3
DA:24,3
DA:25,3
DA:26,3
DA:27,3
DA:28,3
DA:40,3
DA:58,4
DA:60,4
DA:71,4
DA:80,4
DA:87,4
DA:93,4
DA:100,4
DA:101,4
DA:108,4
DA:112,4
DA:121,4
DA:132,4
DA:137,4
DA:138,4
DA:140,4
DA:147,4
DA:150,4
DA:156,4
DA:157,4
DA:158,4
DA:161,4
DA:164,4
DA:166,4
DA:168,4
LF:35
LH:35
BRDA:147,0,0,0
BRDA:147,0,1,4
BRDA:147,1,0,4
BRDA:147,1,1,4
BRDA:150,2,0,0
BRDA:150,2,1,4
BRDA:150,3,0,4
BRDA:150,3,1,4
BRDA:151,4,0,0
BRDA:151,4,1,4
BRDA:151,5,0,4
BRDA:151,5,1,4
BRDA:156,6,0,4
BRDA:169,7,0,0
BRDA:169,7,1,4
BRDA:169,8,0,4
BRDA:169,8,1,4
BRF:17
BRH:13
end_of_record
TN:
SF:source/infrastructure/lib/hugging-face-chat-stack.ts
FN:39,(anonymous_6)
FN:46,(anonymous_7)
FN:74,(anonymous_8)
FNF:3
FNH:3
FNDA:4,(anonymous_6)
FNDA:4,(anonymous_7)
FNDA:4,(anonymous_8)
DA:15,3
DA:19,3
DA:21,3
DA:22,3
DA:23,3
DA:24,3
DA:38,3
DA:40,4
DA:47,4
DA:68,4
DA:75,4
LF:11
LH:11
BRF:0
BRH:0
end_of_record
TN:
SF:source/infrastructure/lib/api/deployment-platform-rest-endpoint.ts
FN:57,(anonymous_6)
FN:260,(anonymous_7)
FN:261,(anonymous_8)
FNF:3
FNH:3
FNDA:8,(anonymous_6)
FNDA:16,(anonymous_7)
FNDA:80,(anonymous_8)
DA:15,6
DA:16,6
DA:19,6
DA:20,6
DA:22,6
DA:23,6
DA:24,6
DA:25,6
DA:26,6
DA:27,6
DA:41,6
DA:58,8
DA:59,8
DA:61,8
DA:75,8
DA:83,8
DA:92,8
DA:102,8
DA:116,8
DA:130,8
DA:134,8
DA:136,8
DA:141,8
DA:142,8
DA:144,8
DA:151,8
DA:162,8
DA:195,8
DA:202,8
DA:236,8
DA:246,8
DA:247,8
DA:249,8
DA:257,8
DA:258,8
DA:260,8
DA:261,16
DA:262,80
DA:263,80
LF:39
LH:39
BRF:0
BRH:0
end_of_record
TN:
SF:source/infrastructure/lib/api/rest-request-processor.ts
FN:83,(anonymous_6)
FNF:1
FNH:1
FNDA:7,(anonymous_6)
DA:15,5
DA:16,5
DA:17,5
DA:19,5
DA:21,5
DA:22,5
DA:23,5
DA:31,5
DA:32,5
DA:33,5
DA:62,5
DA:84,7
DA:87,7
DA:93,7
DA:94,7
DA:97,7
DA:116,7
DA:127,7
DA:130,7
DA:134,7
DA:136,7
DA:142,7
DA:148,7
DA:161,7
DA:164,7
DA:165,7
LF:26
LH:26
BRF:0
BRH:0
end_of_record
TN:
SF:source/infrastructure/lib/api/websocket-endpoint.ts
FN:66,(anonymous_0)
FNF:1
FNH:1
FNDA:8,(anonymous_0)
DA:18,7
DA:19,7
DA:20,7
DA:22,7
DA:23,7
DA:55,7
DA:67,8
DA:69,8
DA:73,8
DA:89,8
DA:95,8
DA:102,8
DA:107,8
DA:109,8
DA:110,8
DA:111,8
DA:113,8
DA:120,8
DA:121,8
DA:122,24
DA:133,8
LF:21
LH:21
BRDA:123,0,0,0
BRDA:123,0,1,24
BRDA:123,1,0,24
BRDA:123,1,1,24
BRF:4
BRH:3
end_of_record
TN:
SF:source/infrastructure/lib/api/websocket-request-processor.ts
FN:109,(anonymous_6)
FNF:1
FNH:1
FNDA:7,(anonymous_6)
DA:15,6
DA:18,6
DA:19,6
DA:22,6
DA:23,6
DA:24,6
DA:25,6
DA:26,6
DA:34,6
DA:73,6
DA:110,7
DA:112,7
DA:125,7
DA:139,7
DA:147,7
DA:148,7
DA:150,7
DA:169,7
DA:178,7
DA:180,7
DA:188,7
DA:189,7
DA:190,7
DA:193,7
DA:203,7
DA:204,7
DA:205,7
LF:27
LH:27
BRF:0
BRH:0
end_of_record
TN:
SF:source/infrastructure/lib/api/model-schema/deploy-usecase-body.ts
FNF:0
FNH:0
DA:14,6
DA:15,6
DA:34,6
LF:3
LH:3
BRF:0
BRH:0
end_of_record
TN:
SF:source/infrastructure/lib/api/model-schema/deploy-usecase-response.ts
FNF:0
FNH:0
DA:14,6
DA:16,6
LF:2
LH:2
BRF:0
BRH:0
end_of_record
TN:
SF:source/infrastructure/lib/api/model-schema/update-usecase-body.ts
FNF:0
FNH:0
DA:14,6
DA:15,6
DA:28,6
LF:3
LH:3
BRF:0
BRH:0
end_of_record
TN:
SF:source/infrastructure/lib/api/model-schema/update-usecase-response.ts
FNF:0
FNH:0
DA:14,6
DA:17,6
LF:2
LH:2
BRF:0
BRH:0
end_of_record
TN:
SF:source/infrastructure/lib/auth/cognito-setup.ts
FN:75,(anonymous_6)
FN:85,(anonymous_7)
FN:112,(anonymous_8)
FN:167,(anonymous_9)
FN:230,(anonymous_10)
FNF:5
FNH:5
FNDA:23,(anonymous_6)
FNDA:23,(anonymous_7)
FNDA:23,(anonymous_8)
FNDA:23,(anonymous_9)
FNDA:23,(anonymous_10)
DA:15,13
DA:16,13
DA:17,13
DA:19,13
DA:20,13
DA:21,13
DA:22,13
DA:49,13
DA:76,23
DA:77,23
DA:86,23
DA:96,23
DA:103,23
DA:113,23
DA:149,23
DA:152,23
DA:158,23
DA:168,23
DA:186,23
DA:194,23
DA:206,23
DA:209,23
DA:215,23
DA:224,23
DA:225,23
DA:226,23
DA:227,23
DA:231,23
DA:233,23
DA:234,14
DA:236,9
LF:31
LH:31
BRDA:233,0,0,14
BRDA:233,0,1,9
BRF:2
BRH:2
end_of_record
TN:
SF:source/infrastructure/lib/auth/deployment-platform-cognito-setup.ts
FN:19,(anonymous_0)
FNF:1
FNH:1
FNDA:10,(anonymous_0)
DA:16,6
DA:18,6
DA:20,10
DA:22,10
DA:23,10
DA:24,10
LF:6
LH:6
BRF:0
BRH:0
end_of_record
TN:
SF:source/infrastructure/lib/auth/use-case-cognito-setup.ts
FN:43,(anonymous_6)
FNF:1
FNH:1
FNDA:13,(anonymous_6)
DA:15,7
DA:16,7
DA:17,7
DA:20,7
DA:22,7
DA:42,7
DA:44,13
DA:46,13
DA:54,13
DA:55,13
DA:58,13
DA:59,13
DA:62,13
DA:67,13
DA:69,13
DA:74,13
DA:81,13
DA:83,13
LF:18
LH:18
BRDA:84,0,0,0
BRDA:84,0,1,13
BRDA:84,1,0,13
BRDA:84,1,1,13
BRDA:84,2,0,0
BRDA:84,2,1,13
BRDA:84,3,0,13
BRDA:84,3,1,13
BRF:8
BRH:6
end_of_record
TN:
SF:source/infrastructure/lib/framework/application-setup.ts
FN:132,(anonymous_6)
FN:166,(anonymous_7)
FN:194,(anonymous_8)
FN:218,(anonymous_9)
FN:281,(anonymous_10)
FN:288,(anonymous_11)
FNF:6
FNH:6
FNDA:17,(anonymous_6)
FNDA:12,(anonymous_7)
FNDA:11,(anonymous_8)
FNDA:12,(anonymous_9)
FNDA:16,(anonymous_10)
FNDA:4,(anonymous_11)
DA:15,10
DA:17,10
DA:19,10
DA:21,10
DA:23,10
DA:24,10
DA:25,10
DA:26,10
DA:27,10
DA:28,10
DA:29,10
DA:87,10
DA:133,17
DA:134,17
DA:136,17
DA:140,17
DA:149,17
DA:155,17
DA:156,17
DA:158,17
DA:167,12
DA:172,12
DA:174,7
DA:175,7
DA:177,5
DA:178,5
DA:180,0
DA:182,12
DA:185,12
DA:199,11
DA:220,12
DA:236,12
DA:247,12
DA:248,6
DA:259,12
DA:260,12
DA:263,12
DA:267,12
DA:282,16
DA:289,4
LF:40
LH:39
BRDA:172,0,0,7
BRDA:172,0,1,5
BRDA:172,0,2,0
BRDA:230,1,0,12
BRDA:230,1,1,6
BRDA:247,2,0,6
BRF:6
BRH:5
end_of_record
TN:
SF:source/infrastructure/lib/framework/base-stack.ts
FN:45,(anonymous_6)
FNF:1
FNH:1
FNDA:4,(anonymous_6)
DA:15,3
DA:44,3
DA:46,4
LF:3
LH:3
BRF:0
BRH:0
end_of_record
TN:
SF:source/infrastructure/lib/framework/external-use-case-stack.ts
FN:34,(anonymous_6)
FN:67,(anonymous_7)
FNF:2
FNH:2
FNDA:5,(anonymous_6)
FNDA:5,(anonymous_7)
DA:15,4
DA:18,4
DA:20,4
DA:21,4
DA:23,4
DA:35,5
DA:42,5
DA:52,5
DA:66,4
DA:68,5
DA:69,5
DA:72,5
DA:76,5
DA:85,5
LF:14
LH:14
BRF:0
BRH:0
end_of_record
TN:
SF:source/infrastructure/lib/framework/ui-asset.ts
FN:42,(anonymous_6)
FN:161,(anonymous_7)
FNF:2
FNH:2
FNDA:14,(anonymous_6)
FNDA:14,(anonymous_7)
DA:15,11
DA:17,11
DA:18,11
DA:19,11
DA:20,11
DA:22,11
DA:23,11
DA:24,11
DA:25,11
DA:26,11
DA:31,11
DA:43,14
DA:45,14
DA:52,14
DA:58,14
DA:64,14
DA:70,14
DA:80,14
DA:81,14
DA:83,14
DA:84,14
DA:89,14
DA:95,14
DA:115,14
DA:117,14
DA:128,14
DA:130,14
DA:140,14
DA:141,14
DA:143,14
DA:162,14
DA:169,14
LF:32
LH:32
BRDA:140,0,0,0
BRDA:140,0,1,14
BRDA:140,1,0,14
BRDA:140,1,1,14
BRDA:141,2,0,0
BRDA:141,2,1,14
BRDA:141,3,0,14
BRDA:141,3,1,14
BRF:8
BRH:6
end_of_record
TN:
SF:source/infrastructure/lib/framework/use-case-stack.ts
FN:131,(anonymous_6)
FN:324,(anonymous_7)
FN:530,(anonymous_8)
FNF:3
FNH:3
FNDA:6,(anonymous_6)
FNDA:6,(anonymous_7)
FNDA:6,(anonymous_8)
DA:15,5
DA:16,5
DA:20,5
DA:21,5
DA:22,5
DA:23,5
DA:25,5
DA:26,5
DA:27,5
DA:28,5
DA:29,5
DA:30,5
DA:57,5
DA:132,6
DA:141,6
DA:149,6
DA:158,6
DA:168,6
DA:178,6
DA:186,6
DA:194,6
DA:203,6
DA:212,6
DA:221,6
DA:229,6
DA:237,6
DA:253,6
DA:269,6
DA:290,5
DA:325,6
DA:326,6
DA:330,6
DA:343,6
DA:352,6
DA:357,6
DA:367,6
DA:380,6
DA:386,6
DA:396,6
DA:400,6
DA:401,6
DA:403,6
DA:414,6
DA:415,6
DA:430,6
DA:440,6
DA:448,6
DA:451,6
DA:457,6
DA:461,6
DA:465,6
DA:469,6
DA:473,6
DA:481,6
DA:484,6
DA:487,6
DA:492,6
DA:496,6
DA:497,6
DA:498,6
DA:501,6
DA:509,6
DA:531,6
DA:535,6
DA:543,6
DA:544,6
DA:555,6
DA:556,6
DA:559,6
DA:563,6
DA:573,6
DA:578,6
DA:591,6
LF:73
LH:73
BRDA:448,0,0,0
BRDA:448,0,1,6
BRDA:448,1,0,6
BRDA:448,1,1,6
BRDA:451,2,0,0
BRDA:451,2,1,6
BRDA:451,3,0,6
BRDA:451,3,1,6
BRDA:452,4,0,0
BRDA:452,4,1,6
BRDA:452,5,0,6
BRDA:452,5,1,6
BRDA:496,6,0,6
BRDA:503,7,0,6
BRDA:503,7,1,6
BRDA:510,8,0,0
BRDA:510,8,1,6
BRDA:510,9,0,6
BRDA:510,9,1,6
BRF:19
BRH:15
end_of_record
TN:
SF:source/infrastructure/lib/layers/node-user-agent.ts
FN:26,(anonymous_6)
FNF:1
FNH:1
FNDA:4,(anonymous_6)
DA:15,1
DA:17,1
DA:18,1
DA:19,1
DA:20,1
DA:25,1
DA:27,4
DA:29,4
DA:30,8
DA:31,0
DA:35,4
DA:37,4
LF:12
LH:11
BRDA:27,0,0,4
BRDA:27,0,1,0
BRDA:27,1,0,4
BRDA:27,1,1,4
BRDA:30,2,0,0
BRDA:30,3,0,8
BRDA:30,3,1,8
BRF:7
BRH:5
end_of_record
TN:
SF:source/infrastructure/lib/layers/python-user-agent.ts
FN:27,(anonymous_6)
FN:48,(anonymous_7)
FNF:2
FNH:2
FNDA:7,(anonymous_6)
FNDA:7,(anonymous_7)
DA:16,3
DA:18,3
DA:19,3
DA:20,3
DA:21,3
DA:26,3
DA:28,7
DA:35,7
DA:36,28
DA:37,0
DA:41,7
DA:43,7
DA:49,7
DA:56,7
DA:57,7
LF:15
LH:14
BRDA:28,0,0,6
BRDA:28,0,1,1
BRDA:28,1,0,7
BRDA:28,1,1,7
BRDA:36,2,0,0
BRDA:36,3,0,28
BRDA:36,3,1,28
BRF:7
BRH:6
end_of_record
TN:
SF:source/infrastructure/lib/layers/runtime-libs.ts
FN:27,(anonymous_6)
FN:44,(anonymous_7)
FN:63,(anonymous_8)
FN:85,(anonymous_9)
FNF:4
FNH:4
FNDA:3,(anonymous_6)
FNDA:3,(anonymous_7)
FNDA:3,(anonymous_8)
FNDA:3,(anonymous_9)
DA:15,3
DA:17,3
DA:18,3
DA:19,3
DA:20,3
DA:26,3
DA:28,3
DA:30,3
DA:31,5
DA:32,0
DA:36,3
DA:38,3
DA:45,3
DA:46,3
DA:47,3
DA:62,3
DA:64,3
DA:71,3
DA:72,12
DA:73,0
DA:77,3
DA:79,3
DA:86,3
DA:92,3
DA:93,3
LF:25
LH:23
BRDA:28,0,0,3
BRDA:28,0,1,0
BRDA:28,1,0,3
BRDA:28,1,1,3
BRDA:31,2,0,0
BRDA:31,3,0,5
BRDA:31,3,1,5
BRDA:64,4,0,3
BRDA:64,4,1,0
BRDA:64,5,0,3
BRDA:64,5,1,3
BRDA:72,6,0,0
BRDA:72,7,0,12
BRDA:72,7,1,12
BRF:14
BRH:10
end_of_record
TN:
SF:source/infrastructure/lib/layers/shared-lib.ts
FN:57,(anonymous_6)
FN:75,(anonymous_7)
FNF:2
FNH:2
FNDA:3,(anonymous_6)
FNDA:3,(anonymous_7)
DA:16,2
DA:18,2
DA:19,2
DA:24,2
DA:25,2
DA:56,2
DA:58,3
DA:60,3
DA:61,9
DA:62,0
DA:66,3
DA:67,3
DA:69,3
DA:76,3
DA:82,3
DA:83,3
LF:16
LH:15
BRDA:58,0,0,3
BRDA:58,0,1,0
BRDA:58,1,0,3
BRDA:58,1,1,3
BRDA:61,2,0,0
BRDA:61,3,0,9
BRDA:61,3,1,9
BRF:7
BRH:5
end_of_record
TN:
SF:source/infrastructure/lib/layers/ts-user-agent.ts
FN:26,(anonymous_6)
FNF:1
FNH:1
FNDA:1,(anonymous_6)
DA:15,1
DA:17,1
DA:18,1
DA:19,1
DA:20,1
DA:25,1
DA:27,1
DA:29,1
DA:30,2
DA:31,0
DA:35,1
DA:37,1
LF:12
LH:11
BRDA:27,0,0,1
BRDA:27,0,1,0
BRDA:27,1,0,1
BRDA:27,1,1,1
BRDA:30,2,0,0
BRDA:30,3,0,2
BRDA:30,3,1,2
BRF:7
BRH:5
end_of_record
TN:
SF:source/infrastructure/lib/metrics/custom-dashboard.ts
FN:18,(anonymous_6)
FN:63,(anonymous_7)
FNF:2
FNH:2
FNDA:10,(anonymous_6)
FNDA:12,(anonymous_7)
DA:14,10
DA:15,10
DA:16,10
DA:18,10
DA:19,10
DA:20,10
DA:52,10
DA:64,12
DA:65,12
DA:67,12
DA:74,12
DA:77,12
LF:12
LH:12
BRDA:18,0,0,10
BRDA:18,0,1,10
BRF:2
BRH:2
end_of_record
TN:
SF:source/infrastructure/lib/metrics/deployment-platform-dashboard.ts
FN:28,(anonymous_6)
FN:32,(anonymous_7)
FNF:2
FNH:2
FNDA:5,(anonymous_6)
FNDA:5,(anonymous_7)
DA:14,10
DA:15,10
DA:17,10
DA:18,10
DA:19,10
DA:27,10
DA:29,5
DA:33,5
LF:8
LH:8
BRF:0
BRH:0
end_of_record
TN:
SF:source/infrastructure/lib/metrics/use-case-dashboard.ts
FN:26,(anonymous_6)
FN:30,(anonymous_7)
FNF:2
FNH:2
FNDA:7,(anonymous_6)
FNDA:7,(anonymous_7)
DA:14,10
DA:15,10
DA:17,10
DA:18,10
DA:25,10
DA:27,7
DA:33,7
DA:35,7
LF:8
LH:8
BRF:0
BRH:0
end_of_record
TN:
SF:source/infrastructure/lib/s3web/chat-use-case-ui-asset.ts
FN:22,(anonymous_0)
FNF:1
FNH:1
FNDA:8,(anonymous_0)
DA:16,10
DA:21,10
DA:23,8
LF:3
LH:3
BRF:0
BRH:0
end_of_record
TN:
SF:source/infrastructure/lib/s3web/deployment-platform-ui-asset.ts
FN:22,(anonymous_0)
FNF:1
FNH:1
FNDA:6,(anonymous_0)
DA:3,10
DA:21,10
DA:23,6
LF:3
LH:3
BRF:0
BRH:0
end_of_record
TN:
SF:source/infrastructure/lib/s3web/static-site.ts
FN:61,(anonymous_6)
FNF:1
FNH:1
FNDA:15,(anonymous_6)
DA:15,12
DA:16,12
DA:17,12
DA:18,12
DA:19,12
DA:20,12
DA:21,12
DA:50,12
DA:62,15
DA:64,15
DA:75,15
DA:86,15
DA:90,15
DA:100,15
DA:102,15
DA:114,15
DA:131,15
DA:135,15
DA:136,15
DA:138,15
DA:139,15
DA:144,15
DA:154,15
DA:156,15
DA:158,15
DA:160,15
DA:161,15
DA:163,15
DA:164,15
DA:208,15
DA:212,15
DA:219,15
DA:229,15
LF:33
LH:33
BRDA:131,0,0,0
BRDA:131,0,1,15
BRDA:131,1,0,15
BRDA:131,1,1,15
BRDA:139,2,0,0
BRDA:139,2,1,15
BRDA:139,3,0,15
BRDA:139,3,1,15
BRDA:139,4,0,0
BRDA:139,4,1,15
BRDA:139,5,0,15
BRDA:139,5,1,15
BRDA:160,6,0,15
BRDA:160,6,1,0
BRDA:160,7,0,15
BRDA:160,7,1,15
BRDA:161,8,0,15
BRDA:161,8,1,0
BRDA:161,9,0,15
BRDA:161,9,1,15
BRDA:161,10,0,15
BRDA:161,10,1,0
BRDA:161,11,0,15
BRDA:161,11,1,15
BRDA:163,12,0,0
BRDA:163,12,1,15
BRDA:163,13,0,15
BRDA:163,13,1,15
BRF:28
BRH:21
end_of_record
TN:
SF:source/infrastructure/lib/search/kendra-knowledge-base.ts
FN:64,(anonymous_6)
FN:132,(anonymous_7)
FN:178,(anonymous_8)
FN:204,(anonymous_9)
FNF:4
FNH:4
FNDA:10,(anonymous_6)
FNDA:10,(anonymous_7)
FNDA:10,(anonymous_8)
FNDA:10,(anonymous_9)
DA:15,7
DA:16,7
DA:17,7
DA:18,7
DA:22,7
DA:23,7
DA:33,7
DA:65,10
DA:74,10
DA:82,10
DA:92,10
DA:101,10
DA:111,7
DA:133,10
DA:134,10
DA:136,10
DA:137,10
DA:139,10
DA:142,10
DA:144,10
DA:147,10
DA:179,10
DA:194,10
DA:195,10
DA:196,10
DA:205,10
DA:209,10
DA:218,10
DA:226,10
DA:236,10
DA:246,10
DA:249,10
DA:250,10
DA:252,10
LF:34
LH:34
BRDA:181,0,0,10
BRDA:181,0,1,0
BRDA:181,1,0,10
BRDA:181,1,1,10
BRDA:182,2,0,10
BRDA:182,2,1,0
BRDA:182,3,0,10
BRDA:182,3,1,10
BRF:8
BRH:6
end_of_record
TN:
SF:source/infrastructure/lib/search/knowledge-base-setup.ts
FN:73,(anonymous_6)
FNF:1
FNH:1
FNDA:8,(anonymous_6)
DA:15,6
DA:17,6
DA:19,6
DA:62,6
DA:74,8
DA:76,8
DA:86,8
DA:90,8
LF:8
LH:8
BRF:0
BRH:0
end_of_record
TN:
SF:source/infrastructure/lib/storage/chat-storage-setup.ts
FN:40,(anonymous_0)
FNF:1
FNH:1
FNDA:7,(anonymous_0)
DA:15,6
DA:16,6
DA:28,6
DA:41,7
DA:42,7
DA:44,7
LF:6
LH:6
BRF:0
BRH:0
end_of_record
TN:
SF:source/infrastructure/lib/storage/chat-storage-stack.ts
FN:28,(anonymous_6)
FN:54,(anonymous_7)
FN:72,(anonymous_8)
FNF:3
FNH:3
FNDA:8,(anonymous_6)
FNDA:8,(anonymous_7)
FNDA:8,(anonymous_8)
DA:15,6
DA:16,6
DA:18,6
DA:20,6
DA:22,6
DA:29,8
DA:37,8
DA:48,6
DA:55,8
DA:56,8
DA:57,8
DA:59,8
DA:73,8
LF:13
LH:13
BRF:0
BRH:0
end_of_record
TN:
SF:source/infrastructure/lib/storage/deployment-platform-storage-setup.ts
FN:47,(anonymous_0)
FNF:1
FNH:1
FNDA:5,(anonymous_0)
DA:18,4
DA:19,4
DA:21,4
DA:22,4
DA:23,4
DA:35,4
DA:48,5
DA:49,5
DA:51,5
DA:56,5
DA:63,5
LF:11
LH:11
BRF:0
BRH:0
end_of_record
TN:
SF:source/infrastructure/lib/storage/deployment-platform-storage-stack.ts
FN:33,(anonymous_6)
FNF:1
FNH:1
FNDA:6,(anonymous_6)
DA:15,4
DA:16,4
DA:17,4
DA:18,4
DA:20,4
DA:22,4
DA:24,4
DA:25,4
DA:27,4
DA:34,6
DA:36,6
DA:49,6
DA:80,6
DA:87,6
DA:89,6
DA:100,6
DA:114,6
LF:17
LH:17
BRDA:101,0,0,0
BRDA:101,0,1,6
BRDA:101,1,0,6
BRDA:101,1,1,6
BRF:4
BRH:3
end_of_record
TN:
SF:source/infrastructure/lib/ui/ui-infrastructure.ts
FN:72,(anonymous_6)
FNF:1
FNH:1
FNDA:11,(anonymous_6)
DA:15,9
DA:18,9
DA:19,9
DA:20,9
DA:60,9
DA:73,11
DA:77,11
DA:79,7
DA:91,7
DA:95,7
DA:98,4
DA:110,4
DA:114,4
DA:117,0
DA:121,11
DA:122,11
LF:16
LH:15
BRDA:77,0,0,7
BRDA:77,0,1,4
BRDA:77,0,2,0
BRDA:121,1,0,11
BRF:4
BRH:3
end_of_record
TN:
SF:source/infrastructure/lib/use-case-management/management-stack.ts
FN:72,(anonymous_6)
FN:155,(anonymous_7)
FN:414,(anonymous_8)
FNF:3
FNH:3
FNDA:6,(anonymous_6)
FNDA:6,(anonymous_7)
FNDA:6,(anonymous_8)
DA:15,4
DA:18,4
DA:19,4
DA:20,4
DA:22,4
DA:24,4
DA:25,4
DA:26,4
DA:27,4
DA:46,4
DA:73,6
DA:80,6
DA:88,6
DA:96,6
DA:102,6
DA:114,4
DA:156,6
DA:157,6
DA:159,6
DA:160,6
DA:162,6
DA:163,5
DA:166,6
DA:175,6
DA:176,5
DA:179,6
DA:181,6
DA:186,6
DA:196,6
DA:227,6
DA:236,6
DA:237,6
DA:239,6
DA:310,6
DA:313,6
DA:323,6
DA:326,6
DA:341,6
DA:344,6
DA:351,6
DA:352,6
DA:353,6
DA:354,6
DA:355,6
DA:357,6
DA:367,6
DA:377,6
DA:387,6
DA:397,6
DA:404,6
DA:414,4
DA:415,6
DA:421,6
DA:427,6
DA:817,6
DA:824,6
LF:56
LH:56
BRDA:159,0,0,5
BRDA:159,0,1,1
BRDA:159,1,0,6
BRDA:159,1,1,6
BRDA:160,2,0,5
BRDA:160,2,1,1
BRDA:160,3,0,6
BRDA:160,3,1,6
BRDA:162,4,0,5
BRDA:166,5,0,5
BRDA:166,5,1,1
BRDA:175,6,0,5
BRDA:209,7,0,6
BRDA:209,7,1,5
BRDA:216,8,0,5
BRDA:216,8,1,1
BRDA:368,9,0,0
BRDA:368,9,1,6
BRDA:368,10,0,6
BRDA:368,10,1,6
BRDA:378,11,0,0
BRDA:378,11,1,6
BRDA:378,12,0,6
BRDA:378,12,1,6
BRDA:388,13,0,0
BRDA:388,13,1,6
BRDA:388,14,0,6
BRDA:388,14,1,6
BRF:28
BRH:25
end_of_record
TN:
SF:source/infrastructure/lib/use-case-management/setup.ts
FN:57,(anonymous_0)
FNF:1
FNH:1
FNDA:4,(anonymous_0)
DA:16,3
DA:17,3
DA:45,3
DA:58,4
DA:59,4
DA:61,4
LF:6
LH:6
BRF:0
BRH:0
end_of_record
TN:
SF:source/infrastructure/lib/utils/app-registry-aspects.ts
FN:85,(anonymous_6)
FN:100,(anonymous_7)
FN:137,(anonymous_8)
FN:147,(anonymous_9)
FN:155,(anonymous_10)
FN:170,(anonymous_11)
FNF:6
FNH:6
FNDA:1,(anonymous_6)
FNDA:271,(anonymous_7)
FNDA:1,(anonymous_8)
FNDA:1,(anonymous_9)
FNDA:1,(anonymous_10)
FNDA:1,(anonymous_11)
DA:15,1
DA:16,1
DA:17,1
DA:18,1
DA:19,1
DA:49,1
DA:86,1
DA:87,1
DA:88,1
DA:89,1
DA:90,1
DA:91,1
DA:92,1
DA:101,271
DA:102,4
DA:104,1
DA:105,1
DA:107,1
DA:108,1
DA:109,1
DA:110,1
DA:112,1
DA:114,3
DA:115,0
DA:118,3
DA:119,3
DA:125,3
DA:138,1
DA:148,1
DA:156,1
DA:157,0
DA:160,1
DA:161,1
DA:162,1
DA:163,1
DA:171,1
DA:172,0
DA:174,1
DA:184,1
LF:39
LH:36
BRDA:101,0,0,4
BRDA:102,1,0,1
BRDA:102,1,1,3
BRDA:104,2,0,1
BRDA:109,3,0,1
BRDA:114,4,0,0
BRDA:156,5,0,0
BRDA:171,6,0,0
BRF:8
BRH:5
end_of_record
TN:
SF:source/infrastructure/lib/utils/asset-bundling.ts
FN:50,resolvePipOptions
FN:64,(anonymous_7)
FN:78,(anonymous_8)
FN:106,(anonymous_9)
FN:129,(anonymous_10)
FN:157,(anonymous_11)
FN:170,(anonymous_12)
FN:193,(anonymous_13)
FN:206,(anonymous_14)
FN:235,(anonymous_15)
FN:248,(anonymous_16)
FN:271,(anonymous_17)
FN:280,(anonymous_18)
FN:300,(anonymous_19)
FN:305,(anonymous_20)
FN:322,getCommandsForPythonDockerBuild
FN:344,getCommandsForPythonDockerBuildWithPlatform
FN:371,getCommandsForNodejsDockerBuild
FN:394,getCommandForTypescriptDockerBuild
FN:421,getCommandForTypescriptLayerDockerBuild
FN:448,getCommandsForReactjsDockerBuild
FNF:21
FNH:20
FNDA:11,resolvePipOptions
FNDA:51,(anonymous_7)
FNDA:29,(anonymous_8)
FNDA:8,(anonymous_9)
FNDA:8,(anonymous_10)
FNDA:3,(anonymous_11)
FNDA:3,(anonymous_12)
FNDA:36,(anonymous_13)
FNDA:29,(anonymous_14)
FNDA:15,(anonymous_15)
FNDA:15,(anonymous_16)
FNDA:20,(anonymous_17)
FNDA:115,(anonymous_18)
FNDA:0,(anonymous_19)
FNDA:115,(anonymous_20)
FNDA:62,getCommandsForPythonDockerBuild
FNDA:12,getCommandsForPythonDockerBuildWithPlatform
FNDA:11,getCommandsForNodejsDockerBuild
FNDA:37,getCommandForTypescriptDockerBuild
FNDA:1,getCommandForTypescriptLayerDockerBuild
FNDA:16,getCommandsForReactjsDockerBuild
DA:15,25
DA:16,25
DA:18,25
DA:19,25
DA:20,25
DA:29,25
DA:33,25
DA:50,25
DA:51,11
DA:65,51
DA:66,51
DA:79,29
DA:111,8
DA:112,8
DA:114,8
DA:116,8
DA:130,8
DA:158,3
DA:171,3
DA:194,36
DA:207,29
DA:236,15
DA:249,15
DA:272,20
DA:273,20
DA:274,20
DA:275,20
DA:276,20
DA:277,20
DA:281,115
DA:282,113
DA:284,2
DA:294,25
DA:306,115
DA:307,20
DA:310,115
DA:322,25
DA:323,62
DA:344,25
DA:349,12
DA:371,25
DA:372,11
DA:394,25
DA:395,37
DA:421,25
DA:422,1
DA:448,25
DA:449,16
LF:48
LH:48
BRDA:52,0,0,7
BRDA:52,0,1,4
BRDA:52,1,0,11
BRDA:52,1,1,11
BRDA:52,2,0,4
BRDA:52,2,1,7
BRDA:52,3,0,11
BRDA:52,3,1,11
BRDA:53,4,0,7
BRDA:53,4,1,4
BRDA:53,5,0,11
BRDA:53,5,1,11
BRDA:53,6,0,4
BRDA:53,6,1,7
BRDA:53,7,0,11
BRDA:53,7,1,11
BRDA:54,8,0,7
BRDA:54,8,1,4
BRDA:54,9,0,11
BRDA:54,9,1,11
BRDA:54,10,0,4
BRDA:54,10,1,7
BRDA:54,11,0,11
BRDA:54,11,1,11
BRDA:55,12,0,0
BRDA:55,12,1,11
BRDA:55,13,0,11
BRDA:55,13,1,11
BRDA:55,14,0,4
BRDA:55,14,1,7
BRDA:55,15,0,11
BRDA:55,15,1,11
BRDA:56,16,0,0
BRDA:56,16,1,11
BRDA:56,17,0,11
BRDA:56,17,1,11
BRDA:56,18,0,4
BRDA:56,18,1,7
BRDA:56,19,0,11
BRDA:56,19,1,11
BRDA:67,20,0,51
BRDA:67,20,1,0
BRDA:117,21,0,8
BRDA:117,21,1,0
BRDA:159,22,0,3
BRDA:159,22,1,0
BRDA:195,23,0,36
BRDA:195,23,1,0
BRDA:237,24,0,15
BRDA:237,24,1,0
BRDA:281,25,0,113
BRDA:281,25,1,2
BRDA:306,26,0,20
BRF:53
BRH:46
end_of_record
TN:
SF:source/infrastructure/lib/utils/cfn-nag-suppressions.ts
FN:31,addCfnSuppressRules
FNF:1
FNH:1
FNDA:5,addCfnSuppressRules
DA:15,1
DA:31,1
DA:32,5
DA:33,3
DA:36,5
DA:37,2
DA:39,3
LF:7
LH:7
BRDA:32,0,0,3
BRDA:36,1,0,2
BRDA:36,1,1,3
BRDA:36,2,0,3
BRDA:36,2,1,2
BRDA:36,3,0,5
BRDA:36,3,1,5
BRDA:36,4,0,3
BRDA:36,4,1,2
BRDA:36,5,0,5
BRDA:36,5,1,5
BRDA:37,6,0,0
BRDA:37,6,1,2
BRDA:37,7,0,2
BRDA:37,7,1,2
BRF:15
BRH:14
end_of_record
TN:
SF:source/infrastructure/lib/utils/common-utils.ts
FN:60,copyFilesSyncRecursively
FN:63,(anonymous_7)
FN:89,localBundling
FN:120,getNodejsLayerLocalBundling
FN:122,(anonymous_10)
FN:138,getTSLayerLocalBundling
FN:140,(anonymous_12)
FN:163,getJavaLayerLocalBundling
FN:165,(anonymous_14)
FN:196,getResourceProperties
FN:278,generateSourceCodeMapping
FN:302,generateTemplateMapping
FN:324,createBasicLambdaCWPolicyDocument
FN:350,createDefaultLambdaRole
FNF:14
FNH:13
FNDA:4871,copyFilesSyncRecursively
FNDA:39044,(anonymous_7)
FNDA:102,localBundling
FNDA:5,getNodejsLayerLocalBundling
FNDA:4,(anonymous_10)
FNDA:1,getTSLayerLocalBundling
FNDA:1,(anonymous_12)
FNDA:1,getJavaLayerLocalBundling
FNDA:0,(anonymous_14)
FNDA:16,getResourceProperties
FNDA:20,generateSourceCodeMapping
FNDA:5,generateTemplateMapping
FNDA:82,createBasicLambdaCWPolicyDocument
FNDA:82,createDefaultLambdaRole
DA:16,25
DA:17,25
DA:20,25
DA:21,25
DA:22,25
DA:25,25
DA:26,25
DA:60,25
DA:61,4871
DA:63,4869
DA:64,39044
DA:65,39044
DA:67,39044
DA:69,39044
DA:70,4778
DA:71,4769
DA:72,4769
DA:75,34266
DA:89,25
DA:90,102
DA:91,102
DA:92,102
DA:93,102
DA:95,102
DA:96,24
DA:101,102
DA:102,102
DA:104,102
DA:106,2
DA:107,2
DA:109,100
DA:120,25
DA:121,5
DA:123,4
DA:124,4
DA:125,4
DA:138,25
DA:139,1
DA:141,1
DA:149,1
DA:150,1
DA:163,25
DA:164,1
DA:166,0
DA:179,0
DA:180,0
DA:196,25
DA:205,16
DA:206,14
DA:221,14
DA:229,2
DA:239,2
DA:245,16
DA:246,2
DA:247,14
DA:248,14
DA:251,16
DA:262,16
DA:263,2
DA:264,14
DA:265,14
DA:268,16
DA:278,25
DA:283,20
DA:302,25
DA:307,5
DA:324,25
DA:325,82
DA:350,25
DA:351,82
DA:358,82
DA:365,82
DA:375,82
LF:73
LH:70
BRDA:69,0,0,4778
BRDA:69,0,1,34266
BRDA:69,1,0,39044
BRDA:69,1,1,39044
BRDA:70,2,0,4769
BRDA:95,3,0,24
BRDA:205,4,0,14
BRDA:205,4,1,2
BRDA:245,5,0,2
BRDA:245,5,1,14
BRDA:247,6,0,14
BRDA:262,7,0,2
BRDA:262,7,1,14
BRDA:264,8,0,14
BRF:14
BRH:14
end_of_record
TN:
SF:source/infrastructure/lib/utils/constants.ts
FN:39,(anonymous_6)
FN:48,(anonymous_7)
FN:86,(anonymous_8)
FN:95,(anonymous_9)
FN:99,(anonymous_10)
FN:103,(anonymous_11)
FN:254,(anonymous_12)
FNF:7
FNH:7
FNDA:33,(anonymous_6)
FNDA:33,(anonymous_7)
FNDA:33,(anonymous_8)
FNDA:33,(anonymous_9)
FNDA:33,(anonymous_10)
FNDA:33,(anonymous_11)
FNDA:33,(anonymous_12)
DA:15,33
DA:17,33
DA:20,33
DA:22,33
DA:23,33
DA:25,33
DA:26,33
DA:27,33
DA:28,33
DA:29,33
DA:30,33
DA:31,33
DA:32,33
DA:33,33
DA:35,33
DA:36,33
DA:37,33
DA:39,33
DA:40,33
DA:41,33
DA:42,33
DA:43,33
DA:44,33
DA:45,33
DA:48,33
DA:49,33
DA:50,33
DA:51,33
DA:52,33
DA:53,33
DA:54,33
DA:55,33
DA:56,33
DA:57,33
DA:58,33
DA:59,33
DA:60,33
DA:61,33
DA:62,33
DA:63,33
DA:64,33
DA:65,33
DA:66,33
DA:67,33
DA:68,33
DA:69,33
DA:70,33
DA:71,33
DA:72,33
DA:73,33
DA:74,33
DA:75,33
DA:76,33
DA:77,33
DA:80,33
DA:86,33
DA:87,33
DA:88,33
DA:89,33
DA:90,33
DA:93,33
DA:95,33
DA:96,33
DA:99,33
DA:100,33
DA:103,33
DA:104,33
DA:105,33
DA:106,33
DA:107,33
DA:108,33
DA:109,33
DA:110,33
DA:111,33
DA:120,33
DA:128,33
DA:137,33
DA:138,33
DA:139,33
DA:141,33
DA:149,33
DA:153,33
DA:154,33
DA:165,33
DA:166,33
DA:167,33
DA:168,33
DA:170,33
DA:181,33
DA:199,33
DA:200,33
DA:201,33
DA:202,33
DA:214,33
DA:215,33
DA:217,33
DA:218,33
DA:221,33
DA:222,33
DA:223,33
DA:224,33
DA:225,33
DA:226,33
DA:227,33
DA:228,33
DA:229,33
DA:230,33
DA:231,33
DA:232,33
DA:233,33
DA:234,33
DA:235,33
DA:236,33
DA:237,33
DA:238,33
DA:239,33
DA:240,33
DA:241,33
DA:244,33
DA:245,33
DA:246,33
DA:247,33
DA:248,33
DA:249,33
DA:250,33
DA:251,33
DA:252,33
DA:254,33
DA:255,33
DA:256,33
DA:260,33
DA:261,33
DA:262,33
DA:265,33
DA:267,33
DA:335,33
LF:136
LH:136
BRDA:39,0,0,33
BRDA:39,0,1,33
BRDA:48,1,0,33
BRDA:48,1,1,33
BRDA:86,2,0,33
BRDA:86,2,1,33
BRDA:95,3,0,33
BRDA:95,3,1,33
BRDA:99,4,0,33
BRDA:99,4,1,33
BRDA:103,5,0,33
BRDA:103,5,1,33
BRDA:254,6,0,33
BRDA:254,6,1,33
BRF:14
BRH:14
end_of_record
TN:
SF:source/infrastructure/lib/utils/custom-infra-setup.ts
FN:52,(anonymous_6)
FNF:1
FNH:1
FNDA:21,(anonymous_6)
DA:14,13
DA:15,13
DA:16,13
DA:17,13
DA:18,13
DA:19,13
DA:20,13
DA:21,13
DA:22,13
DA:23,13
DA:47,13
DA:53,21
DA:55,21
DA:56,21
DA:58,21
DA:77,21
DA:99,21
DA:108,21
DA:110,21
DA:114,21
DA:117,21
DA:120,21
DA:121,21
DA:123,21
DA:129,3
DA:135,21
DA:141,21
DA:148,21
DA:155,21
DA:162,21
LF:30
LH:30
BRDA:94,0,0,21
BRDA:94,0,1,6
BRDA:123,1,0,3
BRF:3
BRH:3
end_of_record
TN:
SF:source/infrastructure/lib/utils/lambda-aspect.ts
FN:52,(anonymous_6)
FN:65,(anonymous_7)
FN:86,(anonymous_8)
FN:139,(anonymous_9)
FN:190,(anonymous_10)
FN:202,(anonymous_11)
FN:223,(anonymous_12)
FN:244,(anonymous_13)
FN:265,(anonymous_14)
FN:286,(anonymous_15)
FN:308,(anonymous_16)
FN:329,(anonymous_17)
FN:353,(anonymous_18)
FN:368,(anonymous_19)
FN:384,(anonymous_20)
FNF:15
FNH:14
FNDA:4,(anonymous_6)
FNDA:32,(anonymous_7)
FNDA:4,(anonymous_8)
FNDA:2,(anonymous_9)
FNDA:1,(anonymous_10)
FNDA:1,(anonymous_11)
FNDA:2,(anonymous_12)
FNDA:1,(anonymous_13)
FNDA:1,(anonymous_14)
FNDA:1,(anonymous_15)
FNDA:1,(anonymous_16)
FNDA:0,(anonymous_17)
FNDA:7,(anonymous_18)
FNDA:2,(anonymous_19)
FNDA:7,(anonymous_20)
DA:15,1
DA:16,1
DA:17,1
DA:18,1
DA:19,1
DA:20,1
DA:21,1
DA:22,1
DA:23,1
DA:24,1
DA:40,1
DA:53,4
DA:54,4
DA:55,4
DA:56,4
DA:57,4
DA:58,4
DA:59,4
DA:60,4
DA:61,4
DA:62,4
DA:66,32
DA:67,32
DA:69,32
DA:70,4
DA:71,4
DA:72,1
DA:73,3
DA:74,2
DA:76,1
DA:87,4
DA:88,4
DA:91,4
DA:92,4
DA:94,4
DA:95,4
DA:115,4
DA:117,4
DA:126,4
DA:140,2
DA:141,2
DA:145,2
DA:152,2
DA:153,1
DA:154,1
DA:155,1
DA:156,2
DA:158,0
DA:159,0
DA:162,1
DA:163,1
DA:166,1
DA:167,1
DA:170,0
DA:171,0
DA:174,0
DA:179,1
DA:191,1
DA:192,1
DA:196,1
DA:203,1
DA:204,1
DA:205,1
DA:215,1
DA:224,2
DA:225,2
DA:226,2
DA:236,2
DA:245,1
DA:246,1
DA:247,1
DA:257,1
DA:266,1
DA:267,1
DA:268,1
DA:278,1
DA:287,1
DA:288,1
DA:289,1
DA:300,1
DA:309,1
DA:310,1
DA:311,1
DA:322,1
DA:330,0
DA:331,0
DA:332,0
DA:343,0
DA:355,7
DA:356,0
DA:358,7
DA:360,7
DA:370,2
DA:371,2
DA:372,1
DA:375,1
DA:385,7
DA:389,7
DA:393,1
LF:99
LH:89
BRDA:69,0,0,4
BRDA:71,1,0,1
BRDA:71,1,1,3
BRDA:73,2,0,2
BRDA:73,2,1,1
BRDA:87,3,0,4
BRDA:94,4,0,4
BRDA:152,5,0,1
BRDA:152,5,1,1
BRDA:156,6,0,0
BRDA:156,6,1,1
BRDA:156,6,2,1
BRDA:156,6,3,0
BRDA:156,6,4,0
BRDA:204,7,0,1
BRDA:225,8,0,2
BRDA:246,9,0,1
BRDA:267,10,0,1
BRDA:288,11,0,1
BRDA:310,12,0,1
BRDA:331,13,0,0
BRDA:355,14,0,0
BRDA:355,14,1,7
BRDA:371,15,0,1
BRDA:371,16,0,2
BRDA:371,16,1,1
BRDA:385,17,0,0
BRDA:385,17,1,7
BRF:28
BRH:22
end_of_record
TN:
SF:source/infrastructure/lib/utils/lambda-runtimes.ts
FN:33,(anonymous_6)
FN:44,(anonymous_7)
FN:63,(anonymous_8)
FN:89,(anonymous_9)
FN:107,(anonymous_10)
FNF:5
FNH:5
FNDA:8,(anonymous_6)
FNDA:2,(anonymous_7)
FNDA:2,(anonymous_8)
FNDA:4,(anonymous_9)
FNDA:5,(anonymous_10)
DA:16,3
DA:17,3
DA:18,3
DA:30,3
DA:34,8
DA:43,3
DA:46,2
DA:47,1
DA:49,1
DA:55,2
DA:62,3
DA:65,2
DA:66,1
DA:68,1
DA:75,2
DA:83,3
DA:90,4
DA:91,4
DA:95,4
DA:108,5
DA:110,5
DA:111,0
DA:114,5
LF:23
LH:22
BRDA:46,0,0,1
BRDA:46,0,1,1
BRDA:65,1,0,1
BRDA:65,1,1,1
BRDA:110,2,0,0
BRF:5
BRH:4
end_of_record
TN:
SF:source/infrastructure/lib/utils/solution-helper.ts
FN:51,(anonymous_6)
FNF:1
FNH:1
FNDA:12,(anonymous_6)
DA:15,11
DA:17,11
DA:50,11
DA:52,12
DA:54,12
DA:65,12
LF:6
LH:6
BRDA:61,0,0,12
BRDA:61,0,1,10
BRF:2
BRH:2
end_of_record
