TN:
SF:source/lambda/use-case-management/command.ts
FN:26,(anonymous_1)
FN:50,(anonymous_2)
FN:69,(anonymous_3)
FN:112,(anonymous_4)
FN:159,(anonymous_5)
FN:168,(anonymous_6)
FN:206,(anonymous_7)
FN:214,(anonymous_8)
FN:248,(anonymous_9)
FN:257,(anonymous_10)
FN:270,(anonymous_11)
FN:292,(anonymous_12)
FN:359,(anonymous_13)
FN:366,(anonymous_14)
FN:392,(anonymous_15)
FN:299,(anonymous_16)
FNF:16
FNH:16
FNDA:2,(anonymous_1)
FNDA:12,(anonymous_2)
FNDA:6,(anonymous_3)
FNDA:5,(anonymous_4)
FNDA:6,(anonymous_5)
FNDA:5,(anonymous_6)
FNDA:5,(anonymous_7)
FNDA:4,(anonymous_8)
FNDA:3,(anonymous_9)
FNDA:2,(anonymous_10)
FNDA:3,(anonymous_11)
FNDA:6,(anonymous_12)
FNDA:4,(anonymous_13)
FNDA:4,(anonymous_14)
FNDA:9,(anonymous_15)
FNDA:6,(anonymous_16)
DA:14,2
DA:15,2
DA:16,2
DA:17,2
DA:18,2
DA:19,2
DA:22,2
DA:23,2
DA:24,2
DA:26,2
DA:27,2
DA:28,2
DA:44,2
DA:51,12
DA:52,12
DA:53,12
DA:54,12
DA:67,2
DA:69,2
DA:71,6
DA:72,6
DA:73,3
DA:76,3
DA:77,3
DA:80,3
DA:81,3
DA:83,0
DA:84,0
DA:87,3
DA:88,3
DA:90,0
DA:91,0
DA:94,3
DA:95,2
DA:96,2
DA:98,0
DA:99,0
DA:103,3
DA:110,2
DA:112,2
DA:114,5
DA:115,5
DA:116,2
DA:117,2
DA:118,2
DA:121,3
DA:123,2
DA:124,2
DA:126,0
DA:127,0
DA:129,2
DA:130,2
DA:132,0
DA:133,0
DA:135,2
DA:136,1
DA:137,1
DA:139,0
DA:140,0
DA:144,2
DA:153,2
DA:161,6
DA:162,6
DA:163,6
DA:164,6
DA:168,2
DA:169,5
DA:171,5
DA:172,2
DA:173,2
DA:176,3
DA:178,2
DA:179,2
DA:181,0
DA:182,0
DA:184,2
DA:185,1
DA:186,1
DA:188,0
DA:189,0
DA:192,2
DA:199,2
DA:207,5
DA:208,5
DA:209,5
DA:210,5
DA:214,2
DA:217,4
DA:218,4
DA:219,4
DA:221,0
DA:222,0
DA:225,4
DA:226,4
DA:229,2
DA:230,1
DA:233,1
DA:237,3
DA:238,3
DA:239,3
DA:241,3
DA:242,2
DA:245,3
DA:249,3
DA:250,3
DA:252,0
DA:253,0
DA:258,2
DA:259,2
DA:261,0
DA:262,0
DA:264,0
DA:265,0
DA:271,3
DA:272,3
DA:274,0
DA:275,0
DA:277,0
DA:278,0
DA:287,2
DA:293,6
DA:294,6
DA:295,6
DA:299,2
DA:300,6
DA:302,6
DA:307,6
DA:308,6
DA:309,5
DA:310,5
DA:312,1
DA:313,1
DA:316,5
DA:317,5
DA:318,9
DA:319,9
DA:323,8
DA:324,2
DA:328,6
DA:329,6
DA:333,2
DA:336,6
DA:337,4
DA:345,4
DA:347,1
DA:348,1
DA:359,6
DA:364,4
DA:365,4
DA:366,4
DA:367,4
DA:374,4
DA:379,4
DA:380,4
DA:382,0
DA:383,0
DA:392,6
DA:393,9
DA:394,9
DA:395,0
DA:397,9
DA:402,9
LF:162
LH:131
BRDA:26,0,0,2
BRDA:26,0,1,2
BRDA:94,1,0,2
BRDA:135,2,0,1
BRDA:184,3,0,1
BRDA:229,4,0,1
BRDA:229,4,1,1
BRDA:241,5,0,2
BRDA:261,6,0,0
BRDA:261,6,1,0
BRDA:274,7,0,0
BRDA:274,7,1,0
BRDA:394,8,0,0
BRDA:323,9,0,2
BRDA:323,9,1,6
BRDA:336,10,0,4
BRF:16
BRH:11
end_of_record
TN:
SF:source/lambda/use-case-management/index.ts
FN:41,(anonymous_1)
FN:89,(anonymous_2)
FNF:2
FNH:2
FNDA:3,(anonymous_1)
FNDA:2,(anonymous_2)
DA:14,1
DA:15,1
DA:16,1
DA:17,1
DA:19,1
DA:28,1
DA:29,1
DA:30,1
DA:31,1
DA:32,1
DA:34,1
DA:35,1
DA:36,1
DA:37,1
DA:38,1
DA:39,1
DA:41,1
DA:42,3
DA:47,2
DA:48,1
DA:49,1
DA:50,1
DA:51,0
DA:52,0
DA:53,0
DA:54,0
DA:55,0
DA:57,0
DA:60,0
DA:61,0
DA:64,2
DA:65,2
DA:66,0
DA:67,0
DA:69,2
DA:70,2
DA:74,2
DA:75,0
DA:77,2
DA:79,0
DA:80,0
DA:81,0
DA:82,0
DA:89,1
DA:90,2
DA:91,1
DA:92,1
DA:93,0
DA:95,1
DA:98,1
LF:50
LH:34
BRDA:47,0,0,1
BRDA:47,0,1,1
BRDA:47,1,0,2
BRDA:47,1,1,2
BRDA:49,2,0,1
BRDA:49,2,1,0
BRDA:49,3,0,1
BRDA:49,3,1,1
BRDA:51,4,0,0
BRDA:51,4,1,0
BRDA:51,5,0,0
BRDA:51,5,1,0
BRDA:53,6,0,0
BRDA:53,6,1,0
BRDA:53,7,0,0
BRDA:53,7,1,0
BRDA:54,8,0,0
BRDA:54,8,1,0
BRDA:54,9,0,0
BRDA:54,9,1,0
BRDA:54,10,0,0
BRDA:54,10,1,0
BRDA:65,11,0,0
BRDA:74,12,0,0
BRDA:90,13,0,1
BRDA:90,13,1,1
BRDA:92,14,0,0
BRDA:92,15,0,1
BRDA:92,15,1,1
BRF:29
BRH:11
end_of_record
TN:
SF:source/lambda/use-case-management/power-tools-init.ts
FNF:0
FNH:0
DA:14,12
DA:15,12
DA:16,12
DA:17,12
DA:19,12
DA:21,12
DA:22,12
DA:23,12
LF:8
LH:8
BRF:0
BRH:0
end_of_record
TN:
SF:source/lambda/use-case-management/cfn/stack-management.ts
FN:61,(anonymous_1)
FN:74,(anonymous_2)
FN:100,(anonymous_3)
FN:124,(anonymous_4)
FN:145,(anonymous_5)
FN:173,(anonymous_6)
FN:174,(anonymous_7)
FN:175,(anonymous_8)
FN:178,(anonymous_9)
FN:179,(anonymous_10)
FNF:10
FNH:10
FNDA:30,(anonymous_1)
FNDA:6,(anonymous_2)
FNDA:2,(anonymous_3)
FNDA:6,(anonymous_4)
FNDA:10,(anonymous_5)
FNDA:9,(anonymous_6)
FNDA:45,(anonymous_7)
FNDA:61,(anonymous_8)
FNDA:36,(anonymous_9)
FNDA:63,(anonymous_10)
DA:14,3
DA:15,3
DA:27,3
DA:28,3
DA:31,3
DA:32,3
DA:37,3
DA:38,3
DA:56,3
DA:62,30
DA:63,30
DA:64,30
DA:65,30
DA:74,3
DA:75,6
DA:76,6
DA:79,6
DA:80,6
DA:81,5
DA:82,5
DA:84,3
DA:85,3
DA:86,3
DA:88,6
DA:91,3
DA:100,3
DA:101,2
DA:102,2
DA:104,2
DA:105,2
DA:106,2
DA:107,2
DA:109,0
DA:110,0
DA:111,0
DA:113,2
DA:115,2
DA:124,3
DA:125,6
DA:126,6
DA:128,6
DA:129,6
DA:130,4
DA:131,4
DA:133,2
DA:134,2
DA:135,2
DA:137,6
DA:145,3
DA:146,10
DA:147,10
DA:150,10
DA:151,10
DA:152,9
DA:155,9
DA:156,0
DA:158,9
DA:160,1
DA:161,1
DA:162,1
DA:165,10
DA:173,3
DA:174,9
DA:175,61
DA:178,9
DA:179,63
DA:182,9
LF:67
LH:63
BRDA:155,0,0,0
BRDA:175,1,0,32
BRDA:175,1,1,13
BRDA:175,2,0,45
BRDA:175,2,1,45
BRDA:175,3,0,0
BRDA:175,3,1,45
BRDA:175,4,0,45
BRDA:175,4,1,45
BRDA:179,5,0,18
BRDA:179,5,1,18
BRDA:179,6,0,36
BRDA:179,6,1,36
BRDA:179,7,0,0
BRDA:179,7,1,36
BRDA:179,8,0,36
BRDA:179,8,1,36
BRF:17
BRH:14
end_of_record
TN:
SF:source/lambda/use-case-management/cfn/stack-operation-builder.ts
FN:36,(anonymous_1)
FN:56,(anonymous_2)
FN:85,(anonymous_3)
FN:111,(anonymous_4)
FN:122,(anonymous_5)
FN:124,(anonymous_6)
FN:134,(anonymous_7)
FNF:7
FNH:7
FNDA:21,(anonymous_1)
FNDA:9,(anonymous_2)
FNDA:4,(anonymous_3)
FNDA:8,(anonymous_4)
FNDA:13,(anonymous_5)
FNDA:56,(anonymous_6)
FNDA:13,(anonymous_7)
DA:22,4
DA:23,4
DA:33,4
DA:37,21
DA:54,4
DA:56,4
DA:57,9
DA:59,9
DA:83,4
DA:85,4
DA:86,4
DA:109,4
DA:111,4
DA:112,8
DA:122,4
DA:123,13
DA:124,13
DA:125,56
DA:131,13
DA:134,4
DA:135,13
DA:136,0
DA:138,13
LF:23
LH:22
BRDA:135,0,0,0
BRDA:135,0,1,13
BRF:2
BRH:1
end_of_record
TN:
SF:source/lambda/use-case-management/cfn/stack-view-builder.ts
FN:24,(anonymous_1)
FN:42,(anonymous_2)
FNF:2
FNH:2
FNDA:12,(anonymous_1)
FNDA:12,(anonymous_2)
DA:16,5
DA:21,5
DA:25,12
DA:40,5
DA:42,5
DA:43,12
LF:6
LH:6
BRF:0
BRH:0
end_of_record
TN:
SF:source/lambda/use-case-management/ddb/storage-management.ts
FN:47,(anonymous_1)
FN:57,(anonymous_2)
FN:75,(anonymous_3)
FN:92,(anonymous_4)
FN:109,(anonymous_5)
FN:126,(anonymous_6)
FN:143,(anonymous_7)
FN:151,(anonymous_8)
FNF:8
FNH:8
FNDA:30,(anonymous_1)
FNDA:3,(anonymous_2)
FNDA:2,(anonymous_3)
FNDA:2,(anonymous_4)
FNDA:3,(anonymous_5)
FNDA:14,(anonymous_6)
FNDA:7,(anonymous_7)
FNDA:11,(anonymous_8)
DA:14,3
DA:22,3
DA:23,3
DA:26,3
DA:27,3
DA:34,3
DA:44,3
DA:48,30
DA:57,3
DA:58,3
DA:59,3
DA:60,3
DA:62,0
DA:63,0
DA:64,0
DA:75,3
DA:76,2
DA:77,2
DA:78,2
DA:80,0
DA:81,0
DA:82,0
DA:92,3
DA:93,2
DA:94,2
DA:95,2
DA:97,0
DA:98,0
DA:99,0
DA:109,3
DA:110,3
DA:111,3
DA:112,3
DA:114,0
DA:115,0
DA:116,0
DA:126,3
DA:127,14
DA:128,14
DA:129,14
DA:130,14
DA:131,14
DA:133,6
DA:134,6
DA:135,6
DA:143,3
DA:144,7
DA:145,7
DA:146,7
DA:147,7
DA:149,6
DA:151,6
DA:152,11
DA:155,6
DA:156,6
DA:161,1
DA:162,1
DA:163,1
LF:58
LH:46
BRDA:151,0,0,0
BRDA:151,0,1,6
BRDA:151,1,0,6
BRDA:151,1,1,6
BRF:4
BRH:3
end_of_record
TN:
SF:source/lambda/use-case-management/ddb/storage-operation-builder.ts
FN:29,(anonymous_1)
FN:49,(anonymous_2)
FN:77,(anonymous_3)
FN:110,(anonymous_4)
FN:144,(anonymous_5)
FN:165,(anonymous_6)
FNF:6
FNH:6
FNDA:30,(anonymous_1)
FNDA:4,(anonymous_2)
FNDA:3,(anonymous_3)
FNDA:4,(anonymous_4)
FNDA:5,(anonymous_5)
FNDA:14,(anonymous_6)
DA:22,4
DA:23,4
DA:25,4
DA:30,30
DA:43,4
DA:49,4
DA:50,4
DA:51,4
DA:71,4
DA:77,4
DA:78,3
DA:79,3
DA:104,4
DA:110,4
DA:111,4
DA:112,4
DA:113,4
DA:114,4
DA:137,4
DA:144,4
DA:145,5
DA:146,5
DA:158,4
DA:165,4
DA:166,14
DA:167,14
LF:26
LH:26
BRDA:57,0,0,4
BRDA:57,0,1,3
BRDA:92,1,0,3
BRDA:92,1,1,0
BRDA:92,2,0,3
BRDA:92,2,1,3
BRF:6
BRH:5
end_of_record
TN:
SF:source/lambda/use-case-management/ddb/storage-view-builder.ts
FN:21,(anonymous_1)
FN:35,(anonymous_2)
FN:44,(anonymous_3)
FNF:3
FNH:2
FNDA:0,(anonymous_1)
FNDA:8,(anonymous_2)
FNDA:8,(anonymous_3)
DA:16,4
DA:17,4
DA:19,4
DA:22,0
DA:32,4
DA:36,8
DA:44,4
DA:45,8
DA:46,8
LF:9
LH:8
BRF:0
BRH:0
end_of_record
TN:
SF:source/lambda/use-case-management/exception/missing-value-error.ts
FN:15,(anonymous_0)
FNF:1
FNH:0
FNDA:0,(anonymous_0)
DA:14,9
DA:16,0
LF:2
LH:1
BRF:0
BRH:0
end_of_record
TN:
SF:source/lambda/use-case-management/model/list-use-cases.ts
FN:52,(anonymous_0)
FNF:1
FNH:1
FNDA:5,(anonymous_0)
DA:49,5
DA:53,5
LF:2
LH:2
BRF:0
BRH:0
end_of_record
TN:
SF:source/lambda/use-case-management/model/use-case.ts
FN:89,(anonymous_6)
FN:112,(anonymous_7)
FN:116,(anonymous_8)
FN:120,(anonymous_9)
FN:124,(anonymous_10)
FN:137,(anonymous_11)
FN:153,(anonymous_12)
FN:166,(anonymous_13)
FN:193,(anonymous_14)
FN:263,(anonymous_15)
FN:273,(anonymous_16)
FN:298,(anonymous_17)
FN:311,(anonymous_18)
FNF:13
FNH:13
FNDA:62,(anonymous_6)
FNDA:16,(anonymous_7)
FNDA:24,(anonymous_8)
FNDA:31,(anonymous_9)
FNDA:13,(anonymous_10)
FNDA:7,(anonymous_11)
FNDA:10,(anonymous_12)
FNDA:4,(anonymous_13)
FNDA:4,(anonymous_14)
FNDA:28,(anonymous_15)
FNDA:4,(anonymous_16)
FNDA:8,(anonymous_17)
FNDA:3,(anonymous_18)
DA:15,9
DA:16,9
DA:17,9
DA:18,9
DA:32,9
DA:100,62
DA:101,62
DA:102,62
DA:103,62
DA:104,62
DA:105,62
DA:106,62
DA:107,62
DA:108,62
DA:109,62
DA:113,16
DA:117,24
DA:121,31
DA:125,13
DA:126,2
DA:129,13
DA:138,7
DA:150,7
DA:154,10
DA:165,9
DA:167,4
DA:169,4
DA:170,4
DA:171,4
DA:172,4
DA:174,4
DA:175,0
DA:176,0
DA:177,0
DA:180,4
DA:194,4
DA:195,4
DA:196,4
DA:198,4
DA:203,4
DA:208,4
DA:213,4
DA:218,4
DA:224,4
DA:226,4
DA:235,4
DA:239,4
DA:240,4
DA:241,4
DA:244,4
DA:245,3
DA:249,4
DA:253,2
DA:254,1
DA:256,1
DA:260,4
DA:268,28
DA:269,10
DA:274,4
DA:299,8
DA:310,9
DA:312,3
DA:313,3
DA:315,3
LF:64
LH:61
BRDA:121,0,0,0
BRDA:121,0,1,31
BRDA:121,1,0,31
BRDA:121,1,1,31
BRDA:125,2,0,2
BRDA:169,3,0,1
BRDA:169,3,1,3
BRDA:169,4,0,4
BRDA:169,4,1,4
BRDA:169,5,0,3
BRDA:169,5,1,1
BRDA:169,6,0,4
BRDA:169,6,1,4
BRDA:174,7,0,0
BRDA:182,8,0,0
BRDA:182,8,1,4
BRDA:182,9,0,4
BRDA:182,9,1,4
BRDA:183,10,0,0
BRDA:183,10,1,4
BRDA:183,11,0,4
BRDA:183,11,1,4
BRDA:201,12,0,0
BRDA:201,12,1,4
BRDA:201,13,0,4
BRDA:201,13,1,4
BRDA:206,14,0,0
BRDA:206,14,1,4
BRDA:206,15,0,4
BRDA:206,15,1,4
BRDA:211,16,0,0
BRDA:211,16,1,4
BRDA:211,17,0,4
BRDA:211,17,1,4
BRDA:216,18,0,0
BRDA:216,18,1,4
BRDA:216,19,0,4
BRDA:216,19,1,4
BRDA:221,20,0,0
BRDA:221,20,1,4
BRDA:221,21,0,4
BRDA:221,21,1,4
BRDA:224,22,0,0
BRDA:224,22,1,4
BRDA:224,23,0,4
BRDA:224,23,1,4
BRDA:244,24,0,3
BRDA:244,25,0,0
BRDA:244,25,1,4
BRDA:244,26,0,4
BRDA:244,26,1,4
BRDA:249,27,0,2
BRDA:250,28,0,4
BRDA:250,28,1,3
BRDA:253,29,0,1
BRDA:253,29,1,1
BRDA:268,30,0,10
BRDA:280,31,0,0
BRDA:280,31,1,4
BRDA:280,32,0,4
BRDA:280,32,1,4
BRDA:281,33,0,0
BRDA:281,33,1,4
BRDA:281,34,0,4
BRDA:281,34,1,4
BRF:65
BRH:52
end_of_record
TN:
SF:source/lambda/use-case-management/secretsmanager/api-key-secret-operation-builder.ts
FN:28,(anonymous_1)
FN:48,(anonymous_2)
FN:68,(anonymous_3)
FN:87,(anonymous_4)
FNF:4
FNH:4
FNDA:15,(anonymous_1)
FNDA:5,(anonymous_2)
FNDA:4,(anonymous_3)
FNDA:6,(anonymous_4)
DA:21,4
DA:22,4
DA:24,4
DA:29,15
DA:42,4
DA:48,4
DA:49,5
DA:50,5
DA:62,4
DA:68,4
DA:69,4
DA:70,4
DA:80,4
DA:87,4
DA:88,6
DA:89,6
LF:16
LH:16
BRF:0
BRH:0
end_of_record
TN:
SF:source/lambda/use-case-management/secretsmanager/secret-management.ts
FN:35,(anonymous_1)
FN:46,(anonymous_2)
FN:64,(anonymous_3)
FN:81,(anonymous_4)
FNF:4
FNH:4
FNDA:24,(anonymous_1)
FNDA:4,(anonymous_2)
FNDA:3,(anonymous_3)
FNDA:5,(anonymous_4)
DA:14,3
DA:20,3
DA:22,3
DA:23,3
DA:32,3
DA:36,24
DA:46,3
DA:47,4
DA:48,4
DA:49,4
DA:51,1
DA:52,1
DA:53,1
DA:64,3
DA:65,3
DA:66,3
DA:67,3
DA:69,1
DA:70,1
DA:71,1
DA:81,3
DA:82,5
DA:83,5
DA:84,5
DA:86,1
DA:87,1
DA:88,1
LF:27
LH:27
BRF:0
BRH:0
end_of_record
TN:
SF:source/lambda/use-case-management/ssm/config-management.ts
FN:33,(anonymous_1)
FN:43,(anonymous_2)
FN:60,(anonymous_3)
FN:106,(anonymous_4)
FN:122,(anonymous_5)
FN:137,(anonymous_6)
FN:148,(anonymous_7)
FNF:7
FNH:6
FNDA:30,(anonymous_1)
FNDA:5,(anonymous_2)
FNDA:7,(anonymous_3)
FNDA:6,(anonymous_4)
FNDA:5,(anonymous_5)
FNDA:0,(anonymous_6)
FNDA:7,(anonymous_7)
DA:14,3
DA:15,3
DA:17,3
DA:18,3
DA:24,3
DA:25,3
DA:30,3
DA:34,30
DA:43,3
DA:44,5
DA:45,5
DA:46,5
DA:48,1
DA:49,1
DA:50,1
DA:60,3
DA:62,7
DA:63,7
DA:64,7
DA:65,7
DA:66,7
DA:67,7
DA:68,6
DA:70,1
DA:71,1
DA:72,1
DA:77,6
DA:78,6
DA:79,6
DA:80,6
DA:82,1
DA:83,1
DA:84,1
DA:88,5
DA:89,5
DA:90,5
DA:92,0
DA:93,0
DA:94,0
DA:107,6
DA:109,6
DA:110,6
DA:111,6
DA:113,6
DA:122,3
DA:123,5
DA:124,5
DA:125,5
DA:127,1
DA:128,1
DA:129,1
DA:137,3
DA:138,0
DA:139,0
DA:140,0
DA:142,0
DA:143,0
DA:144,0
DA:149,7
DA:150,7
DA:151,7
DA:152,5
DA:154,2
DA:155,2
DA:156,2
LF:65
LH:56
BRDA:110,0,0,6
BRF:1
BRH:1
end_of_record
TN:
SF:source/lambda/use-case-management/ssm/use-case-config-operation-builder.ts
FN:28,(anonymous_1)
FN:48,(anonymous_2)
FN:66,(anonymous_3)
FN:89,(anonymous_4)
FNF:4
FNH:4
FNDA:32,(anonymous_1)
FNDA:8,(anonymous_2)
FNDA:12,(anonymous_3)
FNDA:11,(anonymous_4)
DA:14,5
DA:22,5
DA:24,5
DA:29,32
DA:42,5
DA:48,5
DA:49,8
DA:50,8
DA:60,5
DA:66,5
DA:67,12
DA:68,12
DA:82,5
DA:89,5
DA:90,11
DA:91,11
LF:16
LH:16
BRF:0
BRH:0
end_of_record
TN:
SF:source/lambda/use-case-management/ssm/use-case-config-view-builder.ts
FN:21,(anonymous_1)
FN:35,(anonymous_2)
FN:40,(anonymous_3)
FNF:3
FNH:3
FNDA:8,(anonymous_1)
FNDA:8,(anonymous_2)
FNDA:8,(anonymous_3)
DA:16,4
DA:18,4
DA:22,8
DA:32,4
DA:36,8
DA:40,4
DA:41,8
DA:42,8
LF:8
LH:8
BRF:0
BRH:0
end_of_record
TN:
SF:source/lambda/use-case-management/ssm/web-config-builder.ts
FN:28,(anonymous_1)
FNF:1
FNH:1
FNDA:1,(anonymous_1)
DA:15,1
DA:16,1
DA:17,1
DA:22,1
DA:28,1
DA:29,1
DA:30,1
LF:7
LH:7
BRF:0
BRH:0
end_of_record
TN:
SF:source/lambda/use-case-management/utils/check-env.ts
FN:18,(anonymous_0)
FNF:1
FNH:1
FNDA:3,(anonymous_0)
DA:15,1
DA:16,1
DA:18,1
DA:19,3
DA:20,3
DA:21,30
DA:22,1
DA:25,3
DA:26,1
DA:29,1
DA:30,1
LF:11
LH:11
BRDA:21,0,0,1
BRDA:25,1,0,1
BRF:2
BRH:2
end_of_record
TN:
SF:source/lambda/use-case-management/utils/constants.ts
FN:50,(anonymous_0)
FN:59,(anonymous_1)
FNF:2
FNH:2
FNDA:12,(anonymous_0)
FNDA:12,(anonymous_1)
DA:15,12
DA:16,12
DA:17,12
DA:18,12
DA:19,12
DA:20,12
DA:21,12
DA:22,12
DA:23,12
DA:24,12
DA:25,12
DA:26,12
DA:27,12
DA:29,12
DA:42,12
DA:44,12
DA:46,12
DA:47,12
DA:48,12
DA:50,12
DA:51,12
DA:52,12
DA:53,12
DA:54,12
DA:55,12
DA:56,12
DA:59,12
DA:60,12
DA:61,12
DA:62,12
DA:63,12
DA:64,12
DA:65,12
DA:66,12
DA:67,12
DA:68,12
DA:69,12
DA:70,12
DA:71,12
DA:72,12
DA:73,12
DA:74,12
DA:75,12
DA:76,12
DA:77,12
DA:78,12
DA:79,12
DA:80,12
DA:81,12
DA:82,12
DA:83,12
DA:84,12
DA:85,12
DA:86,12
DA:87,12
DA:88,12
DA:96,12
LF:57
LH:57
BRDA:50,0,0,12
BRDA:50,0,1,12
BRDA:59,1,0,12
BRDA:59,1,1,12
BRF:4
BRH:4
end_of_record
TN:
SF:source/lambda/use-case-management/utils/http-response-formatters.ts
FN:23,(anonymous_0)
FN:54,(anonymous_1)
FNF:2
FNH:2
FNDA:4,(anonymous_0)
FNDA:2,(anonymous_1)
DA:23,2
DA:27,4
DA:34,4
DA:35,4
DA:36,4
DA:42,4
DA:54,2
DA:63,2
DA:69,2
LF:9
LH:9
BRDA:25,0,0,3
BRDA:34,1,0,0
BRDA:34,1,1,4
BRDA:35,2,0,2
BRDA:35,2,1,2
BRDA:70,3,0,1
BRDA:70,3,1,1
BRDA:70,4,0,2
BRDA:70,4,1,2
BRF:9
BRH:8
end_of_record
